[ 2017-10-11T10:09:12+08:00 ] ::1 /
INFO: [ app_init ] --START--
INFO: Run Behavior\BuildLiteBehavior [ RunTime:0.000000s ]
INFO: [ app_init ] --END-- [ RunTime:0.015600s ]
INFO: [ app_begin ] --START--
INFO: Run Behavior\ReadHtmlCacheBehavior [ RunTime:0.000000s ]
INFO: [ app_begin ] --END-- [ RunTime:0.000000s ]
NOTIC: [8] Undefined variable: checklogin E:\work\my\zhifu\pay\Index\Controller\BaseController.class.php 第 43 行.
INFO: [ view_parse ] --START--
INFO: [ template_filter ] --START--
INFO: Run Behavior\ContentReplaceBehavior [ RunTime:0.000000s ]
INFO: [ template_filter ] --END-- [ RunTime:0.000000s ]
INFO: Run Behavior\ParseTemplateBehavior [ RunTime:0.078000s ]
INFO: [ view_parse ] --END-- [ RunTime:0.078000s ]
INFO: [ view_filter ] --START--
INFO: Run Behavior\WriteHtmlCacheBehavior [ RunTime:0.000000s ]
INFO: [ view_filter ] --END-- [ RunTime:0.000000s ]
INFO: [ app_end ] --START--
INFO: Run Behavior\ShowPageTraceBehavior [ RunTime:0.015600s ]
INFO: [ app_end ] --END-- [ RunTime:0.015600s ]

[ 2017-10-11T22:15:43+08:00 ] ::1 /pay/jsapi?style=wechat&id=6&ddh=20171001507731331156716&t=1507731331%22
INFO: [ app_init ] --START--
INFO: Run Behavior\BuildLiteBehavior [ RunTime:0.000000s ]
INFO: [ app_init ] --END-- [ RunTime:0.010000s ]
INFO: [ app_begin ] --START--
INFO: Run Behavior\ReadHtmlCacheBehavior [ RunTime:0.000000s ]
INFO: [ app_begin ] --END-- [ RunTime:0.000000s ]
NOTIC: [8] Undefined variable: checklogin E:\work\my\zhifu\pay\Index\Controller\BaseController.class.php 第 43 行.
NOTIC: [8] Undefined offset: 2 E:\work\my\zhifu\pay\Common\Controller\DefaultController.class.php 第 186 行.
NOTIC: [8] Undefined offset: 3 E:\work\my\zhifu\pay\Common\Controller\DefaultController.class.php 第 186 行.
NOTIC: [8] Undefined offset: 4 E:\work\my\zhifu\pay\Common\Controller\DefaultController.class.php 第 186 行.
ERR: 模板不存在:../pay/Index/View/Public/msg.html

[ 2017-10-11T22:26:55+08:00 ] ::1 /
INFO: [ app_init ] --START--
INFO: Run Behavior\BuildLiteBehavior [ RunTime:0.000000s ]
INFO: [ app_init ] --END-- [ RunTime:0.010000s ]
INFO: [ app_begin ] --START--
INFO: Run Behavior\ReadHtmlCacheBehavior [ RunTime:0.000000s ]
INFO: [ app_begin ] --END-- [ RunTime:0.000000s ]
NOTIC: [8] Undefined variable: checklogin E:\work\my\zhifu\pay\Index\Controller\BaseController.class.php 第 43 行.
INFO: [ view_parse ] --START--
INFO: [ template_filter ] --START--
INFO: Run Behavior\ContentReplaceBehavior [ RunTime:0.000000s ]
INFO: [ template_filter ] --END-- [ RunTime:0.000000s ]
INFO: Run Behavior\ParseTemplateBehavior [ RunTime:0.030000s ]
INFO: [ view_parse ] --END-- [ RunTime:0.030000s ]
INFO: [ view_filter ] --START--
INFO: Run Behavior\WriteHtmlCacheBehavior [ RunTime:0.000000s ]
INFO: [ view_filter ] --END-- [ RunTime:0.000000s ]
INFO: [ app_end ] --START--
INFO: Run Behavior\ShowPageTraceBehavior [ RunTime:0.000000s ]
INFO: [ app_end ] --END-- [ RunTime:0.000000s ]

[ 2017-10-11T22:26:58+08:00 ] ::1 /Test/index.html
INFO: [ app_init ] --START--
INFO: Run Behavior\BuildLiteBehavior [ RunTime:0.000000s ]
INFO: [ app_init ] --END-- [ RunTime:0.001000s ]
INFO: [ app_begin ] --START--
INFO: Run Behavior\ReadHtmlCacheBehavior [ RunTime:0.002000s ]
INFO: [ app_begin ] --END-- [ RunTime:0.002000s ]
NOTIC: [8] Undefined variable: checklogin E:\work\my\zhifu\pay\Index\Controller\BaseController.class.php 第 43 行.
NOTIC: [8] Undefined index: bzjurlid E:\work\my\zhifu\pay\Index\Controller\TestController.class.php 第 21 行.
INFO: [ view_parse ] --START--
INFO: [ template_filter ] --START--
INFO: Run Behavior\ContentReplaceBehavior [ RunTime:0.000000s ]
INFO: [ template_filter ] --END-- [ RunTime:0.000000s ]
INFO: Run Behavior\ParseTemplateBehavior [ RunTime:0.037002s ]
INFO: [ view_parse ] --END-- [ RunTime:0.038002s ]
INFO: [ view_filter ] --START--
INFO: Run Behavior\WriteHtmlCacheBehavior [ RunTime:0.001000s ]
INFO: [ view_filter ] --END-- [ RunTime:0.001000s ]

[ 2017-10-11T22:27:08+08:00 ] ::1 /Pay
INFO: [ app_init ] --START--
INFO: Run Behavior\BuildLiteBehavior [ RunTime:0.000000s ]
INFO: [ app_init ] --END-- [ RunTime:0.010000s ]
INFO: [ app_begin ] --START--
INFO: Run Behavior\ReadHtmlCacheBehavior [ RunTime:0.000000s ]
INFO: [ app_begin ] --END-- [ RunTime:0.000000s ]
NOTIC: [8] Undefined variable: checklogin E:\work\my\zhifu\pay\Index\Controller\BaseController.class.php 第 43 行.
NOTIC: [8] Undefined index: fxaction E:\work\my\zhifu\pay\Index\Controller\PayController.class.php 第 9 行.

[ 2017-10-11T22:27:08+08:00 ] ::1 /Test/index.html
INFO: [ app_init ] --START--
INFO: Run Behavior\BuildLiteBehavior [ RunTime:0.000000s ]
INFO: [ app_init ] --END-- [ RunTime:0.010000s ]
INFO: [ app_begin ] --START--
INFO: Run Behavior\ReadHtmlCacheBehavior [ RunTime:0.000000s ]
INFO: [ app_begin ] --END-- [ RunTime:0.000000s ]
NOTIC: [8] Undefined variable: checklogin E:\work\my\zhifu\pay\Index\Controller\BaseController.class.php 第 43 行.
NOTIC: [8] Undefined index: bzjurlid E:\work\my\zhifu\pay\Index\Controller\TestController.class.php 第 21 行.
NOTIC: [8] A session had already been started - ignoring session_start() E:\work\my\zhifu\pay\Index\Controller\TestController.class.php 第 47 行.
NOTIC: [8] Undefined offset: 2 E:\work\my\zhifu\pay\Common\Controller\DefaultController.class.php 第 196 行.
NOTIC: [8] Undefined offset: 4 E:\work\my\zhifu\pay\Common\Controller\DefaultController.class.php 第 196 行.

[ 2017-10-11T22:32:37+08:00 ] ::1 /Test/index.html
INFO: [ app_init ] --START--
INFO: Run Behavior\BuildLiteBehavior [ RunTime:0.000000s ]
INFO: [ app_init ] --END-- [ RunTime:0.000000s ]
INFO: [ app_begin ] --START--
INFO: Run Behavior\ReadHtmlCacheBehavior [ RunTime:0.000000s ]
INFO: [ app_begin ] --END-- [ RunTime:0.000000s ]
NOTIC: [8] Undefined variable: checklogin E:\work\my\zhifu\pay\Index\Controller\BaseController.class.php 第 43 行.
NOTIC: [8] Undefined index: bzjurlid E:\work\my\zhifu\pay\Index\Controller\TestController.class.php 第 21 行.
INFO: [ view_parse ] --START--
INFO: [ template_filter ] --START--
INFO: Run Behavior\ContentReplaceBehavior [ RunTime:0.000000s ]
INFO: [ template_filter ] --END-- [ RunTime:0.000000s ]
INFO: Run Behavior\ParseTemplateBehavior [ RunTime:0.070000s ]
INFO: [ view_parse ] --END-- [ RunTime:0.070000s ]
INFO: [ view_filter ] --START--
INFO: Run Behavior\WriteHtmlCacheBehavior [ RunTime:0.000000s ]
INFO: [ view_filter ] --END-- [ RunTime:0.000000s ]

[ 2017-10-11T22:32:46+08:00 ] ::1 /Pay
INFO: [ app_init ] --START--
INFO: Run Behavior\BuildLiteBehavior [ RunTime:0.000000s ]
INFO: [ app_init ] --END-- [ RunTime:0.000000s ]
INFO: [ app_begin ] --START--
INFO: Run Behavior\ReadHtmlCacheBehavior [ RunTime:0.000000s ]
INFO: [ app_begin ] --END-- [ RunTime:0.000000s ]
NOTIC: [8] Undefined variable: checklogin E:\work\my\zhifu\pay\Index\Controller\BaseController.class.php 第 43 行.
NOTIC: [8] Undefined index: fxaction E:\work\my\zhifu\pay\Index\Controller\PayController.class.php 第 9 行.

[ 2017-10-11T22:32:46+08:00 ] ::1 /Test/index.html
INFO: [ app_init ] --START--
INFO: Run Behavior\BuildLiteBehavior [ RunTime:0.000000s ]
INFO: [ app_init ] --END-- [ RunTime:0.000000s ]
INFO: [ app_begin ] --START--
INFO: Run Behavior\ReadHtmlCacheBehavior [ RunTime:0.000000s ]
INFO: [ app_begin ] --END-- [ RunTime:0.000000s ]
NOTIC: [8] Undefined variable: checklogin E:\work\my\zhifu\pay\Index\Controller\BaseController.class.php 第 43 行.
NOTIC: [8] Undefined index: bzjurlid E:\work\my\zhifu\pay\Index\Controller\TestController.class.php 第 21 行.
NOTIC: [8] A session had already been started - ignoring session_start() E:\work\my\zhifu\pay\Index\Controller\TestController.class.php 第 47 行.
NOTIC: [8] Undefined offset: 2 E:\work\my\zhifu\pay\Common\Controller\DefaultController.class.php 第 186 行.
NOTIC: [8] Undefined offset: 3 E:\work\my\zhifu\pay\Common\Controller\DefaultController.class.php 第 186 行.
NOTIC: [8] Undefined offset: 4 E:\work\my\zhifu\pay\Common\Controller\DefaultController.class.php 第 186 行.
INFO: [ app_end ] --START--
INFO: Run Behavior\ShowPageTraceBehavior [ RunTime:0.010000s ]
INFO: [ app_end ] --END-- [ RunTime:0.010000s ]

[ 2017-10-11T22:33:03+08:00 ] ::1 /Pay
INFO: [ app_init ] --START--
INFO: Run Behavior\BuildLiteBehavior [ RunTime:0.000000s ]
INFO: [ app_init ] --END-- [ RunTime:0.010000s ]
INFO: [ app_begin ] --START--
INFO: Run Behavior\ReadHtmlCacheBehavior [ RunTime:0.000000s ]
INFO: [ app_begin ] --END-- [ RunTime:0.000000s ]
NOTIC: [8] Undefined variable: checklogin E:\work\my\zhifu\pay\Index\Controller\BaseController.class.php 第 43 行.
NOTIC: [8] Undefined index: fxaction E:\work\my\zhifu\pay\Index\Controller\PayController.class.php 第 9 行.

[ 2017-10-11T22:33:03+08:00 ] ::1 /Test/index.html
INFO: [ app_init ] --START--
INFO: Run Behavior\BuildLiteBehavior [ RunTime:0.000000s ]
INFO: [ app_init ] --END-- [ RunTime:0.000000s ]
INFO: [ app_begin ] --START--
INFO: Run Behavior\ReadHtmlCacheBehavior [ RunTime:0.000000s ]
INFO: [ app_begin ] --END-- [ RunTime:0.000000s ]
NOTIC: [8] Undefined variable: checklogin E:\work\my\zhifu\pay\Index\Controller\BaseController.class.php 第 43 行.
NOTIC: [8] Undefined index: bzjurlid E:\work\my\zhifu\pay\Index\Controller\TestController.class.php 第 21 行.
NOTIC: [8] A session had already been started - ignoring session_start() E:\work\my\zhifu\pay\Index\Controller\TestController.class.php 第 47 行.
NOTIC: [8] Undefined offset: 2 E:\work\my\zhifu\pay\Common\Controller\DefaultController.class.php 第 186 行.
NOTIC: [8] Undefined offset: 3 E:\work\my\zhifu\pay\Common\Controller\DefaultController.class.php 第 186 行.
NOTIC: [8] Undefined offset: 4 E:\work\my\zhifu\pay\Common\Controller\DefaultController.class.php 第 186 行.
INFO: [ app_end ] --START--
INFO: Run Behavior\ShowPageTraceBehavior [ RunTime:0.000000s ]
INFO: [ app_end ] --END-- [ RunTime:0.000000s ]

[ 2017-10-11T22:33:09+08:00 ] ::1 /Pay
INFO: [ app_init ] --START--
INFO: Run Behavior\BuildLiteBehavior [ RunTime:0.000000s ]
INFO: [ app_init ] --END-- [ RunTime:0.000000s ]
INFO: [ app_begin ] --START--
INFO: Run Behavior\ReadHtmlCacheBehavior [ RunTime:0.000000s ]
INFO: [ app_begin ] --END-- [ RunTime:0.000000s ]
NOTIC: [8] Undefined variable: checklogin E:\work\my\zhifu\pay\Index\Controller\BaseController.class.php 第 43 行.
NOTIC: [8] Undefined index: fxaction E:\work\my\zhifu\pay\Index\Controller\PayController.class.php 第 9 行.

[ 2017-10-11T22:33:09+08:00 ] ::1 /Test/index.html
INFO: [ app_init ] --START--
INFO: Run Behavior\BuildLiteBehavior [ RunTime:0.000000s ]
INFO: [ app_init ] --END-- [ RunTime:0.000000s ]
INFO: [ app_begin ] --START--
INFO: Run Behavior\ReadHtmlCacheBehavior [ RunTime:0.000000s ]
INFO: [ app_begin ] --END-- [ RunTime:0.000000s ]
NOTIC: [8] Undefined variable: checklogin E:\work\my\zhifu\pay\Index\Controller\BaseController.class.php 第 43 行.
NOTIC: [8] Undefined index: bzjurlid E:\work\my\zhifu\pay\Index\Controller\TestController.class.php 第 21 行.
NOTIC: [8] A session had already been started - ignoring session_start() E:\work\my\zhifu\pay\Index\Controller\TestController.class.php 第 47 行.
NOTIC: [8] Undefined offset: 2 E:\work\my\zhifu\pay\Common\Controller\DefaultController.class.php 第 186 行.
NOTIC: [8] Undefined offset: 3 E:\work\my\zhifu\pay\Common\Controller\DefaultController.class.php 第 186 行.
NOTIC: [8] Undefined offset: 4 E:\work\my\zhifu\pay\Common\Controller\DefaultController.class.php 第 186 行.
INFO: [ app_end ] --START--
INFO: Run Behavior\ShowPageTraceBehavior [ RunTime:0.000000s ]
INFO: [ app_end ] --END-- [ RunTime:0.000000s ]

[ 2017-10-11T22:33:17+08:00 ] ::1 /Pay
INFO: [ app_init ] --START--
INFO: Run Behavior\BuildLiteBehavior [ RunTime:0.000000s ]
INFO: [ app_init ] --END-- [ RunTime:0.000000s ]
INFO: [ app_begin ] --START--
INFO: Run Behavior\ReadHtmlCacheBehavior [ RunTime:0.010000s ]
INFO: [ app_begin ] --END-- [ RunTime:0.010000s ]
NOTIC: [8] Undefined variable: checklogin E:\work\my\zhifu\pay\Index\Controller\BaseController.class.php 第 43 行.
NOTIC: [8] Undefined index: fxaction E:\work\my\zhifu\pay\Index\Controller\PayController.class.php 第 9 行.

[ 2017-10-11T22:33:17+08:00 ] ::1 /Test/index.html
INFO: [ app_init ] --START--
INFO: Run Behavior\BuildLiteBehavior [ RunTime:0.000000s ]
INFO: [ app_init ] --END-- [ RunTime:0.000000s ]
INFO: [ app_begin ] --START--
INFO: Run Behavior\ReadHtmlCacheBehavior [ RunTime:0.000000s ]
INFO: [ app_begin ] --END-- [ RunTime:0.000000s ]
NOTIC: [8] Undefined variable: checklogin E:\work\my\zhifu\pay\Index\Controller\BaseController.class.php 第 43 行.
NOTIC: [8] Undefined index: bzjurlid E:\work\my\zhifu\pay\Index\Controller\TestController.class.php 第 21 行.
NOTIC: [8] A session had already been started - ignoring session_start() E:\work\my\zhifu\pay\Index\Controller\TestController.class.php 第 47 行.
NOTIC: [8] Undefined offset: 2 E:\work\my\zhifu\pay\Common\Controller\DefaultController.class.php 第 196 行.
NOTIC: [8] Undefined offset: 4 E:\work\my\zhifu\pay\Common\Controller\DefaultController.class.php 第 196 行.

[ 2017-10-11T22:33:32+08:00 ] ::1 /Test/index.html
INFO: [ app_init ] --START--
INFO: Run Behavior\BuildLiteBehavior [ RunTime:0.000000s ]
INFO: [ app_init ] --END-- [ RunTime:0.000000s ]
INFO: [ app_begin ] --START--
INFO: Run Behavior\ReadHtmlCacheBehavior [ RunTime:0.000000s ]
INFO: [ app_begin ] --END-- [ RunTime:0.000000s ]
NOTIC: [8] Undefined variable: checklogin E:\work\my\zhifu\pay\Index\Controller\BaseController.class.php 第 43 行.
NOTIC: [8] Undefined index: bzjurlid E:\work\my\zhifu\pay\Index\Controller\TestController.class.php 第 21 行.
INFO: [ view_parse ] --START--
INFO: [ template_filter ] --START--
INFO: Run Behavior\ContentReplaceBehavior [ RunTime:0.000000s ]
INFO: [ template_filter ] --END-- [ RunTime:0.000000s ]
INFO: Run Behavior\ParseTemplateBehavior [ RunTime:0.060000s ]
INFO: [ view_parse ] --END-- [ RunTime:0.060000s ]
INFO: [ view_filter ] --START--
INFO: Run Behavior\WriteHtmlCacheBehavior [ RunTime:0.000000s ]
INFO: [ view_filter ] --END-- [ RunTime:0.000000s ]

[ 2017-10-11T22:36:56+08:00 ] ::1 /Pay
INFO: [ app_init ] --START--
INFO: Run Behavior\BuildLiteBehavior [ RunTime:0.000000s ]
INFO: [ app_init ] --END-- [ RunTime:0.000000s ]
INFO: [ app_begin ] --START--
INFO: Run Behavior\ReadHtmlCacheBehavior [ RunTime:0.010000s ]
INFO: [ app_begin ] --END-- [ RunTime:0.010000s ]
NOTIC: [8] Undefined variable: checklogin E:\work\my\zhifu\pay\Index\Controller\BaseController.class.php 第 43 行.
NOTIC: [8] Undefined index: fxaction E:\work\my\zhifu\pay\Index\Controller\PayController.class.php 第 9 行.

[ 2017-10-11T22:36:56+08:00 ] ::1 /Test/index.html
INFO: [ app_init ] --START--
INFO: Run Behavior\BuildLiteBehavior [ RunTime:0.000000s ]
INFO: [ app_init ] --END-- [ RunTime:0.000000s ]
INFO: [ app_begin ] --START--
INFO: Run Behavior\ReadHtmlCacheBehavior [ RunTime:0.010000s ]
INFO: [ app_begin ] --END-- [ RunTime:0.010000s ]
NOTIC: [8] Undefined variable: checklogin E:\work\my\zhifu\pay\Index\Controller\BaseController.class.php 第 43 行.
NOTIC: [8] Undefined index: bzjurlid E:\work\my\zhifu\pay\Index\Controller\TestController.class.php 第 21 行.
NOTIC: [8] A session had already been started - ignoring session_start() E:\work\my\zhifu\pay\Index\Controller\TestController.class.php 第 47 行.
NOTIC: [8] Undefined offset: 2 E:\work\my\zhifu\pay\Common\Controller\DefaultController.class.php 第 196 行.
NOTIC: [8] Undefined offset: 4 E:\work\my\zhifu\pay\Common\Controller\DefaultController.class.php 第 196 行.

