[ 2017-10-02T20:54:18+08:00 ] ::1 /
INFO: [ app_init ] --START--
INFO: Run Behavior\BuildLiteBehavior [ RunTime:0.000000s ]
INFO: [ app_init ] --END-- [ RunTime:0.000000s ]
INFO: [ app_begin ] --START--
INFO: Run Behavior\ReadHtmlCacheBehavior [ RunTime:0.000000s ]
INFO: [ app_begin ] --END-- [ RunTime:0.000000s ]
NOTIC: [8] Undefined variable: checklogin E:\work\my\zhifu\pay\Index\Controller\BaseController.class.php 第 43 行.
INFO: [ view_parse ] --START--
INFO: [ template_filter ] --START--
INFO: Run Behavior\ContentReplaceBehavior [ RunTime:0.000000s ]
INFO: [ template_filter ] --END-- [ RunTime:0.000000s ]
INFO: Run Behavior\ParseTemplateBehavior [ RunTime:0.031201s ]
INFO: [ view_parse ] --END-- [ RunTime:0.031201s ]
INFO: [ view_filter ] --START--
INFO: Run Behavior\WriteHtmlCacheBehavior [ RunTime:0.000000s ]
INFO: [ view_filter ] --END-- [ RunTime:0.000000s ]
INFO: [ app_end ] --START--
INFO: Run Behavior\ShowPageTraceBehavior [ RunTime:0.000000s ]
INFO: [ app_end ] --END-- [ RunTime:0.000000s ]

[ 2017-10-02T20:54:26+08:00 ] ::1 /Index/Index/login.html
INFO: [ app_init ] --START--
INFO: Run Behavior\BuildLiteBehavior [ RunTime:0.000000s ]
INFO: [ app_init ] --END-- [ RunTime:0.000000s ]
INFO: [ app_begin ] --START--
INFO: Run Behavior\ReadHtmlCacheBehavior [ RunTime:0.000000s ]
INFO: [ app_begin ] --END-- [ RunTime:0.000000s ]
NOTIC: [8] Undefined variable: checklogin E:\work\my\zhifu\pay\Index\Controller\BaseController.class.php 第 43 行.
NOTIC: [8] Undefined offset: 4 E:\work\my\zhifu\pay\Common\Controller\DefaultController.class.php 第 196 行.

[ 2017-10-02T20:54:29+08:00 ] ::1 /Index/Home/index.html
INFO: [ app_init ] --START--
INFO: Run Behavior\BuildLiteBehavior [ RunTime:0.000000s ]
INFO: [ app_init ] --END-- [ RunTime:0.000000s ]
INFO: [ app_begin ] --START--
INFO: Run Behavior\ReadHtmlCacheBehavior [ RunTime:0.000000s ]
INFO: [ app_begin ] --END-- [ RunTime:0.000000s ]
NOTIC: [8] Undefined offset: 0 E:\work\my\zhifu\pay\Common\Logic\BaseLogic.class.php 第 78 行.
NOTIC: [8] Undefined offset: 0 E:\work\my\zhifu\pay\Common\Logic\BaseLogic.class.php 第 78 行.
NOTIC: [8] Undefined index: Status E:\work\my\zhifu\pay\Common\Logic\UserLogic.class.php 第 265 行.
ERR: 1054:Unknown column 'id' in 'field list'
 [ SQL语句 ] : SELECT COUNT(id) AS tp_count FROM `fx_dingdan` WHERE ( status=2 and userid=2017100 and addtime>=1506873600 ) LIMIT 1  
ERR: 1054:Unknown column 'id' in 'field list'
 [ SQL语句 ] : SELECT COUNT(id) AS tp_count FROM `fx_dingdan` WHERE ( status=2 and userid=2017100 and (addtime between 1506787200 and 1506873600) ) LIMIT 1  
NOTIC: [8] Undefined offset: 2 E:\work\my\zhifu\pay\Common\Controller\DefaultController.class.php 第 192 行.
INFO: [ view_parse ] --START--
INFO: [ template_filter ] --START--
INFO: Run Behavior\ContentReplaceBehavior [ RunTime:0.000000s ]
INFO: [ template_filter ] --END-- [ RunTime:0.000000s ]
INFO: Run Behavior\ParseTemplateBehavior [ RunTime:0.031200s ]
INFO: [ view_parse ] --END-- [ RunTime:0.031200s ]
INFO: [ view_filter ] --START--
INFO: Run Behavior\WriteHtmlCacheBehavior [ RunTime:0.000000s ]
INFO: [ view_filter ] --END-- [ RunTime:0.000000s ]
INFO: [ view_parse ] --START--
INFO: [ template_filter ] --START--
INFO: Run Behavior\ContentReplaceBehavior [ RunTime:0.000000s ]
INFO: [ template_filter ] --END-- [ RunTime:0.000000s ]
INFO: Run Behavior\ParseTemplateBehavior [ RunTime:0.000000s ]
INFO: [ view_parse ] --END-- [ RunTime:0.000000s ]
INFO: [ view_filter ] --START--
INFO: Run Behavior\WriteHtmlCacheBehavior [ RunTime:0.000000s ]
INFO: [ view_filter ] --END-- [ RunTime:0.000000s ]
INFO: [ app_end ] --START--
INFO: Run Behavior\ShowPageTraceBehavior [ RunTime:0.015600s ]
INFO: [ app_end ] --END-- [ RunTime:0.015600s ]

[ 2017-10-02T20:56:55+08:00 ] ::1 /Index/Home/txjl.html
INFO: [ app_init ] --START--
INFO: Run Behavior\BuildLiteBehavior [ RunTime:0.000000s ]
INFO: [ app_init ] --END-- [ RunTime:0.000000s ]
INFO: [ app_begin ] --START--
INFO: Run Behavior\ReadHtmlCacheBehavior [ RunTime:0.000000s ]
INFO: [ app_begin ] --END-- [ RunTime:0.000000s ]
NOTIC: [8] Undefined offset: 0 E:\work\my\zhifu\pay\Common\Logic\BaseLogic.class.php 第 78 行.
NOTIC: [8] Undefined offset: 0 E:\work\my\zhifu\pay\Common\Logic\BaseLogic.class.php 第 78 行.
NOTIC: [8] Undefined index: Status E:\work\my\zhifu\pay\Common\Logic\UserLogic.class.php 第 265 行.
NOTIC: [8] Undefined index: status E:\work\my\zhifu\pay\Common\Logic\HomeLogic.class.php 第 601 行.
NOTIC: [8] Undefined index: start E:\work\my\zhifu\pay\Common\Logic\HomeLogic.class.php 第 606 行.
NOTIC: [8] Undefined index: end E:\work\my\zhifu\pay\Common\Logic\HomeLogic.class.php 第 610 行.
NOTIC: [8] Undefined index: p E:\work\my\zhifu\pay\Common\Logic\HomeLogic.class.php 第 630 行.
NOTIC: [8] Undefined index: phone E:\work\my\zhifu\pay\Common\Tool\ThisPage.class.php 第 63 行.
NOTIC: [8] Undefined offset: 2 E:\work\my\zhifu\pay\Common\Controller\DefaultController.class.php 第 192 行.
INFO: [ view_parse ] --START--
INFO: [ template_filter ] --START--
INFO: Run Behavior\ContentReplaceBehavior [ RunTime:0.000000s ]
INFO: [ template_filter ] --END-- [ RunTime:0.000000s ]
NOTIC: [8] Undefined index: status E:\work\my\zhifu\pay\Runtime\Cache\Index\b623c489339f212980afa4939f3a6d53.php 第 259 行.
NOTIC: [8] Undefined index: status E:\work\my\zhifu\pay\Runtime\Cache\Index\b623c489339f212980afa4939f3a6d53.php 第 260 行.
NOTIC: [8] Undefined index: status E:\work\my\zhifu\pay\Runtime\Cache\Index\b623c489339f212980afa4939f3a6d53.php 第 261 行.
NOTIC: [8] Undefined index: start E:\work\my\zhifu\pay\Runtime\Cache\Index\b623c489339f212980afa4939f3a6d53.php 第 270 行.
NOTIC: [8] Undefined index: end E:\work\my\zhifu\pay\Runtime\Cache\Index\b623c489339f212980afa4939f3a6d53.php 第 277 行.
INFO: Run Behavior\ParseTemplateBehavior [ RunTime:0.031200s ]
INFO: [ view_parse ] --END-- [ RunTime:0.031200s ]
INFO: [ view_filter ] --START--
INFO: Run Behavior\WriteHtmlCacheBehavior [ RunTime:0.000000s ]
INFO: [ view_filter ] --END-- [ RunTime:0.000000s ]
INFO: [ view_parse ] --START--
INFO: [ template_filter ] --START--
INFO: Run Behavior\ContentReplaceBehavior [ RunTime:0.000000s ]
INFO: [ template_filter ] --END-- [ RunTime:-0.031200s ]
NOTIC: [8] Undefined index: status E:\work\my\zhifu\pay\Runtime\Cache\Index\b623c489339f212980afa4939f3a6d53.php 第 259 行.
NOTIC: [8] Undefined index: status E:\work\my\zhifu\pay\Runtime\Cache\Index\b623c489339f212980afa4939f3a6d53.php 第 260 行.
NOTIC: [8] Undefined index: status E:\work\my\zhifu\pay\Runtime\Cache\Index\b623c489339f212980afa4939f3a6d53.php 第 261 行.
NOTIC: [8] Undefined index: start E:\work\my\zhifu\pay\Runtime\Cache\Index\b623c489339f212980afa4939f3a6d53.php 第 270 行.
NOTIC: [8] Undefined index: end E:\work\my\zhifu\pay\Runtime\Cache\Index\b623c489339f212980afa4939f3a6d53.php 第 277 行.
INFO: Run Behavior\ParseTemplateBehavior [ RunTime:0.015600s ]
INFO: [ view_parse ] --END-- [ RunTime:0.000000s ]
INFO: [ view_filter ] --START--
INFO: Run Behavior\WriteHtmlCacheBehavior [ RunTime:0.000000s ]
INFO: [ view_filter ] --END-- [ RunTime:-0.015600s ]
INFO: [ app_end ] --START--
INFO: Run Behavior\ShowPageTraceBehavior [ RunTime:0.000000s ]
INFO: [ app_end ] --END-- [ RunTime:0.000000s ]

[ 2017-10-02T21:08:23+08:00 ] ::1 /Index/Home/txjl.html
INFO: [ app_init ] --START--
INFO: Run Behavior\BuildLiteBehavior [ RunTime:0.000000s ]
INFO: [ app_init ] --END-- [ RunTime:0.000000s ]
INFO: [ app_begin ] --START--
INFO: Run Behavior\ReadHtmlCacheBehavior [ RunTime:0.015600s ]
INFO: [ app_begin ] --END-- [ RunTime:0.015600s ]
NOTIC: [8] Undefined offset: 0 E:\work\my\zhifu\pay\Common\Logic\BaseLogic.class.php 第 78 行.
NOTIC: [8] Undefined offset: 0 E:\work\my\zhifu\pay\Common\Logic\BaseLogic.class.php 第 78 行.
NOTIC: [8] Undefined index: Status E:\work\my\zhifu\pay\Common\Logic\UserLogic.class.php 第 265 行.
NOTIC: [8] Undefined index: status E:\work\my\zhifu\pay\Common\Logic\HomeLogic.class.php 第 601 行.
NOTIC: [8] Undefined index: start E:\work\my\zhifu\pay\Common\Logic\HomeLogic.class.php 第 606 行.
NOTIC: [8] Undefined index: end E:\work\my\zhifu\pay\Common\Logic\HomeLogic.class.php 第 610 行.
NOTIC: [8] Undefined index: p E:\work\my\zhifu\pay\Common\Logic\HomeLogic.class.php 第 630 行.
NOTIC: [8] Undefined index: phone E:\work\my\zhifu\pay\Common\Tool\ThisPage.class.php 第 63 行.
NOTIC: [8] Undefined offset: 2 E:\work\my\zhifu\pay\Common\Controller\DefaultController.class.php 第 192 行.
INFO: [ view_parse ] --START--
INFO: [ template_filter ] --START--
INFO: Run Behavior\ContentReplaceBehavior [ RunTime:0.000000s ]
INFO: [ template_filter ] --END-- [ RunTime:0.000000s ]
NOTIC: [8] Undefined index: status E:\work\my\zhifu\pay\Runtime\Cache\Index\b623c489339f212980afa4939f3a6d53.php 第 259 行.
NOTIC: [8] Undefined index: status E:\work\my\zhifu\pay\Runtime\Cache\Index\b623c489339f212980afa4939f3a6d53.php 第 260 行.
NOTIC: [8] Undefined index: status E:\work\my\zhifu\pay\Runtime\Cache\Index\b623c489339f212980afa4939f3a6d53.php 第 261 行.
NOTIC: [8] Undefined index: start E:\work\my\zhifu\pay\Runtime\Cache\Index\b623c489339f212980afa4939f3a6d53.php 第 270 行.
NOTIC: [8] Undefined index: end E:\work\my\zhifu\pay\Runtime\Cache\Index\b623c489339f212980afa4939f3a6d53.php 第 277 行.
INFO: Run Behavior\ParseTemplateBehavior [ RunTime:0.078000s ]
INFO: [ view_parse ] --END-- [ RunTime:0.078000s ]
INFO: [ view_filter ] --START--
INFO: Run Behavior\WriteHtmlCacheBehavior [ RunTime:0.000000s ]
INFO: [ view_filter ] --END-- [ RunTime:0.000000s ]
INFO: [ view_parse ] --START--
INFO: [ template_filter ] --START--
INFO: Run Behavior\ContentReplaceBehavior [ RunTime:0.000000s ]
INFO: [ template_filter ] --END-- [ RunTime:-0.031200s ]
NOTIC: [8] Undefined index: status E:\work\my\zhifu\pay\Runtime\Cache\Index\b623c489339f212980afa4939f3a6d53.php 第 259 行.
NOTIC: [8] Undefined index: status E:\work\my\zhifu\pay\Runtime\Cache\Index\b623c489339f212980afa4939f3a6d53.php 第 260 行.
NOTIC: [8] Undefined index: status E:\work\my\zhifu\pay\Runtime\Cache\Index\b623c489339f212980afa4939f3a6d53.php 第 261 行.
NOTIC: [8] Undefined index: start E:\work\my\zhifu\pay\Runtime\Cache\Index\b623c489339f212980afa4939f3a6d53.php 第 270 行.
NOTIC: [8] Undefined index: end E:\work\my\zhifu\pay\Runtime\Cache\Index\b623c489339f212980afa4939f3a6d53.php 第 277 行.
INFO: Run Behavior\ParseTemplateBehavior [ RunTime:0.015600s ]
INFO: [ view_parse ] --END-- [ RunTime:0.000000s ]
INFO: [ view_filter ] --START--
INFO: Run Behavior\WriteHtmlCacheBehavior [ RunTime:0.000000s ]
INFO: [ view_filter ] --END-- [ RunTime:-0.015600s ]
INFO: [ app_end ] --START--
INFO: Run Behavior\ShowPageTraceBehavior [ RunTime:0.000000s ]
INFO: [ app_end ] --END-- [ RunTime:0.000000s ]

[ 2017-10-02T21:08:48+08:00 ] ::1 /Index/Home/txjl.html
INFO: [ app_init ] --START--
INFO: Run Behavior\BuildLiteBehavior [ RunTime:0.000000s ]
INFO: [ app_init ] --END-- [ RunTime:0.000000s ]
INFO: [ app_begin ] --START--
INFO: Run Behavior\ReadHtmlCacheBehavior [ RunTime:0.000000s ]
INFO: [ app_begin ] --END-- [ RunTime:0.015600s ]
NOTIC: [8] Undefined offset: 0 E:\work\my\zhifu\pay\Common\Logic\BaseLogic.class.php 第 78 行.
NOTIC: [8] Undefined offset: 0 E:\work\my\zhifu\pay\Common\Logic\BaseLogic.class.php 第 78 行.

[ 2017-10-02T21:08:49+08:00 ] ::1 /
INFO: [ app_init ] --START--
INFO: Run Behavior\BuildLiteBehavior [ RunTime:0.000000s ]
INFO: [ app_init ] --END-- [ RunTime:0.015600s ]
INFO: [ app_begin ] --START--
INFO: Run Behavior\ReadHtmlCacheBehavior [ RunTime:0.000000s ]
INFO: [ app_begin ] --END-- [ RunTime:0.000000s ]
NOTIC: [8] Undefined variable: checklogin E:\work\my\zhifu\pay\Index\Controller\BaseController.class.php 第 43 行.
INFO: [ view_parse ] --START--
INFO: [ template_filter ] --START--
INFO: Run Behavior\ContentReplaceBehavior [ RunTime:0.000000s ]
INFO: [ template_filter ] --END-- [ RunTime:0.000000s ]
INFO: Run Behavior\ParseTemplateBehavior [ RunTime:0.031200s ]
INFO: [ view_parse ] --END-- [ RunTime:0.031200s ]
INFO: [ view_filter ] --START--
INFO: Run Behavior\WriteHtmlCacheBehavior [ RunTime:0.000000s ]
INFO: [ view_filter ] --END-- [ RunTime:0.000000s ]
INFO: [ app_end ] --START--
INFO: Run Behavior\ShowPageTraceBehavior [ RunTime:0.000000s ]
INFO: [ app_end ] --END-- [ RunTime:0.000000s ]

[ 2017-10-02T21:08:57+08:00 ] ::1 /Index/Index/login.html
INFO: [ app_init ] --START--
INFO: Run Behavior\BuildLiteBehavior [ RunTime:0.000000s ]
INFO: [ app_init ] --END-- [ RunTime:0.000000s ]
INFO: [ app_begin ] --START--
INFO: Run Behavior\ReadHtmlCacheBehavior [ RunTime:0.000000s ]
INFO: [ app_begin ] --END-- [ RunTime:0.000000s ]
NOTIC: [8] Undefined variable: checklogin E:\work\my\zhifu\pay\Index\Controller\BaseController.class.php 第 43 行.
NOTIC: [8] Undefined offset: 4 E:\work\my\zhifu\pay\Common\Controller\DefaultController.class.php 第 196 行.

[ 2017-10-02T21:09:02+08:00 ] ::1 /Index/Home/index.html
INFO: [ app_init ] --START--
INFO: Run Behavior\BuildLiteBehavior [ RunTime:0.000000s ]
INFO: [ app_init ] --END-- [ RunTime:0.015600s ]
INFO: [ app_begin ] --START--
INFO: Run Behavior\ReadHtmlCacheBehavior [ RunTime:0.000000s ]
INFO: [ app_begin ] --END-- [ RunTime:0.000000s ]
NOTIC: [8] Undefined offset: 0 E:\work\my\zhifu\pay\Common\Logic\BaseLogic.class.php 第 78 行.
NOTIC: [8] Undefined offset: 0 E:\work\my\zhifu\pay\Common\Logic\BaseLogic.class.php 第 78 行.
NOTIC: [8] Undefined index: Status E:\work\my\zhifu\pay\Common\Logic\UserLogic.class.php 第 265 行.
ERR: 1054:Unknown column 'id' in 'field list'
 [ SQL语句 ] : SELECT COUNT(id) AS tp_count FROM `fx_dingdan` WHERE ( status=2 and userid=2017100 and addtime>=1506873600 ) LIMIT 1  
ERR: 1054:Unknown column 'id' in 'field list'
 [ SQL语句 ] : SELECT COUNT(id) AS tp_count FROM `fx_dingdan` WHERE ( status=2 and userid=2017100 and (addtime between 1506787200 and 1506873600) ) LIMIT 1  
NOTIC: [8] Undefined offset: 2 E:\work\my\zhifu\pay\Common\Controller\DefaultController.class.php 第 192 行.
INFO: [ view_parse ] --START--
INFO: [ template_filter ] --START--
INFO: Run Behavior\ContentReplaceBehavior [ RunTime:0.000000s ]
INFO: [ template_filter ] --END-- [ RunTime:0.015600s ]
INFO: Run Behavior\ParseTemplateBehavior [ RunTime:0.031200s ]
INFO: [ view_parse ] --END-- [ RunTime:0.031200s ]
INFO: [ view_filter ] --START--
INFO: Run Behavior\WriteHtmlCacheBehavior [ RunTime:0.000000s ]
INFO: [ view_filter ] --END-- [ RunTime:0.000000s ]
INFO: [ view_parse ] --START--
INFO: [ template_filter ] --START--
INFO: Run Behavior\ContentReplaceBehavior [ RunTime:0.000000s ]
INFO: [ template_filter ] --END-- [ RunTime:-0.015600s ]
INFO: Run Behavior\ParseTemplateBehavior [ RunTime:0.031200s ]
INFO: [ view_parse ] --END-- [ RunTime:0.000000s ]
INFO: [ view_filter ] --START--
INFO: Run Behavior\WriteHtmlCacheBehavior [ RunTime:0.000000s ]
INFO: [ view_filter ] --END-- [ RunTime:-0.031200s ]
INFO: [ app_end ] --START--
INFO: Run Behavior\ShowPageTraceBehavior [ RunTime:0.000000s ]
INFO: [ app_end ] --END-- [ RunTime:0.000000s ]

[ 2017-10-02T21:09:55+08:00 ] ::1 /Index/Home/index.html
INFO: [ app_init ] --START--
INFO: Run Behavior\BuildLiteBehavior [ RunTime:0.000000s ]
INFO: [ app_init ] --END-- [ RunTime:0.000000s ]
INFO: [ app_begin ] --START--
INFO: Run Behavior\ReadHtmlCacheBehavior [ RunTime:0.000000s ]
INFO: [ app_begin ] --END-- [ RunTime:0.000000s ]
NOTIC: [8] Undefined offset: 0 E:\work\my\zhifu\pay\Common\Logic\BaseLogic.class.php 第 78 行.

[ 2017-10-02T21:10:35+08:00 ] ::1 /Index/Home/index.html
INFO: [ app_init ] --START--
INFO: Run Behavior\BuildLiteBehavior [ RunTime:0.000000s ]
INFO: [ app_init ] --END-- [ RunTime:0.000000s ]
INFO: [ app_begin ] --START--
INFO: Run Behavior\ReadHtmlCacheBehavior [ RunTime:0.000000s ]
INFO: [ app_begin ] --END-- [ RunTime:0.000000s ]
NOTIC: [8] Undefined offset: 0 E:\work\my\zhifu\pay\Common\Logic\BaseLogic.class.php 第 78 行.
NOTIC: [8] Undefined offset: 0 E:\work\my\zhifu\pay\Common\Logic\BaseLogic.class.php 第 78 行.
NOTIC: [8] Undefined index: Status E:\work\my\zhifu\pay\Common\Logic\UserLogic.class.php 第 265 行.
ERR: 1054:Unknown column 'id' in 'field list'
 [ SQL语句 ] : SELECT COUNT(id) AS tp_count FROM `fx_dingdan` WHERE ( status=2 and userid=2017100 and addtime>=1506873600 ) LIMIT 1  
ERR: 1054:Unknown column 'id' in 'field list'
 [ SQL语句 ] : SELECT COUNT(id) AS tp_count FROM `fx_dingdan` WHERE ( status=2 and userid=2017100 and (addtime between 1506787200 and 1506873600) ) LIMIT 1  
NOTIC: [8] Undefined offset: 2 E:\work\my\zhifu\pay\Common\Controller\DefaultController.class.php 第 192 行.
INFO: [ view_parse ] --START--
INFO: [ template_filter ] --START--
INFO: Run Behavior\ContentReplaceBehavior [ RunTime:0.000000s ]
INFO: [ template_filter ] --END-- [ RunTime:0.000000s ]
INFO: Run Behavior\ParseTemplateBehavior [ RunTime:0.031200s ]
INFO: [ view_parse ] --END-- [ RunTime:0.031200s ]
INFO: [ view_filter ] --START--
INFO: Run Behavior\WriteHtmlCacheBehavior [ RunTime:0.000000s ]
INFO: [ view_filter ] --END-- [ RunTime:0.000000s ]
INFO: [ view_parse ] --START--
INFO: [ template_filter ] --START--
INFO: Run Behavior\ContentReplaceBehavior [ RunTime:0.000000s ]
INFO: [ template_filter ] --END-- [ RunTime:-0.015600s ]
INFO: Run Behavior\ParseTemplateBehavior [ RunTime:0.015600s ]
INFO: [ view_parse ] --END-- [ RunTime:0.000000s ]
INFO: [ view_filter ] --START--
INFO: Run Behavior\WriteHtmlCacheBehavior [ RunTime:0.000000s ]
INFO: [ view_filter ] --END-- [ RunTime:-0.015600s ]
INFO: [ app_end ] --START--
INFO: Run Behavior\ShowPageTraceBehavior [ RunTime:0.000000s ]
INFO: [ app_end ] --END-- [ RunTime:0.000000s ]

[ 2017-10-02T21:10:46+08:00 ] ::1 /Index/Home/index.html
INFO: [ app_init ] --START--
INFO: Run Behavior\BuildLiteBehavior [ RunTime:0.000000s ]
INFO: [ app_init ] --END-- [ RunTime:0.000000s ]
INFO: [ app_begin ] --START--
INFO: Run Behavior\ReadHtmlCacheBehavior [ RunTime:0.000000s ]
INFO: [ app_begin ] --END-- [ RunTime:0.000000s ]
NOTIC: [8] Undefined offset: 0 E:\work\my\zhifu\pay\Common\Logic\BaseLogic.class.php 第 78 行.
NOTIC: [8] Undefined offset: 0 E:\work\my\zhifu\pay\Common\Logic\BaseLogic.class.php 第 78 行.
NOTIC: [8] Undefined index: Status E:\work\my\zhifu\pay\Common\Logic\UserLogic.class.php 第 265 行.
ERR: 1054:Unknown column 'id' in 'field list'
 [ SQL语句 ] : SELECT COUNT(id) AS tp_count FROM `fx_dingdan` WHERE ( status=2 and userid=2017100 and addtime>=1506873600 ) LIMIT 1  
ERR: 1054:Unknown column 'id' in 'field list'
 [ SQL语句 ] : SELECT COUNT(id) AS tp_count FROM `fx_dingdan` WHERE ( status=2 and userid=2017100 and (addtime between 1506787200 and 1506873600) ) LIMIT 1  
NOTIC: [8] Undefined offset: 2 E:\work\my\zhifu\pay\Common\Controller\DefaultController.class.php 第 192 行.
INFO: [ view_parse ] --START--
INFO: [ template_filter ] --START--
INFO: Run Behavior\ContentReplaceBehavior [ RunTime:0.000000s ]
INFO: [ template_filter ] --END-- [ RunTime:0.000000s ]
INFO: Run Behavior\ParseTemplateBehavior [ RunTime:0.062400s ]
INFO: [ view_parse ] --END-- [ RunTime:0.062400s ]
INFO: [ view_filter ] --START--
INFO: Run Behavior\WriteHtmlCacheBehavior [ RunTime:0.000000s ]
INFO: [ view_filter ] --END-- [ RunTime:0.000000s ]
INFO: [ view_parse ] --START--
INFO: [ template_filter ] --START--
INFO: Run Behavior\ContentReplaceBehavior [ RunTime:0.000000s ]
INFO: [ template_filter ] --END-- [ RunTime:-0.015600s ]
INFO: Run Behavior\ParseTemplateBehavior [ RunTime:0.015600s ]
INFO: [ view_parse ] --END-- [ RunTime:0.000000s ]
INFO: [ view_filter ] --START--
INFO: Run Behavior\WriteHtmlCacheBehavior [ RunTime:0.000000s ]
INFO: [ view_filter ] --END-- [ RunTime:-0.015600s ]
INFO: [ app_end ] --START--
INFO: Run Behavior\ShowPageTraceBehavior [ RunTime:0.000000s ]
INFO: [ app_end ] --END-- [ RunTime:0.000000s ]

[ 2017-10-02T22:49:05+08:00 ] ::1 /Index/Home/fl.html
INFO: [ app_init ] --START--
INFO: Run Behavior\BuildLiteBehavior [ RunTime:0.000000s ]
INFO: [ app_init ] --END-- [ RunTime:0.000000s ]
INFO: [ app_begin ] --START--
INFO: Run Behavior\ReadHtmlCacheBehavior [ RunTime:0.015600s ]
INFO: [ app_begin ] --END-- [ RunTime:0.015600s ]
NOTIC: [8] Undefined offset: 0 E:\work\my\zhifu\pay\Common\Logic\BaseLogic.class.php 第 78 行.
NOTIC: [8] Undefined offset: 0 E:\work\my\zhifu\pay\Common\Logic\BaseLogic.class.php 第 78 行.
NOTIC: [8] Undefined index: Status E:\work\my\zhifu\pay\Common\Logic\UserLogic.class.php 第 265 行.
NOTIC: [2] Invalid argument supplied for foreach() E:\work\my\zhifu\pay\Common\Controller\DefaultController.class.php 第 208 行.
ERR: 模板不存在:../pay/Index/View/Home/fl.html

[ 2017-10-02T23:29:39+08:00 ] ::1 /Index/Home/fl.html
INFO: [ app_init ] --START--
INFO: Run Behavior\BuildLiteBehavior [ RunTime:0.000000s ]
INFO: [ app_init ] --END-- [ RunTime:0.000000s ]
INFO: [ app_begin ] --START--
INFO: Run Behavior\ReadHtmlCacheBehavior [ RunTime:0.000000s ]
INFO: [ app_begin ] --END-- [ RunTime:0.000000s ]
NOTIC: [8] Undefined offset: 0 E:\work\my\zhifu\pay\Common\Logic\BaseLogic.class.php 第 78 行.
NOTIC: [8] Undefined offset: 0 E:\work\my\zhifu\pay\Common\Logic\BaseLogic.class.php 第 78 行.
NOTIC: [8] Undefined index: Status E:\work\my\zhifu\pay\Common\Logic\UserLogic.class.php 第 265 行.
ERR: 1054:Unknown column 'jid' in 'order clause'
 [ SQL语句 ] : SELECT * FROM `fx_jiekou` WHERE ( 1=1 ) ORDER BY jid asc 
NOTIC: [2] implode(): Invalid arguments passed E:\work\my\zhifu\pay\Common\Common\function.php 第 15 行.
NOTIC: [8] Undefined index: msg E:\work\my\zhifu\pay\Common\Model\LogErrorModel.class.php 第 18 行.
NOTIC: [8] Undefined index: description E:\work\my\zhifu\pay\Common\Model\LogErrorModel.class.php 第 30 行.

[ 2017-10-02T23:29:54+08:00 ] ::1 /Index/Home/fl.html
INFO: [ app_init ] --START--
INFO: Run Behavior\BuildLiteBehavior [ RunTime:0.000000s ]
INFO: [ app_init ] --END-- [ RunTime:0.000000s ]
INFO: [ app_begin ] --START--
INFO: Run Behavior\ReadHtmlCacheBehavior [ RunTime:0.000000s ]
INFO: [ app_begin ] --END-- [ RunTime:0.000000s ]
NOTIC: [8] Undefined offset: 0 E:\work\my\zhifu\pay\Common\Logic\BaseLogic.class.php 第 78 行.
NOTIC: [8] Undefined offset: 0 E:\work\my\zhifu\pay\Common\Logic\BaseLogic.class.php 第 78 行.
NOTIC: [8] Undefined index: Status E:\work\my\zhifu\pay\Common\Logic\UserLogic.class.php 第 265 行.
NOTIC: [8] Undefined index: ifopen E:\work\my\zhifu\pay\Common\Logic\HomeLogic.class.php 第 701 行.
NOTIC: [8] Undefined offset: 1 E:\work\my\zhifu\pay\Common\Tool\String.class.php 第 270 行.
NOTIC: [8] Undefined offset: 1 E:\work\my\zhifu\pay\Common\Tool\String.class.php 第 271 行.
NOTIC: [8] Undefined index: ifopen E:\work\my\zhifu\pay\Common\Logic\HomeLogic.class.php 第 701 行.
NOTIC: [8] Undefined offset: 1 E:\work\my\zhifu\pay\Common\Tool\String.class.php 第 270 行.
NOTIC: [8] Undefined offset: 1 E:\work\my\zhifu\pay\Common\Tool\String.class.php 第 271 行.
NOTIC: [8] Undefined index: ifopen E:\work\my\zhifu\pay\Common\Logic\HomeLogic.class.php 第 701 行.
NOTIC: [8] Undefined offset: 1 E:\work\my\zhifu\pay\Common\Tool\String.class.php 第 270 行.
NOTIC: [8] Undefined offset: 1 E:\work\my\zhifu\pay\Common\Tool\String.class.php 第 271 行.
NOTIC: [8] Undefined index: ifopen E:\work\my\zhifu\pay\Common\Logic\HomeLogic.class.php 第 701 行.
NOTIC: [8] Undefined offset: 1 E:\work\my\zhifu\pay\Common\Tool\String.class.php 第 270 行.
NOTIC: [8] Undefined offset: 1 E:\work\my\zhifu\pay\Common\Tool\String.class.php 第 271 行.
NOTIC: [8] Undefined index: ifopen E:\work\my\zhifu\pay\Common\Logic\HomeLogic.class.php 第 701 行.
NOTIC: [8] Undefined offset: 1 E:\work\my\zhifu\pay\Common\Tool\String.class.php 第 270 行.
NOTIC: [8] Undefined offset: 1 E:\work\my\zhifu\pay\Common\Tool\String.class.php 第 271 行.
NOTIC: [8] Undefined offset: 2 E:\work\my\zhifu\pay\Common\Controller\DefaultController.class.php 第 192 行.
INFO: [ view_parse ] --START--
INFO: [ template_filter ] --START--
INFO: Run Behavior\ContentReplaceBehavior [ RunTime:0.000000s ]
INFO: [ template_filter ] --END-- [ RunTime:0.000000s ]
NOTIC: [8] Undefined index: id E:\work\my\zhifu\pay\Runtime\Cache\Index\794a66c0fe348dc9bc502831d7c27fb3.php 第 224 行.
NOTIC: [8] Undefined index: id E:\work\my\zhifu\pay\Runtime\Cache\Index\794a66c0fe348dc9bc502831d7c27fb3.php 第 224 行.
NOTIC: [8] Undefined index: id E:\work\my\zhifu\pay\Runtime\Cache\Index\794a66c0fe348dc9bc502831d7c27fb3.php 第 224 行.
NOTIC: [8] Undefined index: id E:\work\my\zhifu\pay\Runtime\Cache\Index\794a66c0fe348dc9bc502831d7c27fb3.php 第 224 行.
NOTIC: [8] Undefined index: id E:\work\my\zhifu\pay\Runtime\Cache\Index\794a66c0fe348dc9bc502831d7c27fb3.php 第 224 行.
INFO: Run Behavior\ParseTemplateBehavior [ RunTime:0.031200s ]
INFO: [ view_parse ] --END-- [ RunTime:0.031200s ]
INFO: [ view_filter ] --START--
INFO: Run Behavior\WriteHtmlCacheBehavior [ RunTime:0.000000s ]
INFO: [ view_filter ] --END-- [ RunTime:0.000000s ]
INFO: [ view_parse ] --START--
INFO: [ template_filter ] --START--
INFO: Run Behavior\ContentReplaceBehavior [ RunTime:0.000000s ]
INFO: [ template_filter ] --END-- [ RunTime:-0.015600s ]
NOTIC: [8] Undefined index: id E:\work\my\zhifu\pay\Runtime\Cache\Index\794a66c0fe348dc9bc502831d7c27fb3.php 第 224 行.
NOTIC: [8] Undefined index: id E:\work\my\zhifu\pay\Runtime\Cache\Index\794a66c0fe348dc9bc502831d7c27fb3.php 第 224 行.
NOTIC: [8] Undefined index: id E:\work\my\zhifu\pay\Runtime\Cache\Index\794a66c0fe348dc9bc502831d7c27fb3.php 第 224 行.
NOTIC: [8] Undefined index: id E:\work\my\zhifu\pay\Runtime\Cache\Index\794a66c0fe348dc9bc502831d7c27fb3.php 第 224 行.
NOTIC: [8] Undefined index: id E:\work\my\zhifu\pay\Runtime\Cache\Index\794a66c0fe348dc9bc502831d7c27fb3.php 第 224 行.
INFO: Run Behavior\ParseTemplateBehavior [ RunTime:0.015600s ]
INFO: [ view_parse ] --END-- [ RunTime:0.000000s ]
INFO: [ view_filter ] --START--
INFO: Run Behavior\WriteHtmlCacheBehavior [ RunTime:0.000000s ]
INFO: [ view_filter ] --END-- [ RunTime:-0.015600s ]
INFO: [ app_end ] --START--
INFO: Run Behavior\ShowPageTraceBehavior [ RunTime:0.000000s ]
INFO: [ app_end ] --END-- [ RunTime:0.000000s ]

[ 2017-10-02T23:30:27+08:00 ] ::1 /Index/Home/fl.html
INFO: [ app_init ] --START--
INFO: Run Behavior\BuildLiteBehavior [ RunTime:0.000000s ]
INFO: [ app_init ] --END-- [ RunTime:0.000000s ]
INFO: [ app_begin ] --START--
INFO: Run Behavior\ReadHtmlCacheBehavior [ RunTime:0.015600s ]
INFO: [ app_begin ] --END-- [ RunTime:0.015600s ]
NOTIC: [8] Undefined offset: 0 E:\work\my\zhifu\pay\Common\Logic\BaseLogic.class.php 第 78 行.
NOTIC: [8] Undefined offset: 0 E:\work\my\zhifu\pay\Common\Logic\BaseLogic.class.php 第 78 行.
NOTIC: [8] Undefined index: Status E:\work\my\zhifu\pay\Common\Logic\UserLogic.class.php 第 265 行.
NOTIC: [8] Undefined offset: 1 E:\work\my\zhifu\pay\Common\Tool\String.class.php 第 270 行.
NOTIC: [8] Undefined offset: 1 E:\work\my\zhifu\pay\Common\Tool\String.class.php 第 271 行.
NOTIC: [8] Undefined offset: 1 E:\work\my\zhifu\pay\Common\Tool\String.class.php 第 270 行.
NOTIC: [8] Undefined offset: 1 E:\work\my\zhifu\pay\Common\Tool\String.class.php 第 271 行.
NOTIC: [8] Undefined offset: 1 E:\work\my\zhifu\pay\Common\Tool\String.class.php 第 270 行.
NOTIC: [8] Undefined offset: 1 E:\work\my\zhifu\pay\Common\Tool\String.class.php 第 271 行.
NOTIC: [8] Undefined offset: 1 E:\work\my\zhifu\pay\Common\Tool\String.class.php 第 270 行.
NOTIC: [8] Undefined offset: 1 E:\work\my\zhifu\pay\Common\Tool\String.class.php 第 271 行.
NOTIC: [8] Undefined offset: 1 E:\work\my\zhifu\pay\Common\Tool\String.class.php 第 270 行.
NOTIC: [8] Undefined offset: 1 E:\work\my\zhifu\pay\Common\Tool\String.class.php 第 271 行.
NOTIC: [8] Undefined offset: 2 E:\work\my\zhifu\pay\Common\Controller\DefaultController.class.php 第 192 行.
INFO: [ view_parse ] --START--
INFO: [ template_filter ] --START--
INFO: Run Behavior\ContentReplaceBehavior [ RunTime:0.000000s ]
INFO: [ template_filter ] --END-- [ RunTime:0.000000s ]
NOTIC: [8] Undefined index: id E:\work\my\zhifu\pay\Runtime\Cache\Index\794a66c0fe348dc9bc502831d7c27fb3.php 第 224 行.
NOTIC: [8] Undefined index: id E:\work\my\zhifu\pay\Runtime\Cache\Index\794a66c0fe348dc9bc502831d7c27fb3.php 第 224 行.
NOTIC: [8] Undefined index: id E:\work\my\zhifu\pay\Runtime\Cache\Index\794a66c0fe348dc9bc502831d7c27fb3.php 第 224 行.
NOTIC: [8] Undefined index: id E:\work\my\zhifu\pay\Runtime\Cache\Index\794a66c0fe348dc9bc502831d7c27fb3.php 第 224 行.
NOTIC: [8] Undefined index: id E:\work\my\zhifu\pay\Runtime\Cache\Index\794a66c0fe348dc9bc502831d7c27fb3.php 第 224 行.
INFO: Run Behavior\ParseTemplateBehavior [ RunTime:0.031200s ]
INFO: [ view_parse ] --END-- [ RunTime:0.031200s ]
INFO: [ view_filter ] --START--
INFO: Run Behavior\WriteHtmlCacheBehavior [ RunTime:0.000000s ]
INFO: [ view_filter ] --END-- [ RunTime:0.000000s ]
INFO: [ view_parse ] --START--
INFO: [ template_filter ] --START--
INFO: Run Behavior\ContentReplaceBehavior [ RunTime:0.000000s ]
INFO: [ template_filter ] --END-- [ RunTime:-0.015600s ]
NOTIC: [8] Undefined index: id E:\work\my\zhifu\pay\Runtime\Cache\Index\794a66c0fe348dc9bc502831d7c27fb3.php 第 224 行.
NOTIC: [8] Undefined index: id E:\work\my\zhifu\pay\Runtime\Cache\Index\794a66c0fe348dc9bc502831d7c27fb3.php 第 224 行.
NOTIC: [8] Undefined index: id E:\work\my\zhifu\pay\Runtime\Cache\Index\794a66c0fe348dc9bc502831d7c27fb3.php 第 224 行.
NOTIC: [8] Undefined index: id E:\work\my\zhifu\pay\Runtime\Cache\Index\794a66c0fe348dc9bc502831d7c27fb3.php 第 224 行.
NOTIC: [8] Undefined index: id E:\work\my\zhifu\pay\Runtime\Cache\Index\794a66c0fe348dc9bc502831d7c27fb3.php 第 224 行.
INFO: Run Behavior\ParseTemplateBehavior [ RunTime:0.015600s ]
INFO: [ view_parse ] --END-- [ RunTime:0.000000s ]
INFO: [ view_filter ] --START--
INFO: Run Behavior\WriteHtmlCacheBehavior [ RunTime:0.000000s ]
INFO: [ view_filter ] --END-- [ RunTime:-0.015600s ]
INFO: [ app_end ] --START--
INFO: Run Behavior\ShowPageTraceBehavior [ RunTime:0.000000s ]
INFO: [ app_end ] --END-- [ RunTime:0.000000s ]

[ 2017-10-02T23:31:18+08:00 ] ::1 /Index/Home/fl.html
INFO: [ app_init ] --START--
INFO: Run Behavior\BuildLiteBehavior [ RunTime:0.000000s ]
INFO: [ app_init ] --END-- [ RunTime:0.000000s ]
INFO: [ app_begin ] --START--
INFO: Run Behavior\ReadHtmlCacheBehavior [ RunTime:0.000000s ]
INFO: [ app_begin ] --END-- [ RunTime:0.000000s ]
NOTIC: [8] Undefined offset: 0 E:\work\my\zhifu\pay\Common\Logic\BaseLogic.class.php 第 78 行.
NOTIC: [8] Undefined offset: 0 E:\work\my\zhifu\pay\Common\Logic\BaseLogic.class.php 第 78 行.
NOTIC: [8] Undefined index: Status E:\work\my\zhifu\pay\Common\Logic\UserLogic.class.php 第 265 行.
NOTIC: [8] Undefined offset: 1 E:\work\my\zhifu\pay\Common\Tool\String.class.php 第 270 行.
NOTIC: [8] Undefined offset: 1 E:\work\my\zhifu\pay\Common\Tool\String.class.php 第 271 行.
NOTIC: [8] Undefined offset: 1 E:\work\my\zhifu\pay\Common\Tool\String.class.php 第 270 行.
NOTIC: [8] Undefined offset: 1 E:\work\my\zhifu\pay\Common\Tool\String.class.php 第 271 行.
NOTIC: [8] Undefined offset: 1 E:\work\my\zhifu\pay\Common\Tool\String.class.php 第 270 行.
NOTIC: [8] Undefined offset: 1 E:\work\my\zhifu\pay\Common\Tool\String.class.php 第 271 行.
NOTIC: [8] Undefined offset: 1 E:\work\my\zhifu\pay\Common\Tool\String.class.php 第 270 行.
NOTIC: [8] Undefined offset: 1 E:\work\my\zhifu\pay\Common\Tool\String.class.php 第 271 行.
NOTIC: [8] Undefined offset: 1 E:\work\my\zhifu\pay\Common\Tool\String.class.php 第 270 行.
NOTIC: [8] Undefined offset: 1 E:\work\my\zhifu\pay\Common\Tool\String.class.php 第 271 行.
NOTIC: [8] Undefined offset: 2 E:\work\my\zhifu\pay\Common\Controller\DefaultController.class.php 第 192 行.
INFO: [ view_parse ] --START--
INFO: [ template_filter ] --START--
INFO: Run Behavior\ContentReplaceBehavior [ RunTime:0.000000s ]
INFO: [ template_filter ] --END-- [ RunTime:0.000000s ]
NOTIC: [8] Undefined index: id E:\work\my\zhifu\pay\Runtime\Cache\Index\794a66c0fe348dc9bc502831d7c27fb3.php 第 224 行.
NOTIC: [8] Undefined index: id E:\work\my\zhifu\pay\Runtime\Cache\Index\794a66c0fe348dc9bc502831d7c27fb3.php 第 224 行.
NOTIC: [8] Undefined index: id E:\work\my\zhifu\pay\Runtime\Cache\Index\794a66c0fe348dc9bc502831d7c27fb3.php 第 224 行.
NOTIC: [8] Undefined index: id E:\work\my\zhifu\pay\Runtime\Cache\Index\794a66c0fe348dc9bc502831d7c27fb3.php 第 224 行.
NOTIC: [8] Undefined index: id E:\work\my\zhifu\pay\Runtime\Cache\Index\794a66c0fe348dc9bc502831d7c27fb3.php 第 224 行.
INFO: Run Behavior\ParseTemplateBehavior [ RunTime:0.031200s ]
INFO: [ view_parse ] --END-- [ RunTime:0.031200s ]
INFO: [ view_filter ] --START--
INFO: Run Behavior\WriteHtmlCacheBehavior [ RunTime:0.015600s ]
INFO: [ view_filter ] --END-- [ RunTime:0.015600s ]
INFO: [ view_parse ] --START--
INFO: [ template_filter ] --START--
INFO: Run Behavior\ContentReplaceBehavior [ RunTime:0.000000s ]
INFO: [ template_filter ] --END-- [ RunTime:-0.015600s ]
NOTIC: [8] Undefined index: id E:\work\my\zhifu\pay\Runtime\Cache\Index\794a66c0fe348dc9bc502831d7c27fb3.php 第 224 行.
NOTIC: [8] Undefined index: id E:\work\my\zhifu\pay\Runtime\Cache\Index\794a66c0fe348dc9bc502831d7c27fb3.php 第 224 行.
NOTIC: [8] Undefined index: id E:\work\my\zhifu\pay\Runtime\Cache\Index\794a66c0fe348dc9bc502831d7c27fb3.php 第 224 行.
NOTIC: [8] Undefined index: id E:\work\my\zhifu\pay\Runtime\Cache\Index\794a66c0fe348dc9bc502831d7c27fb3.php 第 224 行.
NOTIC: [8] Undefined index: id E:\work\my\zhifu\pay\Runtime\Cache\Index\794a66c0fe348dc9bc502831d7c27fb3.php 第 224 行.
INFO: Run Behavior\ParseTemplateBehavior [ RunTime:0.000000s ]
INFO: [ view_parse ] --END-- [ RunTime:-0.015600s ]
INFO: [ view_filter ] --START--
INFO: Run Behavior\WriteHtmlCacheBehavior [ RunTime:0.000000s ]
INFO: [ view_filter ] --END-- [ RunTime:0.000000s ]
INFO: [ app_end ] --START--
INFO: Run Behavior\ShowPageTraceBehavior [ RunTime:0.015600s ]
INFO: [ app_end ] --END-- [ RunTime:0.015600s ]

[ 2017-10-02T23:32:53+08:00 ] ::1 /Index/Home/fl.html
INFO: [ app_init ] --START--
INFO: Run Behavior\BuildLiteBehavior [ RunTime:0.000000s ]
INFO: [ app_init ] --END-- [ RunTime:0.000000s ]
INFO: [ app_begin ] --START--
INFO: Run Behavior\ReadHtmlCacheBehavior [ RunTime:0.000000s ]
INFO: [ app_begin ] --END-- [ RunTime:0.000000s ]
NOTIC: [8] Undefined offset: 0 E:\work\my\zhifu\pay\Common\Logic\BaseLogic.class.php 第 78 行.
NOTIC: [8] Undefined offset: 0 E:\work\my\zhifu\pay\Common\Logic\BaseLogic.class.php 第 78 行.
NOTIC: [8] Undefined index: Status E:\work\my\zhifu\pay\Common\Logic\UserLogic.class.php 第 265 行.
NOTIC: [8] Undefined offset: 1 E:\work\my\zhifu\pay\Common\Tool\String.class.php 第 270 行.
NOTIC: [8] Undefined offset: 1 E:\work\my\zhifu\pay\Common\Tool\String.class.php 第 271 行.
NOTIC: [8] Undefined offset: 1 E:\work\my\zhifu\pay\Common\Tool\String.class.php 第 270 行.
NOTIC: [8] Undefined offset: 1 E:\work\my\zhifu\pay\Common\Tool\String.class.php 第 271 行.
NOTIC: [8] Undefined offset: 1 E:\work\my\zhifu\pay\Common\Tool\String.class.php 第 270 行.
NOTIC: [8] Undefined offset: 1 E:\work\my\zhifu\pay\Common\Tool\String.class.php 第 271 行.
NOTIC: [8] Undefined offset: 1 E:\work\my\zhifu\pay\Common\Tool\String.class.php 第 270 行.
NOTIC: [8] Undefined offset: 1 E:\work\my\zhifu\pay\Common\Tool\String.class.php 第 271 行.
NOTIC: [8] Undefined offset: 1 E:\work\my\zhifu\pay\Common\Tool\String.class.php 第 270 行.
NOTIC: [8] Undefined offset: 1 E:\work\my\zhifu\pay\Common\Tool\String.class.php 第 271 行.
NOTIC: [8] Undefined offset: 2 E:\work\my\zhifu\pay\Common\Controller\DefaultController.class.php 第 192 行.
INFO: [ view_parse ] --START--
INFO: [ template_filter ] --START--
INFO: Run Behavior\ContentReplaceBehavior [ RunTime:0.000000s ]
INFO: [ template_filter ] --END-- [ RunTime:0.000000s ]
NOTIC: [8] Undefined index: id E:\work\my\zhifu\pay\Runtime\Cache\Index\794a66c0fe348dc9bc502831d7c27fb3.php 第 224 行.
NOTIC: [8] Undefined index: id E:\work\my\zhifu\pay\Runtime\Cache\Index\794a66c0fe348dc9bc502831d7c27fb3.php 第 224 行.
NOTIC: [8] Undefined index: id E:\work\my\zhifu\pay\Runtime\Cache\Index\794a66c0fe348dc9bc502831d7c27fb3.php 第 224 行.
NOTIC: [8] Undefined index: id E:\work\my\zhifu\pay\Runtime\Cache\Index\794a66c0fe348dc9bc502831d7c27fb3.php 第 224 行.
NOTIC: [8] Undefined index: id E:\work\my\zhifu\pay\Runtime\Cache\Index\794a66c0fe348dc9bc502831d7c27fb3.php 第 224 行.
INFO: Run Behavior\ParseTemplateBehavior [ RunTime:0.031200s ]
INFO: [ view_parse ] --END-- [ RunTime:0.031200s ]
INFO: [ view_filter ] --START--
INFO: Run Behavior\WriteHtmlCacheBehavior [ RunTime:0.000000s ]
INFO: [ view_filter ] --END-- [ RunTime:0.000000s ]
INFO: [ view_parse ] --START--
INFO: [ template_filter ] --START--
INFO: Run Behavior\ContentReplaceBehavior [ RunTime:0.000000s ]
INFO: [ template_filter ] --END-- [ RunTime:-0.015600s ]
NOTIC: [8] Undefined index: id E:\work\my\zhifu\pay\Runtime\Cache\Index\794a66c0fe348dc9bc502831d7c27fb3.php 第 224 行.
NOTIC: [8] Undefined index: id E:\work\my\zhifu\pay\Runtime\Cache\Index\794a66c0fe348dc9bc502831d7c27fb3.php 第 224 行.
NOTIC: [8] Undefined index: id E:\work\my\zhifu\pay\Runtime\Cache\Index\794a66c0fe348dc9bc502831d7c27fb3.php 第 224 行.
NOTIC: [8] Undefined index: id E:\work\my\zhifu\pay\Runtime\Cache\Index\794a66c0fe348dc9bc502831d7c27fb3.php 第 224 行.
NOTIC: [8] Undefined index: id E:\work\my\zhifu\pay\Runtime\Cache\Index\794a66c0fe348dc9bc502831d7c27fb3.php 第 224 行.
INFO: Run Behavior\ParseTemplateBehavior [ RunTime:0.015600s ]
INFO: [ view_parse ] --END-- [ RunTime:0.000000s ]
INFO: [ view_filter ] --START--
INFO: Run Behavior\WriteHtmlCacheBehavior [ RunTime:0.000000s ]
INFO: [ view_filter ] --END-- [ RunTime:-0.015600s ]
INFO: [ app_end ] --START--
INFO: Run Behavior\ShowPageTraceBehavior [ RunTime:0.000000s ]
INFO: [ app_end ] --END-- [ RunTime:0.000000s ]

[ 2017-10-02T23:33:15+08:00 ] ::1 /Index/Home/fl.html
INFO: [ app_init ] --START--
INFO: Run Behavior\BuildLiteBehavior [ RunTime:0.000000s ]
INFO: [ app_init ] --END-- [ RunTime:0.000000s ]
INFO: [ app_begin ] --START--
INFO: Run Behavior\ReadHtmlCacheBehavior [ RunTime:0.000000s ]
INFO: [ app_begin ] --END-- [ RunTime:0.000000s ]
NOTIC: [8] Undefined offset: 0 E:\work\my\zhifu\pay\Common\Logic\BaseLogic.class.php 第 78 行.
NOTIC: [8] Undefined offset: 0 E:\work\my\zhifu\pay\Common\Logic\BaseLogic.class.php 第 78 行.
NOTIC: [8] Undefined index: Status E:\work\my\zhifu\pay\Common\Logic\UserLogic.class.php 第 265 行.
NOTIC: [8] Undefined offset: 1 E:\work\my\zhifu\pay\Common\Tool\String.class.php 第 270 行.
NOTIC: [8] Undefined offset: 1 E:\work\my\zhifu\pay\Common\Tool\String.class.php 第 271 行.
NOTIC: [8] Undefined offset: 1 E:\work\my\zhifu\pay\Common\Tool\String.class.php 第 270 行.
NOTIC: [8] Undefined offset: 1 E:\work\my\zhifu\pay\Common\Tool\String.class.php 第 271 行.
NOTIC: [8] Undefined offset: 1 E:\work\my\zhifu\pay\Common\Tool\String.class.php 第 270 行.
NOTIC: [8] Undefined offset: 1 E:\work\my\zhifu\pay\Common\Tool\String.class.php 第 271 行.
NOTIC: [8] Undefined offset: 1 E:\work\my\zhifu\pay\Common\Tool\String.class.php 第 270 行.
NOTIC: [8] Undefined offset: 1 E:\work\my\zhifu\pay\Common\Tool\String.class.php 第 271 行.
NOTIC: [8] Undefined offset: 1 E:\work\my\zhifu\pay\Common\Tool\String.class.php 第 270 行.
NOTIC: [8] Undefined offset: 1 E:\work\my\zhifu\pay\Common\Tool\String.class.php 第 271 行.
NOTIC: [8] Undefined offset: 2 E:\work\my\zhifu\pay\Common\Controller\DefaultController.class.php 第 192 行.
INFO: [ view_parse ] --START--
INFO: [ template_filter ] --START--
INFO: Run Behavior\ContentReplaceBehavior [ RunTime:0.000000s ]
INFO: [ template_filter ] --END-- [ RunTime:0.000000s ]
NOTIC: [8] Undefined index: id E:\work\my\zhifu\pay\Runtime\Cache\Index\794a66c0fe348dc9bc502831d7c27fb3.php 第 224 行.
NOTIC: [8] Undefined index: id E:\work\my\zhifu\pay\Runtime\Cache\Index\794a66c0fe348dc9bc502831d7c27fb3.php 第 224 行.
NOTIC: [8] Undefined index: id E:\work\my\zhifu\pay\Runtime\Cache\Index\794a66c0fe348dc9bc502831d7c27fb3.php 第 224 行.
NOTIC: [8] Undefined index: id E:\work\my\zhifu\pay\Runtime\Cache\Index\794a66c0fe348dc9bc502831d7c27fb3.php 第 224 行.
NOTIC: [8] Undefined index: id E:\work\my\zhifu\pay\Runtime\Cache\Index\794a66c0fe348dc9bc502831d7c27fb3.php 第 224 行.
INFO: Run Behavior\ParseTemplateBehavior [ RunTime:0.031200s ]
INFO: [ view_parse ] --END-- [ RunTime:0.031200s ]
INFO: [ view_filter ] --START--
INFO: Run Behavior\WriteHtmlCacheBehavior [ RunTime:0.000000s ]
INFO: [ view_filter ] --END-- [ RunTime:0.000000s ]
INFO: [ view_parse ] --START--
INFO: [ template_filter ] --START--
INFO: Run Behavior\ContentReplaceBehavior [ RunTime:0.000000s ]
INFO: [ template_filter ] --END-- [ RunTime:-0.015600s ]
NOTIC: [8] Undefined index: id E:\work\my\zhifu\pay\Runtime\Cache\Index\794a66c0fe348dc9bc502831d7c27fb3.php 第 224 行.
NOTIC: [8] Undefined index: id E:\work\my\zhifu\pay\Runtime\Cache\Index\794a66c0fe348dc9bc502831d7c27fb3.php 第 224 行.
NOTIC: [8] Undefined index: id E:\work\my\zhifu\pay\Runtime\Cache\Index\794a66c0fe348dc9bc502831d7c27fb3.php 第 224 行.
NOTIC: [8] Undefined index: id E:\work\my\zhifu\pay\Runtime\Cache\Index\794a66c0fe348dc9bc502831d7c27fb3.php 第 224 行.
NOTIC: [8] Undefined index: id E:\work\my\zhifu\pay\Runtime\Cache\Index\794a66c0fe348dc9bc502831d7c27fb3.php 第 224 行.
INFO: Run Behavior\ParseTemplateBehavior [ RunTime:0.015600s ]
INFO: [ view_parse ] --END-- [ RunTime:0.000000s ]
INFO: [ view_filter ] --START--
INFO: Run Behavior\WriteHtmlCacheBehavior [ RunTime:0.000000s ]
INFO: [ view_filter ] --END-- [ RunTime:-0.015600s ]
INFO: [ app_end ] --START--
INFO: Run Behavior\ShowPageTraceBehavior [ RunTime:0.015600s ]
INFO: [ app_end ] --END-- [ RunTime:0.015600s ]

[ 2017-10-02T23:36:44+08:00 ] ::1 /Index/Home/fl.html
INFO: [ app_init ] --START--
INFO: Run Behavior\BuildLiteBehavior [ RunTime:0.000000s ]
INFO: [ app_init ] --END-- [ RunTime:0.000000s ]
INFO: [ app_begin ] --START--
INFO: Run Behavior\ReadHtmlCacheBehavior [ RunTime:0.000000s ]
INFO: [ app_begin ] --END-- [ RunTime:0.000000s ]
NOTIC: [8] Undefined offset: 0 E:\work\my\zhifu\pay\Common\Logic\BaseLogic.class.php 第 78 行.
NOTIC: [8] Undefined offset: 0 E:\work\my\zhifu\pay\Common\Logic\BaseLogic.class.php 第 78 行.
NOTIC: [8] Undefined index: Status E:\work\my\zhifu\pay\Common\Logic\UserLogic.class.php 第 265 行.
NOTIC: [8] Undefined offset: 1 E:\work\my\zhifu\pay\Common\Tool\String.class.php 第 270 行.
NOTIC: [8] Undefined offset: 1 E:\work\my\zhifu\pay\Common\Tool\String.class.php 第 271 行.
NOTIC: [8] Undefined offset: 1 E:\work\my\zhifu\pay\Common\Tool\String.class.php 第 270 行.
NOTIC: [8] Undefined offset: 1 E:\work\my\zhifu\pay\Common\Tool\String.class.php 第 271 行.
NOTIC: [8] Undefined offset: 1 E:\work\my\zhifu\pay\Common\Tool\String.class.php 第 270 行.
NOTIC: [8] Undefined offset: 1 E:\work\my\zhifu\pay\Common\Tool\String.class.php 第 271 行.
NOTIC: [8] Undefined offset: 1 E:\work\my\zhifu\pay\Common\Tool\String.class.php 第 270 行.
NOTIC: [8] Undefined offset: 1 E:\work\my\zhifu\pay\Common\Tool\String.class.php 第 271 行.
NOTIC: [8] Undefined offset: 1 E:\work\my\zhifu\pay\Common\Tool\String.class.php 第 270 行.
NOTIC: [8] Undefined offset: 1 E:\work\my\zhifu\pay\Common\Tool\String.class.php 第 271 行.
NOTIC: [8] Undefined offset: 2 E:\work\my\zhifu\pay\Common\Controller\DefaultController.class.php 第 192 行.
INFO: [ view_parse ] --START--
INFO: [ template_filter ] --START--
INFO: Run Behavior\ContentReplaceBehavior [ RunTime:0.000000s ]
INFO: [ template_filter ] --END-- [ RunTime:0.000000s ]
NOTIC: [8] Undefined index: id E:\work\my\zhifu\pay\Runtime\Cache\Index\794a66c0fe348dc9bc502831d7c27fb3.php 第 224 行.
NOTIC: [8] Undefined index: id E:\work\my\zhifu\pay\Runtime\Cache\Index\794a66c0fe348dc9bc502831d7c27fb3.php 第 224 行.
NOTIC: [8] Undefined index: id E:\work\my\zhifu\pay\Runtime\Cache\Index\794a66c0fe348dc9bc502831d7c27fb3.php 第 224 行.
NOTIC: [8] Undefined index: id E:\work\my\zhifu\pay\Runtime\Cache\Index\794a66c0fe348dc9bc502831d7c27fb3.php 第 224 行.
NOTIC: [8] Undefined index: id E:\work\my\zhifu\pay\Runtime\Cache\Index\794a66c0fe348dc9bc502831d7c27fb3.php 第 224 行.
INFO: Run Behavior\ParseTemplateBehavior [ RunTime:0.031200s ]
INFO: [ view_parse ] --END-- [ RunTime:0.031200s ]
INFO: [ view_filter ] --START--
INFO: Run Behavior\WriteHtmlCacheBehavior [ RunTime:0.000000s ]
INFO: [ view_filter ] --END-- [ RunTime:0.000000s ]
INFO: [ view_parse ] --START--
INFO: [ template_filter ] --START--
INFO: Run Behavior\ContentReplaceBehavior [ RunTime:0.000000s ]
INFO: [ template_filter ] --END-- [ RunTime:-0.015600s ]
NOTIC: [8] Undefined index: id E:\work\my\zhifu\pay\Runtime\Cache\Index\794a66c0fe348dc9bc502831d7c27fb3.php 第 224 行.
NOTIC: [8] Undefined index: id E:\work\my\zhifu\pay\Runtime\Cache\Index\794a66c0fe348dc9bc502831d7c27fb3.php 第 224 行.
NOTIC: [8] Undefined index: id E:\work\my\zhifu\pay\Runtime\Cache\Index\794a66c0fe348dc9bc502831d7c27fb3.php 第 224 行.
NOTIC: [8] Undefined index: id E:\work\my\zhifu\pay\Runtime\Cache\Index\794a66c0fe348dc9bc502831d7c27fb3.php 第 224 行.
NOTIC: [8] Undefined index: id E:\work\my\zhifu\pay\Runtime\Cache\Index\794a66c0fe348dc9bc502831d7c27fb3.php 第 224 行.
INFO: Run Behavior\ParseTemplateBehavior [ RunTime:0.015600s ]
INFO: [ view_parse ] --END-- [ RunTime:0.000000s ]
INFO: [ view_filter ] --START--
INFO: Run Behavior\WriteHtmlCacheBehavior [ RunTime:0.000000s ]
INFO: [ view_filter ] --END-- [ RunTime:-0.015600s ]
INFO: [ app_end ] --START--
INFO: Run Behavior\ShowPageTraceBehavior [ RunTime:0.000000s ]
INFO: [ app_end ] --END-- [ RunTime:0.000000s ]

