[ 2017-10-29T10:07:39+08:00 ] ::1 /Manage
INFO: [ app_init ] --START--
INFO: Run Behavior\BuildLiteBehavior [ RunTime:0.000000s ]
INFO: [ app_init ] --END-- [ RunTime:0.015600s ]
INFO: [ app_begin ] --START--
INFO: Run Behavior\ReadHtmlCacheBehavior [ RunTime:0.000000s ]
INFO: [ app_begin ] --END-- [ RunTime:0.000000s ]
NOTIC: [8] Undefined offset: 0 E:\work\my\zhifu\mid\pay\Common\Logic\BaseLogic.class.php 第 84 行.
NOTIC: [8] Undefined offset: 0 E:\work\my\zhifu\mid\pay\Common\Logic\BaseLogic.class.php 第 84 行.
NOTIC: [8] Undefined index: Status E:\work\my\zhifu\mid\pay\Common\Logic\AdminLogic.class.php 第 261 行.
INFO: [ view_parse ] --START--
INFO: [ template_filter ] --START--
INFO: Run Behavior\ContentReplaceBehavior [ RunTime:0.000000s ]
INFO: [ template_filter ] --END-- [ RunTime:0.000000s ]
INFO: Run Behavior\ParseTemplateBehavior [ RunTime:0.031200s ]
INFO: [ view_parse ] --END-- [ RunTime:0.031200s ]
INFO: [ view_filter ] --START--
INFO: Run Behavior\WriteHtmlCacheBehavior [ RunTime:0.000000s ]
INFO: [ view_filter ] --END-- [ RunTime:0.000000s ]
INFO: [ app_end ] --START--
INFO: Run Behavior\ShowPageTraceBehavior [ RunTime:0.000000s ]
INFO: [ app_end ] --END-- [ RunTime:0.000000s ]

[ 2017-10-29T10:07:43+08:00 ] ::1 /Manage/Index/login.html
INFO: [ app_init ] --START--
INFO: Run Behavior\BuildLiteBehavior [ RunTime:0.000000s ]
INFO: [ app_init ] --END-- [ RunTime:0.000000s ]
INFO: [ app_begin ] --START--
INFO: Run Behavior\ReadHtmlCacheBehavior [ RunTime:0.000000s ]
INFO: [ app_begin ] --END-- [ RunTime:0.000000s ]
NOTIC: [8] Undefined offset: 0 E:\work\my\zhifu\mid\pay\Common\Logic\BaseLogic.class.php 第 84 行.
NOTIC: [8] Undefined offset: 0 E:\work\my\zhifu\mid\pay\Common\Logic\BaseLogic.class.php 第 84 行.
NOTIC: [8] Undefined index: Status E:\work\my\zhifu\mid\pay\Common\Logic\AdminLogic.class.php 第 261 行.
NOTIC: [8] Undefined offset: 0 E:\work\my\zhifu\mid\pay\Common\Logic\BaseLogic.class.php 第 84 行.
NOTIC: [8] Undefined offset: 4 E:\work\my\zhifu\mid\pay\Common\Controller\DefaultController.class.php 第 203 行.

[ 2017-10-29T10:07:47+08:00 ] ::1 /Manage/Main/index.html
INFO: [ app_init ] --START--
INFO: Run Behavior\BuildLiteBehavior [ RunTime:0.000000s ]
INFO: [ app_init ] --END-- [ RunTime:0.000000s ]
INFO: [ app_begin ] --START--
INFO: Run Behavior\ReadHtmlCacheBehavior [ RunTime:0.000000s ]
INFO: [ app_begin ] --END-- [ RunTime:0.000000s ]
NOTIC: [8] Undefined offset: 0 E:\work\my\zhifu\mid\pay\Common\Logic\BaseLogic.class.php 第 84 行.
NOTIC: [8] Undefined offset: 0 E:\work\my\zhifu\mid\pay\Common\Logic\BaseLogic.class.php 第 84 行.
NOTIC: [8] Undefined index: Status E:\work\my\zhifu\mid\pay\Common\Logic\AdminLogic.class.php 第 261 行.
NOTIC: [2] mysql_get_server_info(): Access denied for user ''@'localhost' (using password: NO) E:\work\my\zhifu\mid\pay\Manage\Controller\MainController.class.php 第 20 行.
NOTIC: [2] mysql_get_server_info(): A link to the server could not be established E:\work\my\zhifu\mid\pay\Manage\Controller\MainController.class.php 第 20 行.
INFO: [ view_parse ] --START--
INFO: [ template_filter ] --START--
INFO: Run Behavior\ContentReplaceBehavior [ RunTime:0.000000s ]
INFO: [ template_filter ] --END-- [ RunTime:0.000000s ]
INFO: Run Behavior\ParseTemplateBehavior [ RunTime:0.031200s ]
INFO: [ view_parse ] --END-- [ RunTime:0.031200s ]
INFO: [ view_filter ] --START--
INFO: Run Behavior\WriteHtmlCacheBehavior [ RunTime:0.000000s ]
INFO: [ view_filter ] --END-- [ RunTime:0.000000s ]
INFO: [ app_end ] --START--
INFO: Run Behavior\ShowPageTraceBehavior [ RunTime:0.000000s ]
INFO: [ app_end ] --END-- [ RunTime:0.000000s ]

[ 2017-10-29T10:07:50+08:00 ] ::1 /Manage/Api/user.html
INFO: [ app_init ] --START--
INFO: Run Behavior\BuildLiteBehavior [ RunTime:0.000000s ]
INFO: [ app_init ] --END-- [ RunTime:0.000000s ]
INFO: [ app_begin ] --START--
INFO: Run Behavior\ReadHtmlCacheBehavior [ RunTime:0.000000s ]
INFO: [ app_begin ] --END-- [ RunTime:0.000000s ]
NOTIC: [8] Undefined offset: 0 E:\work\my\zhifu\mid\pay\Common\Logic\BaseLogic.class.php 第 84 行.
NOTIC: [8] Undefined offset: 0 E:\work\my\zhifu\mid\pay\Common\Logic\BaseLogic.class.php 第 84 行.
NOTIC: [8] Undefined index: Status E:\work\my\zhifu\mid\pay\Common\Logic\AdminLogic.class.php 第 261 行.
NOTIC: [8] Undefined offset: 1 E:\work\my\zhifu\mid\pay\Common\Tool\String.class.php 第 270 行.
NOTIC: [8] Undefined offset: 1 E:\work\my\zhifu\mid\pay\Common\Tool\String.class.php 第 271 行.
NOTIC: [8] Undefined offset: 1 E:\work\my\zhifu\mid\pay\Common\Tool\String.class.php 第 270 行.
NOTIC: [8] Undefined offset: 1 E:\work\my\zhifu\mid\pay\Common\Tool\String.class.php 第 271 行.
NOTIC: [8] Undefined offset: 1 E:\work\my\zhifu\mid\pay\Common\Tool\String.class.php 第 270 行.
NOTIC: [8] Undefined offset: 1 E:\work\my\zhifu\mid\pay\Common\Tool\String.class.php 第 271 行.
NOTIC: [8] Undefined offset: 1 E:\work\my\zhifu\mid\pay\Common\Tool\String.class.php 第 270 行.
NOTIC: [8] Undefined offset: 1 E:\work\my\zhifu\mid\pay\Common\Tool\String.class.php 第 271 行.
NOTIC: [8] Undefined offset: 1 E:\work\my\zhifu\mid\pay\Common\Tool\String.class.php 第 270 行.
NOTIC: [8] Undefined offset: 1 E:\work\my\zhifu\mid\pay\Common\Tool\String.class.php 第 271 行.
NOTIC: [8] Undefined offset: 2 E:\work\my\zhifu\mid\pay\Common\Controller\DefaultController.class.php 第 199 行.
INFO: [ view_parse ] --START--
INFO: [ template_filter ] --START--
INFO: Run Behavior\ContentReplaceBehavior [ RunTime:0.000000s ]
INFO: [ template_filter ] --END-- [ RunTime:0.000000s ]
NOTIC: [8] Undefined index: p E:\work\my\zhifu\mid\pay\Runtime\Cache\Manage\ed4585c89cde803b39f287265da62bb9.php 第 192 行.
NOTIC: [8] Undefined index: jkid E:\work\my\zhifu\mid\pay\Runtime\Cache\Manage\ed4585c89cde803b39f287265da62bb9.php 第 192 行.
NOTIC: [8] Undefined index: p E:\work\my\zhifu\mid\pay\Runtime\Cache\Manage\ed4585c89cde803b39f287265da62bb9.php 第 200 行.
NOTIC: [8] Undefined index: p E:\work\my\zhifu\mid\pay\Runtime\Cache\Manage\ed4585c89cde803b39f287265da62bb9.php 第 201 行.
NOTIC: [8] Undefined index: p E:\work\my\zhifu\mid\pay\Runtime\Cache\Manage\ed4585c89cde803b39f287265da62bb9.php 第 192 行.
NOTIC: [8] Undefined index: jkid E:\work\my\zhifu\mid\pay\Runtime\Cache\Manage\ed4585c89cde803b39f287265da62bb9.php 第 192 行.
NOTIC: [8] Undefined index: p E:\work\my\zhifu\mid\pay\Runtime\Cache\Manage\ed4585c89cde803b39f287265da62bb9.php 第 200 行.
NOTIC: [8] Undefined index: p E:\work\my\zhifu\mid\pay\Runtime\Cache\Manage\ed4585c89cde803b39f287265da62bb9.php 第 201 行.
INFO: Run Behavior\ParseTemplateBehavior [ RunTime:0.031200s ]
INFO: [ view_parse ] --END-- [ RunTime:0.031200s ]
INFO: [ view_filter ] --START--
INFO: Run Behavior\WriteHtmlCacheBehavior [ RunTime:0.000000s ]
INFO: [ view_filter ] --END-- [ RunTime:0.000000s ]
INFO: [ view_parse ] --START--
INFO: [ template_filter ] --START--
INFO: Run Behavior\ContentReplaceBehavior [ RunTime:0.000000s ]
INFO: [ template_filter ] --END-- [ RunTime:-0.031200s ]
NOTIC: [8] Undefined index: p E:\work\my\zhifu\mid\pay\Runtime\Cache\Manage\ed4585c89cde803b39f287265da62bb9.php 第 192 行.
NOTIC: [8] Undefined index: jkid E:\work\my\zhifu\mid\pay\Runtime\Cache\Manage\ed4585c89cde803b39f287265da62bb9.php 第 192 行.
NOTIC: [8] Undefined index: p E:\work\my\zhifu\mid\pay\Runtime\Cache\Manage\ed4585c89cde803b39f287265da62bb9.php 第 200 行.
NOTIC: [8] Undefined index: p E:\work\my\zhifu\mid\pay\Runtime\Cache\Manage\ed4585c89cde803b39f287265da62bb9.php 第 201 行.
NOTIC: [8] Undefined index: p E:\work\my\zhifu\mid\pay\Runtime\Cache\Manage\ed4585c89cde803b39f287265da62bb9.php 第 192 行.
NOTIC: [8] Undefined index: jkid E:\work\my\zhifu\mid\pay\Runtime\Cache\Manage\ed4585c89cde803b39f287265da62bb9.php 第 192 行.
NOTIC: [8] Undefined index: p E:\work\my\zhifu\mid\pay\Runtime\Cache\Manage\ed4585c89cde803b39f287265da62bb9.php 第 200 行.
NOTIC: [8] Undefined index: p E:\work\my\zhifu\mid\pay\Runtime\Cache\Manage\ed4585c89cde803b39f287265da62bb9.php 第 201 行.
INFO: Run Behavior\ParseTemplateBehavior [ RunTime:0.015600s ]
INFO: [ view_parse ] --END-- [ RunTime:0.000000s ]
INFO: [ view_filter ] --START--
INFO: Run Behavior\WriteHtmlCacheBehavior [ RunTime:0.000000s ]
INFO: [ view_filter ] --END-- [ RunTime:-0.015600s ]
INFO: [ app_end ] --START--
INFO: Run Behavior\ShowPageTraceBehavior [ RunTime:0.000000s ]
INFO: [ app_end ] --END-- [ RunTime:0.000000s ]

[ 2017-10-29T10:07:53+08:00 ] ::1 /Manage/Api/edituser/id/1.html
INFO: [ app_init ] --START--
INFO: Run Behavior\BuildLiteBehavior [ RunTime:0.000000s ]
INFO: [ app_init ] --END-- [ RunTime:0.000000s ]
INFO: [ app_begin ] --START--
INFO: Run Behavior\ReadHtmlCacheBehavior [ RunTime:0.015600s ]
INFO: [ app_begin ] --END-- [ RunTime:0.015600s ]
NOTIC: [8] Undefined offset: 0 E:\work\my\zhifu\mid\pay\Common\Logic\BaseLogic.class.php 第 84 行.
NOTIC: [8] Undefined offset: 0 E:\work\my\zhifu\mid\pay\Common\Logic\BaseLogic.class.php 第 84 行.
NOTIC: [8] Undefined index: Status E:\work\my\zhifu\mid\pay\Common\Logic\AdminLogic.class.php 第 261 行.
NOTIC: [8] Undefined offset: 1 E:\work\my\zhifu\mid\pay\Common\Tool\String.class.php 第 270 行.
NOTIC: [8] Undefined offset: 1 E:\work\my\zhifu\mid\pay\Common\Tool\String.class.php 第 271 行.
NOTIC: [8] Undefined offset: 1 E:\work\my\zhifu\mid\pay\Common\Tool\String.class.php 第 270 行.
NOTIC: [8] Undefined offset: 1 E:\work\my\zhifu\mid\pay\Common\Tool\String.class.php 第 271 行.
NOTIC: [8] Undefined offset: 1 E:\work\my\zhifu\mid\pay\Common\Tool\String.class.php 第 270 行.
NOTIC: [8] Undefined offset: 1 E:\work\my\zhifu\mid\pay\Common\Tool\String.class.php 第 271 行.
NOTIC: [8] Undefined offset: 5 E:\work\my\zhifu\mid\pay\Common\Logic\ApiLogic.class.php 第 236 行.
NOTIC: [8] Undefined offset: 5 E:\work\my\zhifu\mid\pay\Common\Logic\ApiLogic.class.php 第 237 行.
NOTIC: [8] Undefined offset: 5 E:\work\my\zhifu\mid\pay\Common\Logic\ApiLogic.class.php 第 238 行.
NOTIC: [8] Undefined offset: 1 E:\work\my\zhifu\mid\pay\Common\Tool\String.class.php 第 270 行.
NOTIC: [8] Undefined offset: 1 E:\work\my\zhifu\mid\pay\Common\Tool\String.class.php 第 271 行.
NOTIC: [8] Undefined offset: 6 E:\work\my\zhifu\mid\pay\Common\Logic\ApiLogic.class.php 第 236 行.
NOTIC: [8] Undefined offset: 6 E:\work\my\zhifu\mid\pay\Common\Logic\ApiLogic.class.php 第 237 行.
NOTIC: [8] Undefined offset: 6 E:\work\my\zhifu\mid\pay\Common\Logic\ApiLogic.class.php 第 238 行.
NOTIC: [8] Undefined offset: 1 E:\work\my\zhifu\mid\pay\Common\Tool\String.class.php 第 270 行.
NOTIC: [8] Undefined offset: 1 E:\work\my\zhifu\mid\pay\Common\Tool\String.class.php 第 271 行.
INFO: [ view_parse ] --START--
INFO: [ template_filter ] --START--
INFO: Run Behavior\ContentReplaceBehavior [ RunTime:0.000000s ]
INFO: [ template_filter ] --END-- [ RunTime:0.000000s ]
NOTIC: [8] Undefined index: alipay_appid E:\work\my\zhifu\mid\pay\Runtime\Cache\Manage\5c3544e79e734c0269f278b95d462b0f.php 第 233 行.
NOTIC: [8] Undefined index: alipay_sign E:\work\my\zhifu\mid\pay\Runtime\Cache\Manage\5c3544e79e734c0269f278b95d462b0f.php 第 242 行.
NOTIC: [8] Undefined index: alipay_sign E:\work\my\zhifu\mid\pay\Runtime\Cache\Manage\5c3544e79e734c0269f278b95d462b0f.php 第 243 行.
NOTIC: [8] Undefined index: alipay_private E:\work\my\zhifu\mid\pay\Runtime\Cache\Manage\5c3544e79e734c0269f278b95d462b0f.php 第 252 行.
NOTIC: [8] Undefined index: alipay_public E:\work\my\zhifu\mid\pay\Runtime\Cache\Manage\5c3544e79e734c0269f278b95d462b0f.php 第 260 行.
INFO: Run Behavior\ParseTemplateBehavior [ RunTime:0.046800s ]
INFO: [ view_parse ] --END-- [ RunTime:0.046800s ]
INFO: [ view_filter ] --START--
INFO: Run Behavior\WriteHtmlCacheBehavior [ RunTime:0.000000s ]
INFO: [ view_filter ] --END-- [ RunTime:0.000000s ]
INFO: [ view_parse ] --START--
INFO: [ template_filter ] --START--
INFO: Run Behavior\ContentReplaceBehavior [ RunTime:0.000000s ]
INFO: [ template_filter ] --END-- [ RunTime:-0.031200s ]
NOTIC: [8] Undefined index: alipay_appid E:\work\my\zhifu\mid\pay\Runtime\Cache\Manage\5c3544e79e734c0269f278b95d462b0f.php 第 233 行.
NOTIC: [8] Undefined index: alipay_sign E:\work\my\zhifu\mid\pay\Runtime\Cache\Manage\5c3544e79e734c0269f278b95d462b0f.php 第 242 行.
NOTIC: [8] Undefined index: alipay_sign E:\work\my\zhifu\mid\pay\Runtime\Cache\Manage\5c3544e79e734c0269f278b95d462b0f.php 第 243 行.
NOTIC: [8] Undefined index: alipay_private E:\work\my\zhifu\mid\pay\Runtime\Cache\Manage\5c3544e79e734c0269f278b95d462b0f.php 第 252 行.
NOTIC: [8] Undefined index: alipay_public E:\work\my\zhifu\mid\pay\Runtime\Cache\Manage\5c3544e79e734c0269f278b95d462b0f.php 第 260 行.
INFO: Run Behavior\ParseTemplateBehavior [ RunTime:0.015600s ]
INFO: [ view_parse ] --END-- [ RunTime:0.000000s ]
INFO: [ view_filter ] --START--
INFO: Run Behavior\WriteHtmlCacheBehavior [ RunTime:0.000000s ]
INFO: [ view_filter ] --END-- [ RunTime:-0.015600s ]
INFO: [ app_end ] --START--
INFO: Run Behavior\ShowPageTraceBehavior [ RunTime:0.015600s ]
INFO: [ app_end ] --END-- [ RunTime:0.015600s ]

