[ 2017-10-07T09:22:19+08:00 ] ::1 /Manage
INFO: [ app_init ] --START--
INFO: Run Behavior\BuildLiteBehavior [ RunTime:0.000000s ]
INFO: [ app_init ] --END-- [ RunTime:0.000000s ]
INFO: [ app_begin ] --START--
INFO: Run Behavior\ReadHtmlCacheBehavior [ RunTime:0.015600s ]
INFO: [ app_begin ] --END-- [ RunTime:0.015600s ]
NOTIC: [8] Undefined offset: 0 E:\work\my\zhifu\pay\Common\Logic\BaseLogic.class.php 第 78 行.
NOTIC: [8] Undefined offset: 0 E:\work\my\zhifu\pay\Common\Logic\BaseLogic.class.php 第 78 行.
INFO: [ view_parse ] --START--
INFO: [ template_filter ] --START--
INFO: Run Behavior\ContentReplaceBehavior [ RunTime:0.000000s ]
INFO: [ template_filter ] --END-- [ RunTime:0.000000s ]
INFO: Run Behavior\ParseTemplateBehavior [ RunTime:0.015601s ]
INFO: [ view_parse ] --END-- [ RunTime:0.015601s ]
INFO: [ view_filter ] --START--
INFO: Run Behavior\WriteHtmlCacheBehavior [ RunTime:0.000000s ]
INFO: [ view_filter ] --END-- [ RunTime:0.000000s ]
INFO: [ app_end ] --START--
INFO: Run Behavior\ShowPageTraceBehavior [ RunTime:0.000000s ]
INFO: [ app_end ] --END-- [ RunTime:0.000000s ]

[ 2017-10-07T09:22:24+08:00 ] ::1 /Manage/Index/login.html
INFO: [ app_init ] --START--
INFO: Run Behavior\BuildLiteBehavior [ RunTime:0.000000s ]
INFO: [ app_init ] --END-- [ RunTime:0.000000s ]
INFO: [ app_begin ] --START--
INFO: Run Behavior\ReadHtmlCacheBehavior [ RunTime:0.000000s ]
INFO: [ app_begin ] --END-- [ RunTime:0.000000s ]
NOTIC: [8] Undefined offset: 0 E:\work\my\zhifu\pay\Common\Logic\BaseLogic.class.php 第 78 行.
NOTIC: [8] Undefined offset: 0 E:\work\my\zhifu\pay\Common\Logic\BaseLogic.class.php 第 78 行.
NOTIC: [8] Undefined offset: 0 E:\work\my\zhifu\pay\Common\Logic\BaseLogic.class.php 第 78 行.
NOTIC: [8] Undefined offset: 4 E:\work\my\zhifu\pay\Common\Controller\DefaultController.class.php 第 196 行.

[ 2017-10-07T09:22:28+08:00 ] ::1 /Manage/Main/index.html
INFO: [ app_init ] --START--
INFO: Run Behavior\BuildLiteBehavior [ RunTime:0.000000s ]
INFO: [ app_init ] --END-- [ RunTime:0.000000s ]
INFO: [ app_begin ] --START--
INFO: Run Behavior\ReadHtmlCacheBehavior [ RunTime:0.000000s ]
INFO: [ app_begin ] --END-- [ RunTime:0.000000s ]
NOTIC: [8] Undefined offset: 0 E:\work\my\zhifu\pay\Common\Logic\BaseLogic.class.php 第 78 行.
NOTIC: [8] Undefined offset: 0 E:\work\my\zhifu\pay\Common\Logic\BaseLogic.class.php 第 78 行.
NOTIC: [8] Undefined index: Status E:\work\my\zhifu\pay\Common\Logic\AdminLogic.class.php 第 255 行.
INFO: [ view_parse ] --START--
INFO: [ template_filter ] --START--
INFO: Run Behavior\ContentReplaceBehavior [ RunTime:0.000000s ]
INFO: [ template_filter ] --END-- [ RunTime:0.000000s ]
NOTIC: [2] mysql_get_server_info(): Access denied for user ''@'localhost' (using password: NO) E:\work\my\zhifu\pay\Runtime\Cache\Manage\f54cf85c1377664aff409b0880ba0877.php 第 205 行.
NOTIC: [2] mysql_get_server_info(): A link to the server could not be established E:\work\my\zhifu\pay\Runtime\Cache\Manage\f54cf85c1377664aff409b0880ba0877.php 第 205 行.
INFO: Run Behavior\ParseTemplateBehavior [ RunTime:1.076402s ]
INFO: [ view_parse ] --END-- [ RunTime:1.076402s ]
INFO: [ view_filter ] --START--
INFO: Run Behavior\WriteHtmlCacheBehavior [ RunTime:0.000000s ]
INFO: [ view_filter ] --END-- [ RunTime:0.000000s ]
INFO: [ app_end ] --START--
INFO: Run Behavior\ShowPageTraceBehavior [ RunTime:0.000000s ]
INFO: [ app_end ] --END-- [ RunTime:0.000000s ]

[ 2017-10-07T18:43:43+08:00 ] ::1 /Manage/Param/index.html
INFO: [ app_init ] --START--
INFO: Run Behavior\BuildLiteBehavior [ RunTime:0.000000s ]
INFO: [ app_init ] --END-- [ RunTime:0.000000s ]
INFO: [ app_begin ] --START--
INFO: Run Behavior\ReadHtmlCacheBehavior [ RunTime:0.000000s ]
INFO: [ app_begin ] --END-- [ RunTime:0.000000s ]
NOTIC: [8] Undefined offset: 0 E:\work\my\zhifu\pay\Common\Logic\BaseLogic.class.php 第 78 行.
NOTIC: [8] Undefined offset: 0 E:\work\my\zhifu\pay\Common\Logic\BaseLogic.class.php 第 78 行.
NOTIC: [8] Undefined index: Status E:\work\my\zhifu\pay\Common\Logic\AdminLogic.class.php 第 255 行.
NOTIC: [8] Undefined offset: 1 E:\work\my\zhifu\pay\Common\Tool\String.class.php 第 270 行.
NOTIC: [8] Undefined offset: 1 E:\work\my\zhifu\pay\Common\Tool\String.class.php 第 271 行.
NOTIC: [8] Undefined offset: 1 E:\work\my\zhifu\pay\Common\Tool\String.class.php 第 270 行.
NOTIC: [8] Undefined offset: 1 E:\work\my\zhifu\pay\Common\Tool\String.class.php 第 271 行.
NOTIC: [8] Undefined offset: 1 E:\work\my\zhifu\pay\Common\Tool\String.class.php 第 270 行.
NOTIC: [8] Undefined offset: 1 E:\work\my\zhifu\pay\Common\Tool\String.class.php 第 271 行.
NOTIC: [8] Undefined offset: 2 E:\work\my\zhifu\pay\Common\Controller\DefaultController.class.php 第 192 行.
INFO: [ view_parse ] --START--
INFO: [ template_filter ] --START--
INFO: Run Behavior\ContentReplaceBehavior [ RunTime:0.000000s ]
INFO: [ template_filter ] --END-- [ RunTime:0.000000s ]
INFO: Run Behavior\ParseTemplateBehavior [ RunTime:0.062400s ]
INFO: [ view_parse ] --END-- [ RunTime:0.062400s ]
INFO: [ view_filter ] --START--
INFO: Run Behavior\WriteHtmlCacheBehavior [ RunTime:0.000000s ]
INFO: [ view_filter ] --END-- [ RunTime:0.000000s ]
INFO: [ view_parse ] --START--
INFO: [ template_filter ] --START--
INFO: Run Behavior\ContentReplaceBehavior [ RunTime:0.000000s ]
INFO: [ template_filter ] --END-- [ RunTime:-0.015600s ]
INFO: Run Behavior\ParseTemplateBehavior [ RunTime:0.031200s ]
INFO: [ view_parse ] --END-- [ RunTime:0.000000s ]
INFO: [ view_filter ] --START--
INFO: Run Behavior\WriteHtmlCacheBehavior [ RunTime:0.000000s ]
INFO: [ view_filter ] --END-- [ RunTime:-0.031200s ]
INFO: [ app_end ] --START--
INFO: Run Behavior\ShowPageTraceBehavior [ RunTime:0.000000s ]
INFO: [ app_end ] --END-- [ RunTime:0.000000s ]

[ 2017-10-07T18:43:53+08:00 ] ::1 /Manage/Param/save.html
INFO: [ app_init ] --START--
INFO: Run Behavior\BuildLiteBehavior [ RunTime:0.000000s ]
INFO: [ app_init ] --END-- [ RunTime:0.000000s ]
INFO: [ app_begin ] --START--
INFO: Run Behavior\ReadHtmlCacheBehavior [ RunTime:0.000000s ]
INFO: [ app_begin ] --END-- [ RunTime:0.000000s ]
NOTIC: [8] Undefined offset: 0 E:\work\my\zhifu\pay\Common\Logic\BaseLogic.class.php 第 78 行.
NOTIC: [8] Undefined offset: 0 E:\work\my\zhifu\pay\Common\Logic\BaseLogic.class.php 第 78 行.
NOTIC: [8] Undefined index: Status E:\work\my\zhifu\pay\Common\Logic\AdminLogic.class.php 第 255 行.
NOTIC: [8] Undefined offset: 0 E:\work\my\zhifu\pay\Common\Logic\BaseLogic.class.php 第 78 行.
NOTIC: [8] Undefined offset: 4 E:\work\my\zhifu\pay\Common\Controller\DefaultController.class.php 第 196 行.

[ 2017-10-07T18:43:56+08:00 ] ::1 /Manage/Param
INFO: [ app_init ] --START--
INFO: Run Behavior\BuildLiteBehavior [ RunTime:0.000000s ]
INFO: [ app_init ] --END-- [ RunTime:0.015600s ]
INFO: [ app_begin ] --START--
INFO: Run Behavior\ReadHtmlCacheBehavior [ RunTime:0.000000s ]
INFO: [ app_begin ] --END-- [ RunTime:0.000000s ]
NOTIC: [8] Undefined offset: 0 E:\work\my\zhifu\pay\Common\Logic\BaseLogic.class.php 第 78 行.
NOTIC: [8] Undefined offset: 0 E:\work\my\zhifu\pay\Common\Logic\BaseLogic.class.php 第 78 行.
NOTIC: [8] Undefined index: Status E:\work\my\zhifu\pay\Common\Logic\AdminLogic.class.php 第 255 行.
NOTIC: [8] Undefined offset: 1 E:\work\my\zhifu\pay\Common\Tool\String.class.php 第 270 行.
NOTIC: [8] Undefined offset: 1 E:\work\my\zhifu\pay\Common\Tool\String.class.php 第 271 行.
NOTIC: [8] Undefined offset: 1 E:\work\my\zhifu\pay\Common\Tool\String.class.php 第 270 行.
NOTIC: [8] Undefined offset: 1 E:\work\my\zhifu\pay\Common\Tool\String.class.php 第 271 行.
NOTIC: [8] Undefined offset: 1 E:\work\my\zhifu\pay\Common\Tool\String.class.php 第 270 行.
NOTIC: [8] Undefined offset: 1 E:\work\my\zhifu\pay\Common\Tool\String.class.php 第 271 行.
NOTIC: [8] Undefined offset: 2 E:\work\my\zhifu\pay\Common\Controller\DefaultController.class.php 第 192 行.
INFO: [ view_parse ] --START--
INFO: [ template_filter ] --START--
INFO: Run Behavior\ContentReplaceBehavior [ RunTime:0.000000s ]
INFO: [ template_filter ] --END-- [ RunTime:0.000000s ]
INFO: Run Behavior\ParseTemplateBehavior [ RunTime:0.062400s ]
INFO: [ view_parse ] --END-- [ RunTime:0.062400s ]
INFO: [ view_filter ] --START--
INFO: Run Behavior\WriteHtmlCacheBehavior [ RunTime:0.000000s ]
INFO: [ view_filter ] --END-- [ RunTime:0.000000s ]
INFO: [ view_parse ] --START--
INFO: [ template_filter ] --START--
INFO: Run Behavior\ContentReplaceBehavior [ RunTime:0.000000s ]
INFO: [ template_filter ] --END-- [ RunTime:-0.031200s ]
INFO: Run Behavior\ParseTemplateBehavior [ RunTime:0.015600s ]
INFO: [ view_parse ] --END-- [ RunTime:0.000000s ]
INFO: [ view_filter ] --START--
INFO: Run Behavior\WriteHtmlCacheBehavior [ RunTime:0.000000s ]
INFO: [ view_filter ] --END-- [ RunTime:-0.015600s ]
INFO: [ app_end ] --START--
INFO: Run Behavior\ShowPageTraceBehavior [ RunTime:0.015600s ]
INFO: [ app_end ] --END-- [ RunTime:0.015600s ]

[ 2017-10-07T18:44:12+08:00 ] ::1 /Manage/Param
INFO: [ app_init ] --START--
INFO: Run Behavior\BuildLiteBehavior [ RunTime:0.000000s ]
INFO: [ app_init ] --END-- [ RunTime:0.000000s ]
INFO: [ app_begin ] --START--
INFO: Run Behavior\ReadHtmlCacheBehavior [ RunTime:0.015601s ]
INFO: [ app_begin ] --END-- [ RunTime:0.015601s ]
NOTIC: [8] Undefined offset: 0 E:\work\my\zhifu\pay\Common\Logic\BaseLogic.class.php 第 78 行.
NOTIC: [8] Undefined offset: 0 E:\work\my\zhifu\pay\Common\Logic\BaseLogic.class.php 第 78 行.
NOTIC: [8] Undefined index: Status E:\work\my\zhifu\pay\Common\Logic\AdminLogic.class.php 第 255 行.
NOTIC: [8] Undefined offset: 1 E:\work\my\zhifu\pay\Common\Tool\String.class.php 第 270 行.
NOTIC: [8] Undefined offset: 1 E:\work\my\zhifu\pay\Common\Tool\String.class.php 第 271 行.
NOTIC: [8] Undefined offset: 1 E:\work\my\zhifu\pay\Common\Tool\String.class.php 第 270 行.
NOTIC: [8] Undefined offset: 1 E:\work\my\zhifu\pay\Common\Tool\String.class.php 第 271 行.
NOTIC: [8] Undefined offset: 1 E:\work\my\zhifu\pay\Common\Tool\String.class.php 第 270 行.
NOTIC: [8] Undefined offset: 1 E:\work\my\zhifu\pay\Common\Tool\String.class.php 第 271 行.
NOTIC: [8] Undefined offset: 2 E:\work\my\zhifu\pay\Common\Controller\DefaultController.class.php 第 192 行.
INFO: [ view_parse ] --START--
INFO: [ template_filter ] --START--
INFO: Run Behavior\ContentReplaceBehavior [ RunTime:0.000000s ]
INFO: [ template_filter ] --END-- [ RunTime:0.000000s ]
INFO: Run Behavior\ParseTemplateBehavior [ RunTime:0.031200s ]
INFO: [ view_parse ] --END-- [ RunTime:0.031200s ]
INFO: [ view_filter ] --START--
INFO: Run Behavior\WriteHtmlCacheBehavior [ RunTime:0.000000s ]
INFO: [ view_filter ] --END-- [ RunTime:0.000000s ]
INFO: [ view_parse ] --START--
INFO: [ template_filter ] --START--
INFO: Run Behavior\ContentReplaceBehavior [ RunTime:0.000000s ]
INFO: [ template_filter ] --END-- [ RunTime:-0.015600s ]
INFO: Run Behavior\ParseTemplateBehavior [ RunTime:0.015600s ]
INFO: [ view_parse ] --END-- [ RunTime:0.000000s ]
INFO: [ view_filter ] --START--
INFO: Run Behavior\WriteHtmlCacheBehavior [ RunTime:0.000000s ]
INFO: [ view_filter ] --END-- [ RunTime:-0.015600s ]
INFO: [ app_end ] --START--
INFO: Run Behavior\ShowPageTraceBehavior [ RunTime:0.000000s ]
INFO: [ app_end ] --END-- [ RunTime:0.000000s ]

