[ 2017-10-09T18:57:45+08:00 ] ::1 /Manage
INFO: [ app_init ] --START--
INFO: Run Behavior\BuildLiteBehavior [ RunTime:0.000000s ]
INFO: [ app_init ] --END-- [ RunTime:0.000000s ]
INFO: [ app_begin ] --START--
INFO: Run Behavior\ReadHtmlCacheBehavior [ RunTime:0.000000s ]
INFO: [ app_begin ] --END-- [ RunTime:0.000000s ]
NOTIC: [8] Undefined offset: 0 E:\work\my\zhifu\pay\Common\Logic\BaseLogic.class.php 第 78 行.
NOTIC: [8] Undefined offset: 0 E:\work\my\zhifu\pay\Common\Logic\BaseLogic.class.php 第 78 行.
INFO: [ view_parse ] --START--
INFO: [ template_filter ] --START--
INFO: Run Behavior\ContentReplaceBehavior [ RunTime:0.000000s ]
INFO: [ template_filter ] --END-- [ RunTime:0.000000s ]
INFO: Run Behavior\ParseTemplateBehavior [ RunTime:0.015600s ]
INFO: [ view_parse ] --END-- [ RunTime:0.015600s ]
INFO: [ view_filter ] --START--
INFO: Run Behavior\WriteHtmlCacheBehavior [ RunTime:0.000000s ]
INFO: [ view_filter ] --END-- [ RunTime:0.000000s ]
INFO: [ app_end ] --START--
INFO: Run Behavior\ShowPageTraceBehavior [ RunTime:0.000000s ]
INFO: [ app_end ] --END-- [ RunTime:0.000000s ]

[ 2017-10-09T18:57:51+08:00 ] ::1 /Manage/Index/login.html
INFO: [ app_init ] --START--
INFO: Run Behavior\BuildLiteBehavior [ RunTime:0.000000s ]
INFO: [ app_init ] --END-- [ RunTime:0.000000s ]
INFO: [ app_begin ] --START--
INFO: Run Behavior\ReadHtmlCacheBehavior [ RunTime:0.000000s ]
INFO: [ app_begin ] --END-- [ RunTime:0.000000s ]
NOTIC: [8] Undefined offset: 0 E:\work\my\zhifu\pay\Common\Logic\BaseLogic.class.php 第 78 行.
NOTIC: [8] Undefined offset: 0 E:\work\my\zhifu\pay\Common\Logic\BaseLogic.class.php 第 78 行.
NOTIC: [8] Undefined offset: 0 E:\work\my\zhifu\pay\Common\Logic\BaseLogic.class.php 第 78 行.
NOTIC: [8] Undefined offset: 4 E:\work\my\zhifu\pay\Common\Controller\DefaultController.class.php 第 196 行.

[ 2017-10-09T18:57:55+08:00 ] ::1 /Manage/Main/index.html
INFO: [ app_init ] --START--
INFO: Run Behavior\BuildLiteBehavior [ RunTime:0.000000s ]
INFO: [ app_init ] --END-- [ RunTime:0.000000s ]
INFO: [ app_begin ] --START--
INFO: Run Behavior\ReadHtmlCacheBehavior [ RunTime:0.000000s ]
INFO: [ app_begin ] --END-- [ RunTime:0.000000s ]
NOTIC: [8] Undefined offset: 0 E:\work\my\zhifu\pay\Common\Logic\BaseLogic.class.php 第 78 行.
NOTIC: [8] Undefined offset: 0 E:\work\my\zhifu\pay\Common\Logic\BaseLogic.class.php 第 78 行.
NOTIC: [8] Undefined index: Status E:\work\my\zhifu\pay\Common\Logic\AdminLogic.class.php 第 255 行.
INFO: [ view_parse ] --START--
INFO: [ template_filter ] --START--
INFO: Run Behavior\ContentReplaceBehavior [ RunTime:0.000000s ]
INFO: [ template_filter ] --END-- [ RunTime:0.000000s ]
NOTIC: [2] mysql_get_server_info(): Access denied for user ''@'localhost' (using password: NO) E:\work\my\zhifu\pay\Runtime\Cache\Manage\f54cf85c1377664aff409b0880ba0877.php 第 205 行.
NOTIC: [2] mysql_get_server_info(): A link to the server could not be established E:\work\my\zhifu\pay\Runtime\Cache\Manage\f54cf85c1377664aff409b0880ba0877.php 第 205 行.
INFO: Run Behavior\ParseTemplateBehavior [ RunTime:1.107602s ]
INFO: [ view_parse ] --END-- [ RunTime:1.107602s ]
INFO: [ view_filter ] --START--
INFO: Run Behavior\WriteHtmlCacheBehavior [ RunTime:0.000000s ]
INFO: [ view_filter ] --END-- [ RunTime:0.000000s ]
INFO: [ app_end ] --START--
INFO: Run Behavior\ShowPageTraceBehavior [ RunTime:0.000000s ]
INFO: [ app_end ] --END-- [ RunTime:0.000000s ]

[ 2017-10-09T18:57:59+08:00 ] ::1 /Manage/Dingdan/wei.html
INFO: [ app_init ] --START--
INFO: Run Behavior\BuildLiteBehavior [ RunTime:0.000000s ]
INFO: [ app_init ] --END-- [ RunTime:0.000000s ]
INFO: [ app_begin ] --START--
INFO: Run Behavior\ReadHtmlCacheBehavior [ RunTime:0.000000s ]
INFO: [ app_begin ] --END-- [ RunTime:0.000000s ]
NOTIC: [8] Undefined offset: 0 E:\work\my\zhifu\pay\Common\Logic\BaseLogic.class.php 第 78 行.
NOTIC: [8] Undefined offset: 0 E:\work\my\zhifu\pay\Common\Logic\BaseLogic.class.php 第 78 行.
NOTIC: [8] Undefined index: Status E:\work\my\zhifu\pay\Common\Logic\AdminLogic.class.php 第 255 行.

[ 2017-10-09T18:57:59+08:00 ] ::1 /Manage/Dingdan/index/status/0.html
INFO: [ app_init ] --START--
INFO: Run Behavior\BuildLiteBehavior [ RunTime:0.000000s ]
INFO: [ app_init ] --END-- [ RunTime:0.000000s ]
INFO: [ app_begin ] --START--
INFO: Run Behavior\ReadHtmlCacheBehavior [ RunTime:0.000000s ]
INFO: [ app_begin ] --END-- [ RunTime:0.000000s ]
NOTIC: [8] Undefined offset: 0 E:\work\my\zhifu\pay\Common\Logic\BaseLogic.class.php 第 78 行.
NOTIC: [8] Undefined offset: 0 E:\work\my\zhifu\pay\Common\Logic\BaseLogic.class.php 第 78 行.
NOTIC: [8] Undefined index: Status E:\work\my\zhifu\pay\Common\Logic\AdminLogic.class.php 第 255 行.
NOTIC: [8] Undefined index: userid E:\work\my\zhifu\pay\Common\Logic\DingdanLogic.class.php 第 29 行.
NOTIC: [8] Undefined index: ordernum E:\work\my\zhifu\pay\Common\Logic\DingdanLogic.class.php 第 33 行.
NOTIC: [8] Undefined index: jkstyle E:\work\my\zhifu\pay\Common\Logic\DingdanLogic.class.php 第 37 行.
NOTIC: [8] Undefined index: start E:\work\my\zhifu\pay\Common\Logic\DingdanLogic.class.php 第 41 行.
NOTIC: [8] Undefined index: end E:\work\my\zhifu\pay\Common\Logic\DingdanLogic.class.php 第 45 行.
NOTIC: [8] Undefined index: p E:\work\my\zhifu\pay\Common\Logic\DingdanLogic.class.php 第 76 行.
NOTIC: [8] Undefined offset: 1 E:\work\my\zhifu\pay\Common\Tool\String.class.php 第 270 行.
NOTIC: [8] Undefined offset: 1 E:\work\my\zhifu\pay\Common\Tool\String.class.php 第 271 行.
NOTIC: [8] Undefined offset: 1 E:\work\my\zhifu\pay\Common\Tool\String.class.php 第 270 行.
NOTIC: [8] Undefined offset: 1 E:\work\my\zhifu\pay\Common\Tool\String.class.php 第 271 行.
NOTIC: [8] Undefined offset: 1 E:\work\my\zhifu\pay\Common\Tool\String.class.php 第 270 行.
NOTIC: [8] Undefined offset: 1 E:\work\my\zhifu\pay\Common\Tool\String.class.php 第 271 行.
NOTIC: [8] Undefined index: phone E:\work\my\zhifu\pay\Common\Tool\ThisPage.class.php 第 63 行.
NOTIC: [8] Undefined offset: 2 E:\work\my\zhifu\pay\Common\Controller\DefaultController.class.php 第 192 行.
INFO: [ view_parse ] --START--
INFO: [ template_filter ] --START--
INFO: Run Behavior\ContentReplaceBehavior [ RunTime:0.000000s ]
INFO: [ template_filter ] --END-- [ RunTime:0.000000s ]
NOTIC: [8] Undefined index: userid E:\work\my\zhifu\pay\Runtime\Cache\Manage\bff16f1effe6b39d4b34fd2e57b1d3e6.php 第 243 行.
NOTIC: [8] Undefined index: ordernum E:\work\my\zhifu\pay\Runtime\Cache\Manage\bff16f1effe6b39d4b34fd2e57b1d3e6.php 第 246 行.
NOTIC: [8] Undefined index: jkstyle E:\work\my\zhifu\pay\Runtime\Cache\Manage\bff16f1effe6b39d4b34fd2e57b1d3e6.php 第 251 行.
NOTIC: [8] Use of undefined constant jkstyle - assumed 'jkstyle' E:\work\my\zhifu\pay\Runtime\Cache\Manage\bff16f1effe6b39d4b34fd2e57b1d3e6.php 第 251 行.
NOTIC: [8] Array to string conversion E:\work\my\zhifu\pay\Runtime\Cache\Manage\bff16f1effe6b39d4b34fd2e57b1d3e6.php 第 251 行.
NOTIC: [8] Undefined index: jkstyle E:\work\my\zhifu\pay\Runtime\Cache\Manage\bff16f1effe6b39d4b34fd2e57b1d3e6.php 第 251 行.
NOTIC: [8] Use of undefined constant jkstyle - assumed 'jkstyle' E:\work\my\zhifu\pay\Runtime\Cache\Manage\bff16f1effe6b39d4b34fd2e57b1d3e6.php 第 251 行.
NOTIC: [8] Array to string conversion E:\work\my\zhifu\pay\Runtime\Cache\Manage\bff16f1effe6b39d4b34fd2e57b1d3e6.php 第 251 行.
NOTIC: [8] Undefined index: jkstyle E:\work\my\zhifu\pay\Runtime\Cache\Manage\bff16f1effe6b39d4b34fd2e57b1d3e6.php 第 251 行.
NOTIC: [8] Use of undefined constant jkstyle - assumed 'jkstyle' E:\work\my\zhifu\pay\Runtime\Cache\Manage\bff16f1effe6b39d4b34fd2e57b1d3e6.php 第 251 行.
NOTIC: [8] Array to string conversion E:\work\my\zhifu\pay\Runtime\Cache\Manage\bff16f1effe6b39d4b34fd2e57b1d3e6.php 第 251 行.
NOTIC: [8] Undefined index: jkstyle E:\work\my\zhifu\pay\Runtime\Cache\Manage\bff16f1effe6b39d4b34fd2e57b1d3e6.php 第 251 行.
NOTIC: [8] Use of undefined constant jkstyle - assumed 'jkstyle' E:\work\my\zhifu\pay\Runtime\Cache\Manage\bff16f1effe6b39d4b34fd2e57b1d3e6.php 第 251 行.
NOTIC: [8] Array to string conversion E:\work\my\zhifu\pay\Runtime\Cache\Manage\bff16f1effe6b39d4b34fd2e57b1d3e6.php 第 251 行.
NOTIC: [8] Undefined index: jkstyle E:\work\my\zhifu\pay\Runtime\Cache\Manage\bff16f1effe6b39d4b34fd2e57b1d3e6.php 第 251 行.
NOTIC: [8] Use of undefined constant jkstyle - assumed 'jkstyle' E:\work\my\zhifu\pay\Runtime\Cache\Manage\bff16f1effe6b39d4b34fd2e57b1d3e6.php 第 251 行.
NOTIC: [8] Array to string conversion E:\work\my\zhifu\pay\Runtime\Cache\Manage\bff16f1effe6b39d4b34fd2e57b1d3e6.php 第 251 行.
NOTIC: [8] Undefined index: p E:\work\my\zhifu\pay\Runtime\Cache\Manage\bff16f1effe6b39d4b34fd2e57b1d3e6.php 第 297 行.
NOTIC: [8] Undefined index: p E:\work\my\zhifu\pay\Runtime\Cache\Manage\bff16f1effe6b39d4b34fd2e57b1d3e6.php 第 297 行.
NOTIC: [8] Undefined index: p E:\work\my\zhifu\pay\Runtime\Cache\Manage\bff16f1effe6b39d4b34fd2e57b1d3e6.php 第 297 行.
INFO: Run Behavior\ParseTemplateBehavior [ RunTime:0.046800s ]
INFO: [ view_parse ] --END-- [ RunTime:0.046800s ]
INFO: [ view_filter ] --START--
INFO: Run Behavior\WriteHtmlCacheBehavior [ RunTime:0.000000s ]
INFO: [ view_filter ] --END-- [ RunTime:0.000000s ]
INFO: [ view_parse ] --START--
INFO: [ template_filter ] --START--
INFO: Run Behavior\ContentReplaceBehavior [ RunTime:0.000000s ]
INFO: [ template_filter ] --END-- [ RunTime:-0.031200s ]
NOTIC: [8] Undefined index: userid E:\work\my\zhifu\pay\Runtime\Cache\Manage\bff16f1effe6b39d4b34fd2e57b1d3e6.php 第 243 行.
NOTIC: [8] Undefined index: ordernum E:\work\my\zhifu\pay\Runtime\Cache\Manage\bff16f1effe6b39d4b34fd2e57b1d3e6.php 第 246 行.
NOTIC: [8] Undefined index: jkstyle E:\work\my\zhifu\pay\Runtime\Cache\Manage\bff16f1effe6b39d4b34fd2e57b1d3e6.php 第 251 行.
NOTIC: [8] Use of undefined constant jkstyle - assumed 'jkstyle' E:\work\my\zhifu\pay\Runtime\Cache\Manage\bff16f1effe6b39d4b34fd2e57b1d3e6.php 第 251 行.
NOTIC: [8] Array to string conversion E:\work\my\zhifu\pay\Runtime\Cache\Manage\bff16f1effe6b39d4b34fd2e57b1d3e6.php 第 251 行.
NOTIC: [8] Undefined index: jkstyle E:\work\my\zhifu\pay\Runtime\Cache\Manage\bff16f1effe6b39d4b34fd2e57b1d3e6.php 第 251 行.
NOTIC: [8] Use of undefined constant jkstyle - assumed 'jkstyle' E:\work\my\zhifu\pay\Runtime\Cache\Manage\bff16f1effe6b39d4b34fd2e57b1d3e6.php 第 251 行.
NOTIC: [8] Array to string conversion E:\work\my\zhifu\pay\Runtime\Cache\Manage\bff16f1effe6b39d4b34fd2e57b1d3e6.php 第 251 行.
NOTIC: [8] Undefined index: jkstyle E:\work\my\zhifu\pay\Runtime\Cache\Manage\bff16f1effe6b39d4b34fd2e57b1d3e6.php 第 251 行.
NOTIC: [8] Use of undefined constant jkstyle - assumed 'jkstyle' E:\work\my\zhifu\pay\Runtime\Cache\Manage\bff16f1effe6b39d4b34fd2e57b1d3e6.php 第 251 行.
NOTIC: [8] Array to string conversion E:\work\my\zhifu\pay\Runtime\Cache\Manage\bff16f1effe6b39d4b34fd2e57b1d3e6.php 第 251 行.
NOTIC: [8] Undefined index: jkstyle E:\work\my\zhifu\pay\Runtime\Cache\Manage\bff16f1effe6b39d4b34fd2e57b1d3e6.php 第 251 行.
NOTIC: [8] Use of undefined constant jkstyle - assumed 'jkstyle' E:\work\my\zhifu\pay\Runtime\Cache\Manage\bff16f1effe6b39d4b34fd2e57b1d3e6.php 第 251 行.
NOTIC: [8] Array to string conversion E:\work\my\zhifu\pay\Runtime\Cache\Manage\bff16f1effe6b39d4b34fd2e57b1d3e6.php 第 251 行.
NOTIC: [8] Undefined index: jkstyle E:\work\my\zhifu\pay\Runtime\Cache\Manage\bff16f1effe6b39d4b34fd2e57b1d3e6.php 第 251 行.
NOTIC: [8] Use of undefined constant jkstyle - assumed 'jkstyle' E:\work\my\zhifu\pay\Runtime\Cache\Manage\bff16f1effe6b39d4b34fd2e57b1d3e6.php 第 251 行.
NOTIC: [8] Array to string conversion E:\work\my\zhifu\pay\Runtime\Cache\Manage\bff16f1effe6b39d4b34fd2e57b1d3e6.php 第 251 行.
NOTIC: [8] Undefined index: p E:\work\my\zhifu\pay\Runtime\Cache\Manage\bff16f1effe6b39d4b34fd2e57b1d3e6.php 第 297 行.
NOTIC: [8] Undefined index: p E:\work\my\zhifu\pay\Runtime\Cache\Manage\bff16f1effe6b39d4b34fd2e57b1d3e6.php 第 297 行.
NOTIC: [8] Undefined index: p E:\work\my\zhifu\pay\Runtime\Cache\Manage\bff16f1effe6b39d4b34fd2e57b1d3e6.php 第 297 行.
INFO: Run Behavior\ParseTemplateBehavior [ RunTime:0.046800s ]
INFO: [ view_parse ] --END-- [ RunTime:0.000000s ]
INFO: [ view_filter ] --START--
INFO: Run Behavior\WriteHtmlCacheBehavior [ RunTime:0.000000s ]
INFO: [ view_filter ] --END-- [ RunTime:-0.046800s ]
INFO: [ app_end ] --START--
INFO: Run Behavior\ShowPageTraceBehavior [ RunTime:0.000000s ]
INFO: [ app_end ] --END-- [ RunTime:0.000000s ]

