[ 2017-10-24T16:30:12+08:00 ] ::1 /Manage/User
INFO: [ app_init ] --START--
INFO: Run Behavior\BuildLiteBehavior [ RunTime:0.000000s ]
INFO: [ app_init ] --END-- [ RunTime:0.000000s ]
INFO: [ app_begin ] --START--
INFO: Run Behavior\ReadHtmlCacheBehavior [ RunTime:0.000000s ]
INFO: [ app_begin ] --END-- [ RunTime:0.000000s ]
NOTIC: [8] Undefined offset: 0 E:\work\my\zhifu\mid\pay\Common\Logic\BaseLogic.class.php 第 84 行.
NOTIC: [8] Undefined offset: 0 E:\work\my\zhifu\mid\pay\Common\Logic\BaseLogic.class.php 第 84 行.
NOTIC: [8] Undefined index: Status E:\work\my\zhifu\mid\pay\Common\Logic\AdminLogic.class.php 第 261 行.
NOTIC: [8] Undefined index: username E:\work\my\zhifu\mid\pay\Common\Logic\UserLogic.class.php 第 22 行.
NOTIC: [8] Undefined index: userid E:\work\my\zhifu\mid\pay\Common\Logic\UserLogic.class.php 第 26 行.
NOTIC: [8] Undefined index: email E:\work\my\zhifu\mid\pay\Common\Logic\UserLogic.class.php 第 30 行.
NOTIC: [8] Undefined index: phone E:\work\my\zhifu\mid\pay\Common\Logic\UserLogic.class.php 第 34 行.
NOTIC: [8] Undefined index: agent E:\work\my\zhifu\mid\pay\Common\Logic\UserLogic.class.php 第 38 行.
NOTIC: [8] Undefined index: ifagent E:\work\my\zhifu\mid\pay\Common\Logic\UserLogic.class.php 第 42 行.
NOTIC: [8] Undefined index: status E:\work\my\zhifu\mid\pay\Common\Logic\UserLogic.class.php 第 46 行.
NOTIC: [8] Undefined index: p E:\work\my\zhifu\mid\pay\Common\Logic\UserLogic.class.php 第 56 行.
NOTIC: [8] Undefined offset: 1 E:\work\my\zhifu\mid\pay\Common\Tool\String.class.php 第 270 行.
NOTIC: [8] Undefined offset: 1 E:\work\my\zhifu\mid\pay\Common\Tool\String.class.php 第 271 行.
NOTIC: [8] Undefined offset: 1 E:\work\my\zhifu\mid\pay\Common\Tool\String.class.php 第 270 行.
NOTIC: [8] Undefined offset: 1 E:\work\my\zhifu\mid\pay\Common\Tool\String.class.php 第 271 行.
NOTIC: [8] Undefined offset: 1 E:\work\my\zhifu\mid\pay\Common\Tool\String.class.php 第 270 行.
NOTIC: [8] Undefined offset: 1 E:\work\my\zhifu\mid\pay\Common\Tool\String.class.php 第 271 行.
NOTIC: [8] Undefined index: phone E:\work\my\zhifu\mid\pay\Common\Tool\ThisPage.class.php 第 63 行.
NOTIC: [8] Undefined offset: 2 E:\work\my\zhifu\mid\pay\Common\Controller\DefaultController.class.php 第 199 行.
INFO: [ view_parse ] --START--
INFO: [ template_filter ] --START--
INFO: Run Behavior\ContentReplaceBehavior [ RunTime:0.000000s ]
INFO: [ template_filter ] --END-- [ RunTime:0.000000s ]
NOTIC: [8] Undefined index: userid E:\work\my\zhifu\mid\pay\Runtime\Cache\Manage\3bdad9718a080ed0223cfa9b3309b0b2.php 第 172 行.
NOTIC: [8] Undefined index: username E:\work\my\zhifu\mid\pay\Runtime\Cache\Manage\3bdad9718a080ed0223cfa9b3309b0b2.php 第 175 行.
NOTIC: [8] Undefined index: phone E:\work\my\zhifu\mid\pay\Runtime\Cache\Manage\3bdad9718a080ed0223cfa9b3309b0b2.php 第 178 行.
NOTIC: [8] Undefined index: email E:\work\my\zhifu\mid\pay\Runtime\Cache\Manage\3bdad9718a080ed0223cfa9b3309b0b2.php 第 181 行.
NOTIC: [8] Undefined index: status E:\work\my\zhifu\mid\pay\Runtime\Cache\Manage\3bdad9718a080ed0223cfa9b3309b0b2.php 第 186 行.
NOTIC: [8] Undefined index: status E:\work\my\zhifu\mid\pay\Runtime\Cache\Manage\3bdad9718a080ed0223cfa9b3309b0b2.php 第 187 行.
NOTIC: [8] Undefined index: ifagent E:\work\my\zhifu\mid\pay\Runtime\Cache\Manage\3bdad9718a080ed0223cfa9b3309b0b2.php 第 193 行.
NOTIC: [8] Undefined index: ifagent E:\work\my\zhifu\mid\pay\Runtime\Cache\Manage\3bdad9718a080ed0223cfa9b3309b0b2.php 第 194 行.
NOTIC: [8] Undefined index: agent E:\work\my\zhifu\mid\pay\Runtime\Cache\Manage\3bdad9718a080ed0223cfa9b3309b0b2.php 第 198 行.
NOTIC: [8] Undefined index: p E:\work\my\zhifu\mid\pay\Runtime\Cache\Manage\3bdad9718a080ed0223cfa9b3309b0b2.php 第 238 行.
NOTIC: [8] Undefined index: p E:\work\my\zhifu\mid\pay\Runtime\Cache\Manage\3bdad9718a080ed0223cfa9b3309b0b2.php 第 249 行.
NOTIC: [8] Undefined index: p E:\work\my\zhifu\mid\pay\Runtime\Cache\Manage\3bdad9718a080ed0223cfa9b3309b0b2.php 第 250 行.
NOTIC: [8] Undefined index: p E:\work\my\zhifu\mid\pay\Runtime\Cache\Manage\3bdad9718a080ed0223cfa9b3309b0b2.php 第 238 行.
NOTIC: [8] Undefined index: p E:\work\my\zhifu\mid\pay\Runtime\Cache\Manage\3bdad9718a080ed0223cfa9b3309b0b2.php 第 249 行.
NOTIC: [8] Undefined index: p E:\work\my\zhifu\mid\pay\Runtime\Cache\Manage\3bdad9718a080ed0223cfa9b3309b0b2.php 第 250 行.
INFO: Run Behavior\ParseTemplateBehavior [ RunTime:0.046800s ]
INFO: [ view_parse ] --END-- [ RunTime:0.046800s ]
INFO: [ view_filter ] --START--
INFO: Run Behavior\WriteHtmlCacheBehavior [ RunTime:0.015600s ]
INFO: [ view_filter ] --END-- [ RunTime:0.015600s ]
INFO: [ view_parse ] --START--
INFO: [ template_filter ] --START--
INFO: Run Behavior\ContentReplaceBehavior [ RunTime:0.000000s ]
INFO: [ template_filter ] --END-- [ RunTime:-0.015600s ]
NOTIC: [8] Undefined index: userid E:\work\my\zhifu\mid\pay\Runtime\Cache\Manage\3bdad9718a080ed0223cfa9b3309b0b2.php 第 172 行.
NOTIC: [8] Undefined index: username E:\work\my\zhifu\mid\pay\Runtime\Cache\Manage\3bdad9718a080ed0223cfa9b3309b0b2.php 第 175 行.
NOTIC: [8] Undefined index: phone E:\work\my\zhifu\mid\pay\Runtime\Cache\Manage\3bdad9718a080ed0223cfa9b3309b0b2.php 第 178 行.
NOTIC: [8] Undefined index: email E:\work\my\zhifu\mid\pay\Runtime\Cache\Manage\3bdad9718a080ed0223cfa9b3309b0b2.php 第 181 行.
NOTIC: [8] Undefined index: status E:\work\my\zhifu\mid\pay\Runtime\Cache\Manage\3bdad9718a080ed0223cfa9b3309b0b2.php 第 186 行.
NOTIC: [8] Undefined index: status E:\work\my\zhifu\mid\pay\Runtime\Cache\Manage\3bdad9718a080ed0223cfa9b3309b0b2.php 第 187 行.
NOTIC: [8] Undefined index: ifagent E:\work\my\zhifu\mid\pay\Runtime\Cache\Manage\3bdad9718a080ed0223cfa9b3309b0b2.php 第 193 行.
NOTIC: [8] Undefined index: ifagent E:\work\my\zhifu\mid\pay\Runtime\Cache\Manage\3bdad9718a080ed0223cfa9b3309b0b2.php 第 194 行.
NOTIC: [8] Undefined index: agent E:\work\my\zhifu\mid\pay\Runtime\Cache\Manage\3bdad9718a080ed0223cfa9b3309b0b2.php 第 198 行.
NOTIC: [8] Undefined index: p E:\work\my\zhifu\mid\pay\Runtime\Cache\Manage\3bdad9718a080ed0223cfa9b3309b0b2.php 第 238 行.
NOTIC: [8] Undefined index: p E:\work\my\zhifu\mid\pay\Runtime\Cache\Manage\3bdad9718a080ed0223cfa9b3309b0b2.php 第 249 行.
NOTIC: [8] Undefined index: p E:\work\my\zhifu\mid\pay\Runtime\Cache\Manage\3bdad9718a080ed0223cfa9b3309b0b2.php 第 250 行.
NOTIC: [8] Undefined index: p E:\work\my\zhifu\mid\pay\Runtime\Cache\Manage\3bdad9718a080ed0223cfa9b3309b0b2.php 第 238 行.
NOTIC: [8] Undefined index: p E:\work\my\zhifu\mid\pay\Runtime\Cache\Manage\3bdad9718a080ed0223cfa9b3309b0b2.php 第 249 行.
NOTIC: [8] Undefined index: p E:\work\my\zhifu\mid\pay\Runtime\Cache\Manage\3bdad9718a080ed0223cfa9b3309b0b2.php 第 250 行.
INFO: Run Behavior\ParseTemplateBehavior [ RunTime:0.015600s ]
INFO: [ view_parse ] --END-- [ RunTime:-0.015600s ]
INFO: [ view_filter ] --START--
INFO: Run Behavior\WriteHtmlCacheBehavior [ RunTime:0.000000s ]
INFO: [ view_filter ] --END-- [ RunTime:-0.015600s ]
INFO: [ app_end ] --START--
INFO: Run Behavior\ShowPageTraceBehavior [ RunTime:0.000000s ]
INFO: [ app_end ] --END-- [ RunTime:0.000000s ]

[ 2017-10-24T16:30:19+08:00 ] ::1 /Manage/User/delete/id/2.html
INFO: [ app_init ] --START--
INFO: Run Behavior\BuildLiteBehavior [ RunTime:0.000000s ]
INFO: [ app_init ] --END-- [ RunTime:0.000000s ]
INFO: [ app_begin ] --START--
INFO: Run Behavior\ReadHtmlCacheBehavior [ RunTime:0.000000s ]
INFO: [ app_begin ] --END-- [ RunTime:0.000000s ]
NOTIC: [8] Undefined offset: 0 E:\work\my\zhifu\mid\pay\Common\Logic\BaseLogic.class.php 第 84 行.
NOTIC: [8] Undefined offset: 0 E:\work\my\zhifu\mid\pay\Common\Logic\BaseLogic.class.php 第 84 行.
NOTIC: [8] Undefined index: Status E:\work\my\zhifu\mid\pay\Common\Logic\AdminLogic.class.php 第 261 行.
NOTIC: [8] Undefined offset: 0 E:\work\my\zhifu\mid\pay\Common\Logic\BaseLogic.class.php 第 84 行.
NOTIC: [8] Undefined offset: 4 E:\work\my\zhifu\mid\pay\Common\Controller\DefaultController.class.php 第 203 行.

[ 2017-10-24T16:30:20+08:00 ] ::1 /Manage/User/edit/id/1.html
INFO: [ app_init ] --START--
INFO: Run Behavior\BuildLiteBehavior [ RunTime:0.000000s ]
INFO: [ app_init ] --END-- [ RunTime:0.000000s ]
INFO: [ app_begin ] --START--
INFO: Run Behavior\ReadHtmlCacheBehavior [ RunTime:0.000000s ]
INFO: [ app_begin ] --END-- [ RunTime:0.000000s ]
NOTIC: [8] Undefined offset: 0 E:\work\my\zhifu\mid\pay\Common\Logic\BaseLogic.class.php 第 84 行.
NOTIC: [8] Undefined offset: 0 E:\work\my\zhifu\mid\pay\Common\Logic\BaseLogic.class.php 第 84 行.
NOTIC: [8] Undefined index: Status E:\work\my\zhifu\mid\pay\Common\Logic\AdminLogic.class.php 第 261 行.
INFO: [ view_parse ] --START--
INFO: [ template_filter ] --START--
INFO: Run Behavior\ContentReplaceBehavior [ RunTime:0.000000s ]
INFO: [ template_filter ] --END-- [ RunTime:0.000000s ]
INFO: Run Behavior\ParseTemplateBehavior [ RunTime:0.046800s ]
INFO: [ view_parse ] --END-- [ RunTime:0.046800s ]
INFO: [ view_filter ] --START--
INFO: Run Behavior\WriteHtmlCacheBehavior [ RunTime:0.000000s ]
INFO: [ view_filter ] --END-- [ RunTime:0.000000s ]
INFO: [ view_parse ] --START--
INFO: [ template_filter ] --START--
INFO: Run Behavior\ContentReplaceBehavior [ RunTime:0.000000s ]
INFO: [ template_filter ] --END-- [ RunTime:-0.031200s ]
INFO: Run Behavior\ParseTemplateBehavior [ RunTime:0.031201s ]
INFO: [ view_parse ] --END-- [ RunTime:0.000000s ]
INFO: [ view_filter ] --START--
INFO: Run Behavior\WriteHtmlCacheBehavior [ RunTime:0.000000s ]
INFO: [ view_filter ] --END-- [ RunTime:-0.031201s ]
INFO: [ app_end ] --START--
INFO: Run Behavior\ShowPageTraceBehavior [ RunTime:0.000000s ]
INFO: [ app_end ] --END-- [ RunTime:0.000000s ]

[ 2017-10-24T16:30:29+08:00 ] ::1 /Manage/User/save.html
INFO: [ app_init ] --START--
INFO: Run Behavior\BuildLiteBehavior [ RunTime:0.000000s ]
INFO: [ app_init ] --END-- [ RunTime:0.000000s ]
INFO: [ app_begin ] --START--
INFO: Run Behavior\ReadHtmlCacheBehavior [ RunTime:0.046800s ]
INFO: [ app_begin ] --END-- [ RunTime:0.046800s ]
NOTIC: [8] Undefined offset: 0 E:\work\my\zhifu\mid\pay\Common\Logic\BaseLogic.class.php 第 84 行.
NOTIC: [8] Undefined offset: 0 E:\work\my\zhifu\mid\pay\Common\Logic\BaseLogic.class.php 第 84 行.
NOTIC: [8] Undefined index: Status E:\work\my\zhifu\mid\pay\Common\Logic\AdminLogic.class.php 第 261 行.
NOTIC: [8] Undefined index: username E:\work\my\zhifu\mid\pay\Common\Logic\UserLogic.class.php 第 156 行.
NOTIC: [8] Undefined offset: 0 E:\work\my\zhifu\mid\pay\Common\Logic\BaseLogic.class.php 第 84 行.
NOTIC: [8] Undefined offset: 4 E:\work\my\zhifu\mid\pay\Common\Controller\DefaultController.class.php 第 203 行.

[ 2017-10-24T16:30:32+08:00 ] ::1 /Manage/User
INFO: [ app_init ] --START--
INFO: Run Behavior\BuildLiteBehavior [ RunTime:0.000000s ]
INFO: [ app_init ] --END-- [ RunTime:0.000000s ]
INFO: [ app_begin ] --START--
INFO: Run Behavior\ReadHtmlCacheBehavior [ RunTime:0.000000s ]
INFO: [ app_begin ] --END-- [ RunTime:0.000000s ]
NOTIC: [8] Undefined offset: 0 E:\work\my\zhifu\mid\pay\Common\Logic\BaseLogic.class.php 第 84 行.
NOTIC: [8] Undefined offset: 0 E:\work\my\zhifu\mid\pay\Common\Logic\BaseLogic.class.php 第 84 行.
NOTIC: [8] Undefined index: Status E:\work\my\zhifu\mid\pay\Common\Logic\AdminLogic.class.php 第 261 行.
NOTIC: [8] Undefined index: username E:\work\my\zhifu\mid\pay\Common\Logic\UserLogic.class.php 第 22 行.
NOTIC: [8] Undefined index: userid E:\work\my\zhifu\mid\pay\Common\Logic\UserLogic.class.php 第 26 行.
NOTIC: [8] Undefined index: email E:\work\my\zhifu\mid\pay\Common\Logic\UserLogic.class.php 第 30 行.
NOTIC: [8] Undefined index: phone E:\work\my\zhifu\mid\pay\Common\Logic\UserLogic.class.php 第 34 行.
NOTIC: [8] Undefined index: agent E:\work\my\zhifu\mid\pay\Common\Logic\UserLogic.class.php 第 38 行.
NOTIC: [8] Undefined index: ifagent E:\work\my\zhifu\mid\pay\Common\Logic\UserLogic.class.php 第 42 行.
NOTIC: [8] Undefined index: status E:\work\my\zhifu\mid\pay\Common\Logic\UserLogic.class.php 第 46 行.
NOTIC: [8] Undefined index: p E:\work\my\zhifu\mid\pay\Common\Logic\UserLogic.class.php 第 56 行.
NOTIC: [8] Undefined offset: 1 E:\work\my\zhifu\mid\pay\Common\Tool\String.class.php 第 270 行.
NOTIC: [8] Undefined offset: 1 E:\work\my\zhifu\mid\pay\Common\Tool\String.class.php 第 271 行.
NOTIC: [8] Undefined index: phone E:\work\my\zhifu\mid\pay\Common\Tool\ThisPage.class.php 第 63 行.
NOTIC: [8] Undefined offset: 2 E:\work\my\zhifu\mid\pay\Common\Controller\DefaultController.class.php 第 199 行.
INFO: [ view_parse ] --START--
INFO: [ template_filter ] --START--
INFO: Run Behavior\ContentReplaceBehavior [ RunTime:0.000000s ]
INFO: [ template_filter ] --END-- [ RunTime:0.000000s ]
NOTIC: [8] Undefined index: userid E:\work\my\zhifu\mid\pay\Runtime\Cache\Manage\3bdad9718a080ed0223cfa9b3309b0b2.php 第 172 行.
NOTIC: [8] Undefined index: username E:\work\my\zhifu\mid\pay\Runtime\Cache\Manage\3bdad9718a080ed0223cfa9b3309b0b2.php 第 175 行.
NOTIC: [8] Undefined index: phone E:\work\my\zhifu\mid\pay\Runtime\Cache\Manage\3bdad9718a080ed0223cfa9b3309b0b2.php 第 178 行.
NOTIC: [8] Undefined index: email E:\work\my\zhifu\mid\pay\Runtime\Cache\Manage\3bdad9718a080ed0223cfa9b3309b0b2.php 第 181 行.
NOTIC: [8] Undefined index: status E:\work\my\zhifu\mid\pay\Runtime\Cache\Manage\3bdad9718a080ed0223cfa9b3309b0b2.php 第 186 行.
NOTIC: [8] Undefined index: status E:\work\my\zhifu\mid\pay\Runtime\Cache\Manage\3bdad9718a080ed0223cfa9b3309b0b2.php 第 187 行.
NOTIC: [8] Undefined index: ifagent E:\work\my\zhifu\mid\pay\Runtime\Cache\Manage\3bdad9718a080ed0223cfa9b3309b0b2.php 第 193 行.
NOTIC: [8] Undefined index: ifagent E:\work\my\zhifu\mid\pay\Runtime\Cache\Manage\3bdad9718a080ed0223cfa9b3309b0b2.php 第 194 行.
NOTIC: [8] Undefined index: agent E:\work\my\zhifu\mid\pay\Runtime\Cache\Manage\3bdad9718a080ed0223cfa9b3309b0b2.php 第 198 行.
NOTIC: [8] Undefined index: p E:\work\my\zhifu\mid\pay\Runtime\Cache\Manage\3bdad9718a080ed0223cfa9b3309b0b2.php 第 238 行.
NOTIC: [8] Undefined index: p E:\work\my\zhifu\mid\pay\Runtime\Cache\Manage\3bdad9718a080ed0223cfa9b3309b0b2.php 第 249 行.
NOTIC: [8] Undefined index: p E:\work\my\zhifu\mid\pay\Runtime\Cache\Manage\3bdad9718a080ed0223cfa9b3309b0b2.php 第 250 行.
INFO: Run Behavior\ParseTemplateBehavior [ RunTime:0.046800s ]
INFO: [ view_parse ] --END-- [ RunTime:0.046800s ]
INFO: [ view_filter ] --START--
INFO: Run Behavior\WriteHtmlCacheBehavior [ RunTime:0.015600s ]
INFO: [ view_filter ] --END-- [ RunTime:0.015600s ]
INFO: [ view_parse ] --START--
INFO: [ template_filter ] --START--
INFO: Run Behavior\ContentReplaceBehavior [ RunTime:0.000000s ]
INFO: [ template_filter ] --END-- [ RunTime:-0.031200s ]
NOTIC: [8] Undefined index: userid E:\work\my\zhifu\mid\pay\Runtime\Cache\Manage\3bdad9718a080ed0223cfa9b3309b0b2.php 第 172 行.
NOTIC: [8] Undefined index: username E:\work\my\zhifu\mid\pay\Runtime\Cache\Manage\3bdad9718a080ed0223cfa9b3309b0b2.php 第 175 行.
NOTIC: [8] Undefined index: phone E:\work\my\zhifu\mid\pay\Runtime\Cache\Manage\3bdad9718a080ed0223cfa9b3309b0b2.php 第 178 行.
NOTIC: [8] Undefined index: email E:\work\my\zhifu\mid\pay\Runtime\Cache\Manage\3bdad9718a080ed0223cfa9b3309b0b2.php 第 181 行.
NOTIC: [8] Undefined index: status E:\work\my\zhifu\mid\pay\Runtime\Cache\Manage\3bdad9718a080ed0223cfa9b3309b0b2.php 第 186 行.
NOTIC: [8] Undefined index: status E:\work\my\zhifu\mid\pay\Runtime\Cache\Manage\3bdad9718a080ed0223cfa9b3309b0b2.php 第 187 行.
NOTIC: [8] Undefined index: ifagent E:\work\my\zhifu\mid\pay\Runtime\Cache\Manage\3bdad9718a080ed0223cfa9b3309b0b2.php 第 193 行.
NOTIC: [8] Undefined index: ifagent E:\work\my\zhifu\mid\pay\Runtime\Cache\Manage\3bdad9718a080ed0223cfa9b3309b0b2.php 第 194 行.
NOTIC: [8] Undefined index: agent E:\work\my\zhifu\mid\pay\Runtime\Cache\Manage\3bdad9718a080ed0223cfa9b3309b0b2.php 第 198 行.
NOTIC: [8] Undefined index: p E:\work\my\zhifu\mid\pay\Runtime\Cache\Manage\3bdad9718a080ed0223cfa9b3309b0b2.php 第 238 行.
NOTIC: [8] Undefined index: p E:\work\my\zhifu\mid\pay\Runtime\Cache\Manage\3bdad9718a080ed0223cfa9b3309b0b2.php 第 249 行.
NOTIC: [8] Undefined index: p E:\work\my\zhifu\mid\pay\Runtime\Cache\Manage\3bdad9718a080ed0223cfa9b3309b0b2.php 第 250 行.
INFO: Run Behavior\ParseTemplateBehavior [ RunTime:0.031200s ]
INFO: [ view_parse ] --END-- [ RunTime:-0.015600s ]
INFO: [ view_filter ] --START--
INFO: Run Behavior\WriteHtmlCacheBehavior [ RunTime:0.000000s ]
INFO: [ view_filter ] --END-- [ RunTime:-0.031200s ]
INFO: [ app_end ] --START--
INFO: Run Behavior\ShowPageTraceBehavior [ RunTime:0.000000s ]
INFO: [ app_end ] --END-- [ RunTime:0.000000s ]

