[ 2017-10-01T19:55:48+08:00 ] ::1 /Manage/
INFO: [ app_init ] --START--
INFO: Run Behavior\BuildLiteBehavior [ RunTime:0.000000s ]
INFO: [ app_init ] --END-- [ RunTime:0.000000s ]
INFO: [ app_begin ] --START--
INFO: Run Behavior\ReadHtmlCacheBehavior [ RunTime:0.000000s ]
INFO: [ app_begin ] --END-- [ RunTime:0.000000s ]
NOTIC: [8] Undefined offset: 0 E:\work\my\zhifu\pay\Common\Logic\BaseLogic.class.php 第 78 行.
NOTIC: [8] Undefined offset: 0 E:\work\my\zhifu\pay\Common\Logic\BaseLogic.class.php 第 78 行.
INFO: [ view_parse ] --START--
INFO: [ template_filter ] --START--
INFO: Run Behavior\ContentReplaceBehavior [ RunTime:0.000000s ]
INFO: [ template_filter ] --END-- [ RunTime:0.000000s ]
INFO: Run Behavior\ParseTemplateBehavior [ RunTime:0.031200s ]
INFO: [ view_parse ] --END-- [ RunTime:0.031200s ]
INFO: [ view_filter ] --START--
INFO: Run Behavior\WriteHtmlCacheBehavior [ RunTime:0.000000s ]
INFO: [ view_filter ] --END-- [ RunTime:0.000000s ]
INFO: [ app_end ] --START--
INFO: Run Behavior\ShowPageTraceBehavior [ RunTime:0.000000s ]
INFO: [ app_end ] --END-- [ RunTime:0.000000s ]

[ 2017-10-01T19:55:52+08:00 ] ::1 /Manage/Index/login.html
INFO: [ app_init ] --START--
INFO: Run Behavior\BuildLiteBehavior [ RunTime:0.000000s ]
INFO: [ app_init ] --END-- [ RunTime:0.000000s ]
INFO: [ app_begin ] --START--
INFO: Run Behavior\ReadHtmlCacheBehavior [ RunTime:0.000000s ]
INFO: [ app_begin ] --END-- [ RunTime:0.000000s ]
NOTIC: [8] Undefined offset: 0 E:\work\my\zhifu\pay\Common\Logic\BaseLogic.class.php 第 78 行.
NOTIC: [8] Undefined offset: 0 E:\work\my\zhifu\pay\Common\Logic\BaseLogic.class.php 第 78 行.
NOTIC: [8] Undefined offset: 2 E:\work\my\zhifu\pay\Common\Controller\DefaultController.class.php 第 186 行.
NOTIC: [8] Undefined offset: 3 E:\work\my\zhifu\pay\Common\Controller\DefaultController.class.php 第 186 行.
NOTIC: [8] Undefined offset: 4 E:\work\my\zhifu\pay\Common\Controller\DefaultController.class.php 第 186 行.

[ 2017-10-01T19:55:56+08:00 ] ::1 /Manage/Index/login.html
INFO: [ app_init ] --START--
INFO: Run Behavior\BuildLiteBehavior [ RunTime:0.000000s ]
INFO: [ app_init ] --END-- [ RunTime:0.015600s ]
INFO: [ app_begin ] --START--
INFO: Run Behavior\ReadHtmlCacheBehavior [ RunTime:0.000000s ]
INFO: [ app_begin ] --END-- [ RunTime:0.000000s ]
NOTIC: [8] Undefined offset: 0 E:\work\my\zhifu\pay\Common\Logic\BaseLogic.class.php 第 78 行.
NOTIC: [8] Undefined offset: 0 E:\work\my\zhifu\pay\Common\Logic\BaseLogic.class.php 第 78 行.
NOTIC: [8] Undefined offset: 0 E:\work\my\zhifu\pay\Common\Logic\BaseLogic.class.php 第 78 行.
NOTIC: [8] Undefined offset: 4 E:\work\my\zhifu\pay\Common\Controller\DefaultController.class.php 第 196 行.

[ 2017-10-01T19:56:00+08:00 ] ::1 /Manage/Main/index.html
INFO: [ app_init ] --START--
INFO: Run Behavior\BuildLiteBehavior [ RunTime:0.000000s ]
INFO: [ app_init ] --END-- [ RunTime:0.000000s ]
INFO: [ app_begin ] --START--
INFO: Run Behavior\ReadHtmlCacheBehavior [ RunTime:0.015600s ]
INFO: [ app_begin ] --END-- [ RunTime:0.015600s ]
NOTIC: [8] Undefined offset: 0 E:\work\my\zhifu\pay\Common\Logic\BaseLogic.class.php 第 78 行.
NOTIC: [8] Undefined offset: 0 E:\work\my\zhifu\pay\Common\Logic\BaseLogic.class.php 第 78 行.
NOTIC: [8] Undefined index: Status E:\work\my\zhifu\pay\Common\Logic\AdminLogic.class.php 第 255 行.
INFO: [ view_parse ] --START--
INFO: [ template_filter ] --START--
INFO: Run Behavior\ContentReplaceBehavior [ RunTime:0.000000s ]
INFO: [ template_filter ] --END-- [ RunTime:0.000000s ]
NOTIC: [2] mysql_get_server_info(): Access denied for user ''@'localhost' (using password: NO) E:\work\my\zhifu\pay\Runtime\Cache\Manage\f54cf85c1377664aff409b0880ba0877.php 第 205 行.
NOTIC: [2] mysql_get_server_info(): A link to the server could not be established E:\work\my\zhifu\pay\Runtime\Cache\Manage\f54cf85c1377664aff409b0880ba0877.php 第 205 行.
INFO: Run Behavior\ParseTemplateBehavior [ RunTime:1.107602s ]
INFO: [ view_parse ] --END-- [ RunTime:1.107602s ]
INFO: [ view_filter ] --START--
INFO: Run Behavior\WriteHtmlCacheBehavior [ RunTime:0.000000s ]
INFO: [ view_filter ] --END-- [ RunTime:0.000000s ]
INFO: [ app_end ] --START--
INFO: Run Behavior\ShowPageTraceBehavior [ RunTime:0.000000s ]
INFO: [ app_end ] --END-- [ RunTime:0.000000s ]

[ 2017-10-01T19:56:12+08:00 ] ::1 /Manage/User/index.html
INFO: [ app_init ] --START--
INFO: Run Behavior\BuildLiteBehavior [ RunTime:0.000000s ]
INFO: [ app_init ] --END-- [ RunTime:0.000000s ]
INFO: [ app_begin ] --START--
INFO: Run Behavior\ReadHtmlCacheBehavior [ RunTime:0.000000s ]
INFO: [ app_begin ] --END-- [ RunTime:0.000000s ]
NOTIC: [8] Undefined offset: 0 E:\work\my\zhifu\pay\Common\Logic\BaseLogic.class.php 第 78 行.
NOTIC: [8] Undefined offset: 0 E:\work\my\zhifu\pay\Common\Logic\BaseLogic.class.php 第 78 行.
NOTIC: [8] Undefined index: Status E:\work\my\zhifu\pay\Common\Logic\AdminLogic.class.php 第 255 行.
NOTIC: [8] Undefined index: username E:\work\my\zhifu\pay\Common\Logic\UserLogic.class.php 第 16 行.
NOTIC: [8] Undefined index: userid E:\work\my\zhifu\pay\Common\Logic\UserLogic.class.php 第 20 行.
NOTIC: [8] Undefined index: email E:\work\my\zhifu\pay\Common\Logic\UserLogic.class.php 第 24 行.
NOTIC: [8] Undefined index: phone E:\work\my\zhifu\pay\Common\Logic\UserLogic.class.php 第 28 行.
NOTIC: [8] Undefined index: agent E:\work\my\zhifu\pay\Common\Logic\UserLogic.class.php 第 32 行.
NOTIC: [8] Undefined index: ifagent E:\work\my\zhifu\pay\Common\Logic\UserLogic.class.php 第 36 行.
NOTIC: [8] Undefined index: status E:\work\my\zhifu\pay\Common\Logic\UserLogic.class.php 第 40 行.
NOTIC: [8] Undefined index: p E:\work\my\zhifu\pay\Common\Logic\UserLogic.class.php 第 50 行.
NOTIC: [8] Undefined index: phone E:\work\my\zhifu\pay\Common\Tool\ThisPage.class.php 第 63 行.
NOTIC: [8] Undefined offset: 2 E:\work\my\zhifu\pay\Common\Controller\DefaultController.class.php 第 192 行.
INFO: [ view_parse ] --START--
INFO: [ template_filter ] --START--
INFO: Run Behavior\ContentReplaceBehavior [ RunTime:0.000000s ]
INFO: [ template_filter ] --END-- [ RunTime:0.000000s ]
NOTIC: [8] Undefined index: userid E:\work\my\zhifu\pay\Runtime\Cache\Manage\3bdad9718a080ed0223cfa9b3309b0b2.php 第 193 行.
NOTIC: [8] Undefined index: username E:\work\my\zhifu\pay\Runtime\Cache\Manage\3bdad9718a080ed0223cfa9b3309b0b2.php 第 196 行.
NOTIC: [8] Undefined index: phone E:\work\my\zhifu\pay\Runtime\Cache\Manage\3bdad9718a080ed0223cfa9b3309b0b2.php 第 199 行.
NOTIC: [8] Undefined index: email E:\work\my\zhifu\pay\Runtime\Cache\Manage\3bdad9718a080ed0223cfa9b3309b0b2.php 第 202 行.
NOTIC: [8] Undefined index: status E:\work\my\zhifu\pay\Runtime\Cache\Manage\3bdad9718a080ed0223cfa9b3309b0b2.php 第 207 行.
NOTIC: [8] Undefined index: status E:\work\my\zhifu\pay\Runtime\Cache\Manage\3bdad9718a080ed0223cfa9b3309b0b2.php 第 208 行.
NOTIC: [8] Undefined index: ifagent E:\work\my\zhifu\pay\Runtime\Cache\Manage\3bdad9718a080ed0223cfa9b3309b0b2.php 第 214 行.
NOTIC: [8] Undefined index: ifagent E:\work\my\zhifu\pay\Runtime\Cache\Manage\3bdad9718a080ed0223cfa9b3309b0b2.php 第 215 行.
NOTIC: [8] Undefined index: agent E:\work\my\zhifu\pay\Runtime\Cache\Manage\3bdad9718a080ed0223cfa9b3309b0b2.php 第 219 行.
NOTIC: [8] Undefined index: p E:\work\my\zhifu\pay\Runtime\Cache\Manage\3bdad9718a080ed0223cfa9b3309b0b2.php 第 259 行.
NOTIC: [8] Undefined index: p E:\work\my\zhifu\pay\Runtime\Cache\Manage\3bdad9718a080ed0223cfa9b3309b0b2.php 第 270 行.
NOTIC: [8] Undefined index: p E:\work\my\zhifu\pay\Runtime\Cache\Manage\3bdad9718a080ed0223cfa9b3309b0b2.php 第 271 行.
NOTIC: [8] Undefined index: p E:\work\my\zhifu\pay\Runtime\Cache\Manage\3bdad9718a080ed0223cfa9b3309b0b2.php 第 259 行.
NOTIC: [8] Undefined index: p E:\work\my\zhifu\pay\Runtime\Cache\Manage\3bdad9718a080ed0223cfa9b3309b0b2.php 第 270 行.
NOTIC: [8] Undefined index: p E:\work\my\zhifu\pay\Runtime\Cache\Manage\3bdad9718a080ed0223cfa9b3309b0b2.php 第 271 行.
INFO: Run Behavior\ParseTemplateBehavior [ RunTime:0.031200s ]
INFO: [ view_parse ] --END-- [ RunTime:0.031200s ]
INFO: [ view_filter ] --START--
INFO: Run Behavior\WriteHtmlCacheBehavior [ RunTime:0.000000s ]
INFO: [ view_filter ] --END-- [ RunTime:0.000000s ]
INFO: [ view_parse ] --START--
INFO: [ template_filter ] --START--
INFO: Run Behavior\ContentReplaceBehavior [ RunTime:0.000000s ]
INFO: [ template_filter ] --END-- [ RunTime:-0.015600s ]
NOTIC: [8] Undefined index: userid E:\work\my\zhifu\pay\Runtime\Cache\Manage\3bdad9718a080ed0223cfa9b3309b0b2.php 第 193 行.
NOTIC: [8] Undefined index: username E:\work\my\zhifu\pay\Runtime\Cache\Manage\3bdad9718a080ed0223cfa9b3309b0b2.php 第 196 行.
NOTIC: [8] Undefined index: phone E:\work\my\zhifu\pay\Runtime\Cache\Manage\3bdad9718a080ed0223cfa9b3309b0b2.php 第 199 行.
NOTIC: [8] Undefined index: email E:\work\my\zhifu\pay\Runtime\Cache\Manage\3bdad9718a080ed0223cfa9b3309b0b2.php 第 202 行.
NOTIC: [8] Undefined index: status E:\work\my\zhifu\pay\Runtime\Cache\Manage\3bdad9718a080ed0223cfa9b3309b0b2.php 第 207 行.
NOTIC: [8] Undefined index: status E:\work\my\zhifu\pay\Runtime\Cache\Manage\3bdad9718a080ed0223cfa9b3309b0b2.php 第 208 行.
NOTIC: [8] Undefined index: ifagent E:\work\my\zhifu\pay\Runtime\Cache\Manage\3bdad9718a080ed0223cfa9b3309b0b2.php 第 214 行.
NOTIC: [8] Undefined index: ifagent E:\work\my\zhifu\pay\Runtime\Cache\Manage\3bdad9718a080ed0223cfa9b3309b0b2.php 第 215 行.
NOTIC: [8] Undefined index: agent E:\work\my\zhifu\pay\Runtime\Cache\Manage\3bdad9718a080ed0223cfa9b3309b0b2.php 第 219 行.
NOTIC: [8] Undefined index: p E:\work\my\zhifu\pay\Runtime\Cache\Manage\3bdad9718a080ed0223cfa9b3309b0b2.php 第 259 行.
NOTIC: [8] Undefined index: p E:\work\my\zhifu\pay\Runtime\Cache\Manage\3bdad9718a080ed0223cfa9b3309b0b2.php 第 270 行.
NOTIC: [8] Undefined index: p E:\work\my\zhifu\pay\Runtime\Cache\Manage\3bdad9718a080ed0223cfa9b3309b0b2.php 第 271 行.
NOTIC: [8] Undefined index: p E:\work\my\zhifu\pay\Runtime\Cache\Manage\3bdad9718a080ed0223cfa9b3309b0b2.php 第 259 行.
NOTIC: [8] Undefined index: p E:\work\my\zhifu\pay\Runtime\Cache\Manage\3bdad9718a080ed0223cfa9b3309b0b2.php 第 270 行.
NOTIC: [8] Undefined index: p E:\work\my\zhifu\pay\Runtime\Cache\Manage\3bdad9718a080ed0223cfa9b3309b0b2.php 第 271 行.
INFO: Run Behavior\ParseTemplateBehavior [ RunTime:0.031200s ]
INFO: [ view_parse ] --END-- [ RunTime:0.000000s ]
INFO: [ view_filter ] --START--
INFO: Run Behavior\WriteHtmlCacheBehavior [ RunTime:0.000000s ]
INFO: [ view_filter ] --END-- [ RunTime:-0.031200s ]
INFO: [ app_end ] --START--
INFO: Run Behavior\ShowPageTraceBehavior [ RunTime:0.000000s ]
INFO: [ app_end ] --END-- [ RunTime:0.000000s ]

[ 2017-10-01T19:56:16+08:00 ] ::1 /Manage/User/edit/id/1.html
INFO: [ app_init ] --START--
INFO: Run Behavior\BuildLiteBehavior [ RunTime:0.000000s ]
INFO: [ app_init ] --END-- [ RunTime:0.000000s ]
INFO: [ app_begin ] --START--
INFO: Run Behavior\ReadHtmlCacheBehavior [ RunTime:0.015600s ]
INFO: [ app_begin ] --END-- [ RunTime:0.015600s ]
NOTIC: [8] Undefined offset: 0 E:\work\my\zhifu\pay\Common\Logic\BaseLogic.class.php 第 78 行.
NOTIC: [8] Undefined offset: 0 E:\work\my\zhifu\pay\Common\Logic\BaseLogic.class.php 第 78 行.
NOTIC: [8] Undefined index: Status E:\work\my\zhifu\pay\Common\Logic\AdminLogic.class.php 第 255 行.
INFO: [ view_parse ] --START--
INFO: [ template_filter ] --START--
INFO: Run Behavior\ContentReplaceBehavior [ RunTime:0.000000s ]
INFO: [ template_filter ] --END-- [ RunTime:0.000000s ]
NOTIC: [8] Undefined index: adminid E:\work\my\zhifu\pay\Runtime\Cache\Manage\16675d5e0afa8b193942c97154a24f9a.php 第 191 行.
INFO: Run Behavior\ParseTemplateBehavior [ RunTime:0.031200s ]
INFO: [ view_parse ] --END-- [ RunTime:0.031200s ]
INFO: [ view_filter ] --START--
INFO: Run Behavior\WriteHtmlCacheBehavior [ RunTime:0.015600s ]
INFO: [ view_filter ] --END-- [ RunTime:0.015600s ]
INFO: [ view_parse ] --START--
INFO: [ template_filter ] --START--
INFO: Run Behavior\ContentReplaceBehavior [ RunTime:0.000000s ]
INFO: [ template_filter ] --END-- [ RunTime:-0.015600s ]
NOTIC: [8] Undefined index: adminid E:\work\my\zhifu\pay\Runtime\Cache\Manage\16675d5e0afa8b193942c97154a24f9a.php 第 191 行.
INFO: Run Behavior\ParseTemplateBehavior [ RunTime:0.015600s ]
INFO: [ view_parse ] --END-- [ RunTime:-0.015600s ]
INFO: [ view_filter ] --START--
INFO: Run Behavior\WriteHtmlCacheBehavior [ RunTime:0.000000s ]
INFO: [ view_filter ] --END-- [ RunTime:-0.015600s ]
INFO: [ app_end ] --START--
INFO: Run Behavior\ShowPageTraceBehavior [ RunTime:0.000000s ]
INFO: [ app_end ] --END-- [ RunTime:0.000000s ]

[ 2017-10-01T19:56:23+08:00 ] ::1 /Manage/User/save.html
INFO: [ app_init ] --START--
INFO: Run Behavior\BuildLiteBehavior [ RunTime:0.000000s ]
INFO: [ app_init ] --END-- [ RunTime:0.000000s ]
INFO: [ app_begin ] --START--
INFO: Run Behavior\ReadHtmlCacheBehavior [ RunTime:0.000000s ]
INFO: [ app_begin ] --END-- [ RunTime:0.000000s ]
NOTIC: [8] Undefined offset: 0 E:\work\my\zhifu\pay\Common\Logic\BaseLogic.class.php 第 78 行.
NOTIC: [8] Undefined offset: 0 E:\work\my\zhifu\pay\Common\Logic\BaseLogic.class.php 第 78 行.
NOTIC: [8] Undefined index: Status E:\work\my\zhifu\pay\Common\Logic\AdminLogic.class.php 第 255 行.
NOTIC: [8] Undefined offset: 0 E:\work\my\zhifu\pay\Common\Logic\BaseLogic.class.php 第 78 行.
NOTIC: [8] Undefined offset: 4 E:\work\my\zhifu\pay\Common\Controller\DefaultController.class.php 第 196 行.

[ 2017-10-01T19:56:26+08:00 ] ::1 /Manage/User
INFO: [ app_init ] --START--
INFO: Run Behavior\BuildLiteBehavior [ RunTime:0.000000s ]
INFO: [ app_init ] --END-- [ RunTime:0.015600s ]
INFO: [ app_begin ] --START--
INFO: Run Behavior\ReadHtmlCacheBehavior [ RunTime:0.000000s ]
INFO: [ app_begin ] --END-- [ RunTime:0.000000s ]
NOTIC: [8] Undefined offset: 0 E:\work\my\zhifu\pay\Common\Logic\BaseLogic.class.php 第 78 行.
NOTIC: [8] Undefined offset: 0 E:\work\my\zhifu\pay\Common\Logic\BaseLogic.class.php 第 78 行.
NOTIC: [8] Undefined index: Status E:\work\my\zhifu\pay\Common\Logic\AdminLogic.class.php 第 255 行.
NOTIC: [8] Undefined index: username E:\work\my\zhifu\pay\Common\Logic\UserLogic.class.php 第 16 行.
NOTIC: [8] Undefined index: userid E:\work\my\zhifu\pay\Common\Logic\UserLogic.class.php 第 20 行.
NOTIC: [8] Undefined index: email E:\work\my\zhifu\pay\Common\Logic\UserLogic.class.php 第 24 行.
NOTIC: [8] Undefined index: phone E:\work\my\zhifu\pay\Common\Logic\UserLogic.class.php 第 28 行.
NOTIC: [8] Undefined index: agent E:\work\my\zhifu\pay\Common\Logic\UserLogic.class.php 第 32 行.
NOTIC: [8] Undefined index: ifagent E:\work\my\zhifu\pay\Common\Logic\UserLogic.class.php 第 36 行.
NOTIC: [8] Undefined index: status E:\work\my\zhifu\pay\Common\Logic\UserLogic.class.php 第 40 行.
NOTIC: [8] Undefined index: p E:\work\my\zhifu\pay\Common\Logic\UserLogic.class.php 第 50 行.
NOTIC: [8] Undefined index: phone E:\work\my\zhifu\pay\Common\Tool\ThisPage.class.php 第 63 行.
NOTIC: [8] Undefined offset: 2 E:\work\my\zhifu\pay\Common\Controller\DefaultController.class.php 第 192 行.
INFO: [ view_parse ] --START--
INFO: [ template_filter ] --START--
INFO: Run Behavior\ContentReplaceBehavior [ RunTime:0.000000s ]
INFO: [ template_filter ] --END-- [ RunTime:0.000000s ]
NOTIC: [8] Undefined index: userid E:\work\my\zhifu\pay\Runtime\Cache\Manage\3bdad9718a080ed0223cfa9b3309b0b2.php 第 193 行.
NOTIC: [8] Undefined index: username E:\work\my\zhifu\pay\Runtime\Cache\Manage\3bdad9718a080ed0223cfa9b3309b0b2.php 第 196 行.
NOTIC: [8] Undefined index: phone E:\work\my\zhifu\pay\Runtime\Cache\Manage\3bdad9718a080ed0223cfa9b3309b0b2.php 第 199 行.
NOTIC: [8] Undefined index: email E:\work\my\zhifu\pay\Runtime\Cache\Manage\3bdad9718a080ed0223cfa9b3309b0b2.php 第 202 行.
NOTIC: [8] Undefined index: status E:\work\my\zhifu\pay\Runtime\Cache\Manage\3bdad9718a080ed0223cfa9b3309b0b2.php 第 207 行.
NOTIC: [8] Undefined index: status E:\work\my\zhifu\pay\Runtime\Cache\Manage\3bdad9718a080ed0223cfa9b3309b0b2.php 第 208 行.
NOTIC: [8] Undefined index: ifagent E:\work\my\zhifu\pay\Runtime\Cache\Manage\3bdad9718a080ed0223cfa9b3309b0b2.php 第 214 行.
NOTIC: [8] Undefined index: ifagent E:\work\my\zhifu\pay\Runtime\Cache\Manage\3bdad9718a080ed0223cfa9b3309b0b2.php 第 215 行.
NOTIC: [8] Undefined index: agent E:\work\my\zhifu\pay\Runtime\Cache\Manage\3bdad9718a080ed0223cfa9b3309b0b2.php 第 219 行.
NOTIC: [8] Undefined index: p E:\work\my\zhifu\pay\Runtime\Cache\Manage\3bdad9718a080ed0223cfa9b3309b0b2.php 第 259 行.
NOTIC: [8] Undefined index: p E:\work\my\zhifu\pay\Runtime\Cache\Manage\3bdad9718a080ed0223cfa9b3309b0b2.php 第 270 行.
NOTIC: [8] Undefined index: p E:\work\my\zhifu\pay\Runtime\Cache\Manage\3bdad9718a080ed0223cfa9b3309b0b2.php 第 271 行.
NOTIC: [8] Undefined index: p E:\work\my\zhifu\pay\Runtime\Cache\Manage\3bdad9718a080ed0223cfa9b3309b0b2.php 第 259 行.
NOTIC: [8] Undefined index: p E:\work\my\zhifu\pay\Runtime\Cache\Manage\3bdad9718a080ed0223cfa9b3309b0b2.php 第 270 行.
NOTIC: [8] Undefined index: p E:\work\my\zhifu\pay\Runtime\Cache\Manage\3bdad9718a080ed0223cfa9b3309b0b2.php 第 271 行.
INFO: Run Behavior\ParseTemplateBehavior [ RunTime:0.046800s ]
INFO: [ view_parse ] --END-- [ RunTime:0.046800s ]
INFO: [ view_filter ] --START--
INFO: Run Behavior\WriteHtmlCacheBehavior [ RunTime:0.000000s ]
INFO: [ view_filter ] --END-- [ RunTime:0.000000s ]
INFO: [ view_parse ] --START--
INFO: [ template_filter ] --START--
INFO: Run Behavior\ContentReplaceBehavior [ RunTime:0.000000s ]
INFO: [ template_filter ] --END-- [ RunTime:-0.031200s ]
NOTIC: [8] Undefined index: userid E:\work\my\zhifu\pay\Runtime\Cache\Manage\3bdad9718a080ed0223cfa9b3309b0b2.php 第 193 行.
NOTIC: [8] Undefined index: username E:\work\my\zhifu\pay\Runtime\Cache\Manage\3bdad9718a080ed0223cfa9b3309b0b2.php 第 196 行.
NOTIC: [8] Undefined index: phone E:\work\my\zhifu\pay\Runtime\Cache\Manage\3bdad9718a080ed0223cfa9b3309b0b2.php 第 199 行.
NOTIC: [8] Undefined index: email E:\work\my\zhifu\pay\Runtime\Cache\Manage\3bdad9718a080ed0223cfa9b3309b0b2.php 第 202 行.
NOTIC: [8] Undefined index: status E:\work\my\zhifu\pay\Runtime\Cache\Manage\3bdad9718a080ed0223cfa9b3309b0b2.php 第 207 行.
NOTIC: [8] Undefined index: status E:\work\my\zhifu\pay\Runtime\Cache\Manage\3bdad9718a080ed0223cfa9b3309b0b2.php 第 208 行.
NOTIC: [8] Undefined index: ifagent E:\work\my\zhifu\pay\Runtime\Cache\Manage\3bdad9718a080ed0223cfa9b3309b0b2.php 第 214 行.
NOTIC: [8] Undefined index: ifagent E:\work\my\zhifu\pay\Runtime\Cache\Manage\3bdad9718a080ed0223cfa9b3309b0b2.php 第 215 行.
NOTIC: [8] Undefined index: agent E:\work\my\zhifu\pay\Runtime\Cache\Manage\3bdad9718a080ed0223cfa9b3309b0b2.php 第 219 行.
NOTIC: [8] Undefined index: p E:\work\my\zhifu\pay\Runtime\Cache\Manage\3bdad9718a080ed0223cfa9b3309b0b2.php 第 259 行.
NOTIC: [8] Undefined index: p E:\work\my\zhifu\pay\Runtime\Cache\Manage\3bdad9718a080ed0223cfa9b3309b0b2.php 第 270 行.
NOTIC: [8] Undefined index: p E:\work\my\zhifu\pay\Runtime\Cache\Manage\3bdad9718a080ed0223cfa9b3309b0b2.php 第 271 行.
NOTIC: [8] Undefined index: p E:\work\my\zhifu\pay\Runtime\Cache\Manage\3bdad9718a080ed0223cfa9b3309b0b2.php 第 259 行.
NOTIC: [8] Undefined index: p E:\work\my\zhifu\pay\Runtime\Cache\Manage\3bdad9718a080ed0223cfa9b3309b0b2.php 第 270 行.
NOTIC: [8] Undefined index: p E:\work\my\zhifu\pay\Runtime\Cache\Manage\3bdad9718a080ed0223cfa9b3309b0b2.php 第 271 行.
INFO: Run Behavior\ParseTemplateBehavior [ RunTime:0.031200s ]
INFO: [ view_parse ] --END-- [ RunTime:0.000000s ]
INFO: [ view_filter ] --START--
INFO: Run Behavior\WriteHtmlCacheBehavior [ RunTime:0.000000s ]
INFO: [ view_filter ] --END-- [ RunTime:-0.031200s ]
INFO: [ app_end ] --START--
INFO: Run Behavior\ShowPageTraceBehavior [ RunTime:0.000000s ]
INFO: [ app_end ] --END-- [ RunTime:0.000000s ]

[ 2017-10-01T20:01:48+08:00 ] ::1 /Manage/User
INFO: [ app_init ] --START--
INFO: Run Behavior\BuildLiteBehavior [ RunTime:0.000000s ]
INFO: [ app_init ] --END-- [ RunTime:0.000000s ]
INFO: [ app_begin ] --START--
INFO: Run Behavior\ReadHtmlCacheBehavior [ RunTime:0.000000s ]
INFO: [ app_begin ] --END-- [ RunTime:0.000000s ]
NOTIC: [8] Undefined offset: 0 E:\work\my\zhifu\pay\Common\Logic\BaseLogic.class.php 第 78 行.
NOTIC: [8] Undefined offset: 0 E:\work\my\zhifu\pay\Common\Logic\BaseLogic.class.php 第 78 行.
NOTIC: [8] Undefined index: username E:\work\my\zhifu\pay\Common\Logic\UserLogic.class.php 第 16 行.
NOTIC: [8] Undefined index: userid E:\work\my\zhifu\pay\Common\Logic\UserLogic.class.php 第 20 行.
NOTIC: [8] Undefined index: email E:\work\my\zhifu\pay\Common\Logic\UserLogic.class.php 第 24 行.
NOTIC: [8] Undefined index: phone E:\work\my\zhifu\pay\Common\Logic\UserLogic.class.php 第 28 行.
NOTIC: [8] Undefined index: agent E:\work\my\zhifu\pay\Common\Logic\UserLogic.class.php 第 32 行.
NOTIC: [8] Undefined index: ifagent E:\work\my\zhifu\pay\Common\Logic\UserLogic.class.php 第 36 行.
NOTIC: [8] Undefined index: status E:\work\my\zhifu\pay\Common\Logic\UserLogic.class.php 第 40 行.
NOTIC: [8] Undefined index: p E:\work\my\zhifu\pay\Common\Logic\UserLogic.class.php 第 50 行.
NOTIC: [8] Undefined index: phone E:\work\my\zhifu\pay\Common\Tool\ThisPage.class.php 第 63 行.
NOTIC: [8] Undefined offset: 2 E:\work\my\zhifu\pay\Common\Controller\DefaultController.class.php 第 192 行.
INFO: [ view_parse ] --START--
INFO: [ template_filter ] --START--
INFO: Run Behavior\ContentReplaceBehavior [ RunTime:0.000000s ]
INFO: [ template_filter ] --END-- [ RunTime:0.000000s ]
NOTIC: [2] Illegal string offset 'adminname' E:\work\my\zhifu\pay\Runtime\Cache\Manage\3bdad9718a080ed0223cfa9b3309b0b2.php 第 68 行.
NOTIC: [8] Undefined index: userid E:\work\my\zhifu\pay\Runtime\Cache\Manage\3bdad9718a080ed0223cfa9b3309b0b2.php 第 193 行.
NOTIC: [8] Undefined index: username E:\work\my\zhifu\pay\Runtime\Cache\Manage\3bdad9718a080ed0223cfa9b3309b0b2.php 第 196 行.
NOTIC: [8] Undefined index: phone E:\work\my\zhifu\pay\Runtime\Cache\Manage\3bdad9718a080ed0223cfa9b3309b0b2.php 第 199 行.
NOTIC: [8] Undefined index: email E:\work\my\zhifu\pay\Runtime\Cache\Manage\3bdad9718a080ed0223cfa9b3309b0b2.php 第 202 行.
NOTIC: [8] Undefined index: status E:\work\my\zhifu\pay\Runtime\Cache\Manage\3bdad9718a080ed0223cfa9b3309b0b2.php 第 207 行.
NOTIC: [8] Undefined index: status E:\work\my\zhifu\pay\Runtime\Cache\Manage\3bdad9718a080ed0223cfa9b3309b0b2.php 第 208 行.
NOTIC: [8] Undefined index: ifagent E:\work\my\zhifu\pay\Runtime\Cache\Manage\3bdad9718a080ed0223cfa9b3309b0b2.php 第 214 行.
NOTIC: [8] Undefined index: ifagent E:\work\my\zhifu\pay\Runtime\Cache\Manage\3bdad9718a080ed0223cfa9b3309b0b2.php 第 215 行.
NOTIC: [8] Undefined index: agent E:\work\my\zhifu\pay\Runtime\Cache\Manage\3bdad9718a080ed0223cfa9b3309b0b2.php 第 219 行.
NOTIC: [8] Undefined index: p E:\work\my\zhifu\pay\Runtime\Cache\Manage\3bdad9718a080ed0223cfa9b3309b0b2.php 第 259 行.
NOTIC: [8] Undefined index: p E:\work\my\zhifu\pay\Runtime\Cache\Manage\3bdad9718a080ed0223cfa9b3309b0b2.php 第 270 行.
NOTIC: [8] Undefined index: p E:\work\my\zhifu\pay\Runtime\Cache\Manage\3bdad9718a080ed0223cfa9b3309b0b2.php 第 271 行.
NOTIC: [8] Undefined index: p E:\work\my\zhifu\pay\Runtime\Cache\Manage\3bdad9718a080ed0223cfa9b3309b0b2.php 第 259 行.
NOTIC: [8] Undefined index: p E:\work\my\zhifu\pay\Runtime\Cache\Manage\3bdad9718a080ed0223cfa9b3309b0b2.php 第 270 行.
NOTIC: [8] Undefined index: p E:\work\my\zhifu\pay\Runtime\Cache\Manage\3bdad9718a080ed0223cfa9b3309b0b2.php 第 271 行.
INFO: Run Behavior\ParseTemplateBehavior [ RunTime:0.109200s ]
INFO: [ view_parse ] --END-- [ RunTime:0.109200s ]
INFO: [ view_filter ] --START--
INFO: Run Behavior\WriteHtmlCacheBehavior [ RunTime:0.000000s ]
INFO: [ view_filter ] --END-- [ RunTime:0.000000s ]
INFO: [ view_parse ] --START--
INFO: [ template_filter ] --START--
INFO: Run Behavior\ContentReplaceBehavior [ RunTime:0.000000s ]
INFO: [ template_filter ] --END-- [ RunTime:-0.031200s ]
NOTIC: [2] Illegal string offset 'adminname' E:\work\my\zhifu\pay\Runtime\Cache\Manage\3bdad9718a080ed0223cfa9b3309b0b2.php 第 68 行.
NOTIC: [8] Undefined index: userid E:\work\my\zhifu\pay\Runtime\Cache\Manage\3bdad9718a080ed0223cfa9b3309b0b2.php 第 193 行.
NOTIC: [8] Undefined index: username E:\work\my\zhifu\pay\Runtime\Cache\Manage\3bdad9718a080ed0223cfa9b3309b0b2.php 第 196 行.
NOTIC: [8] Undefined index: phone E:\work\my\zhifu\pay\Runtime\Cache\Manage\3bdad9718a080ed0223cfa9b3309b0b2.php 第 199 行.
NOTIC: [8] Undefined index: email E:\work\my\zhifu\pay\Runtime\Cache\Manage\3bdad9718a080ed0223cfa9b3309b0b2.php 第 202 行.
NOTIC: [8] Undefined index: status E:\work\my\zhifu\pay\Runtime\Cache\Manage\3bdad9718a080ed0223cfa9b3309b0b2.php 第 207 行.
NOTIC: [8] Undefined index: status E:\work\my\zhifu\pay\Runtime\Cache\Manage\3bdad9718a080ed0223cfa9b3309b0b2.php 第 208 行.
NOTIC: [8] Undefined index: ifagent E:\work\my\zhifu\pay\Runtime\Cache\Manage\3bdad9718a080ed0223cfa9b3309b0b2.php 第 214 行.
NOTIC: [8] Undefined index: ifagent E:\work\my\zhifu\pay\Runtime\Cache\Manage\3bdad9718a080ed0223cfa9b3309b0b2.php 第 215 行.
NOTIC: [8] Undefined index: agent E:\work\my\zhifu\pay\Runtime\Cache\Manage\3bdad9718a080ed0223cfa9b3309b0b2.php 第 219 行.
NOTIC: [8] Undefined index: p E:\work\my\zhifu\pay\Runtime\Cache\Manage\3bdad9718a080ed0223cfa9b3309b0b2.php 第 259 行.
NOTIC: [8] Undefined index: p E:\work\my\zhifu\pay\Runtime\Cache\Manage\3bdad9718a080ed0223cfa9b3309b0b2.php 第 270 行.
NOTIC: [8] Undefined index: p E:\work\my\zhifu\pay\Runtime\Cache\Manage\3bdad9718a080ed0223cfa9b3309b0b2.php 第 271 行.
NOTIC: [8] Undefined index: p E:\work\my\zhifu\pay\Runtime\Cache\Manage\3bdad9718a080ed0223cfa9b3309b0b2.php 第 259 行.
NOTIC: [8] Undefined index: p E:\work\my\zhifu\pay\Runtime\Cache\Manage\3bdad9718a080ed0223cfa9b3309b0b2.php 第 270 行.
NOTIC: [8] Undefined index: p E:\work\my\zhifu\pay\Runtime\Cache\Manage\3bdad9718a080ed0223cfa9b3309b0b2.php 第 271 行.
INFO: Run Behavior\ParseTemplateBehavior [ RunTime:0.031200s ]
INFO: [ view_parse ] --END-- [ RunTime:0.000000s ]
INFO: [ view_filter ] --START--
INFO: Run Behavior\WriteHtmlCacheBehavior [ RunTime:0.000000s ]
INFO: [ view_filter ] --END-- [ RunTime:-0.031200s ]
INFO: [ app_end ] --START--
INFO: Run Behavior\ShowPageTraceBehavior [ RunTime:0.000000s ]
INFO: [ app_end ] --END-- [ RunTime:0.000000s ]

[ 2017-10-01T20:01:48+08:00 ] ::1 /Manage.html
INFO: [ app_init ] --START--
INFO: Run Behavior\BuildLiteBehavior [ RunTime:0.000000s ]
INFO: [ app_init ] --END-- [ RunTime:0.000000s ]
INFO: [ app_begin ] --START--
INFO: Run Behavior\ReadHtmlCacheBehavior [ RunTime:0.000000s ]
INFO: [ app_begin ] --END-- [ RunTime:0.000000s ]
NOTIC: [8] Undefined offset: 0 E:\work\my\zhifu\pay\Common\Logic\BaseLogic.class.php 第 78 行.
NOTIC: [8] Undefined offset: 0 E:\work\my\zhifu\pay\Common\Logic\BaseLogic.class.php 第 78 行.
INFO: [ view_parse ] --START--
INFO: [ template_filter ] --START--
INFO: Run Behavior\ContentReplaceBehavior [ RunTime:0.000000s ]
INFO: [ template_filter ] --END-- [ RunTime:0.000000s ]
INFO: Run Behavior\ParseTemplateBehavior [ RunTime:0.031200s ]
INFO: [ view_parse ] --END-- [ RunTime:0.031200s ]
INFO: [ view_filter ] --START--
INFO: Run Behavior\WriteHtmlCacheBehavior [ RunTime:0.000000s ]
INFO: [ view_filter ] --END-- [ RunTime:0.000000s ]
INFO: [ app_end ] --START--
INFO: Run Behavior\ShowPageTraceBehavior [ RunTime:0.000000s ]
INFO: [ app_end ] --END-- [ RunTime:0.000000s ]

[ 2017-10-01T20:02:01+08:00 ] ::1 /Manage/Index/login.html
INFO: [ app_init ] --START--
INFO: Run Behavior\BuildLiteBehavior [ RunTime:0.000000s ]
INFO: [ app_init ] --END-- [ RunTime:0.000000s ]
INFO: [ app_begin ] --START--
INFO: Run Behavior\ReadHtmlCacheBehavior [ RunTime:0.015600s ]
INFO: [ app_begin ] --END-- [ RunTime:0.015600s ]
NOTIC: [8] Undefined offset: 0 E:\work\my\zhifu\pay\Common\Logic\BaseLogic.class.php 第 78 行.
NOTIC: [8] Undefined offset: 0 E:\work\my\zhifu\pay\Common\Logic\BaseLogic.class.php 第 78 行.
NOTIC: [8] Undefined offset: 0 E:\work\my\zhifu\pay\Common\Logic\BaseLogic.class.php 第 78 行.
NOTIC: [8] Undefined offset: 4 E:\work\my\zhifu\pay\Common\Controller\DefaultController.class.php 第 196 行.

[ 2017-10-01T20:02:06+08:00 ] ::1 /Manage/Main/index.html
INFO: [ app_init ] --START--
INFO: Run Behavior\BuildLiteBehavior [ RunTime:0.000000s ]
INFO: [ app_init ] --END-- [ RunTime:0.000000s ]
INFO: [ app_begin ] --START--
INFO: Run Behavior\ReadHtmlCacheBehavior [ RunTime:0.000000s ]
INFO: [ app_begin ] --END-- [ RunTime:0.000000s ]
NOTIC: [8] Undefined offset: 0 E:\work\my\zhifu\pay\Common\Logic\BaseLogic.class.php 第 78 行.
NOTIC: [8] Undefined offset: 0 E:\work\my\zhifu\pay\Common\Logic\BaseLogic.class.php 第 78 行.
NOTIC: [8] Undefined index: Status E:\work\my\zhifu\pay\Common\Logic\AdminLogic.class.php 第 255 行.
INFO: [ view_parse ] --START--
INFO: [ template_filter ] --START--
INFO: Run Behavior\ContentReplaceBehavior [ RunTime:0.000000s ]
INFO: [ template_filter ] --END-- [ RunTime:0.000000s ]
NOTIC: [2] mysql_get_server_info(): Access denied for user ''@'localhost' (using password: NO) E:\work\my\zhifu\pay\Runtime\Cache\Manage\f54cf85c1377664aff409b0880ba0877.php 第 205 行.
NOTIC: [2] mysql_get_server_info(): A link to the server could not be established E:\work\my\zhifu\pay\Runtime\Cache\Manage\f54cf85c1377664aff409b0880ba0877.php 第 205 行.
INFO: Run Behavior\ParseTemplateBehavior [ RunTime:1.092001s ]
INFO: [ view_parse ] --END-- [ RunTime:1.092001s ]
INFO: [ view_filter ] --START--
INFO: Run Behavior\WriteHtmlCacheBehavior [ RunTime:0.000000s ]
INFO: [ view_filter ] --END-- [ RunTime:0.000000s ]
INFO: [ app_end ] --START--
INFO: Run Behavior\ShowPageTraceBehavior [ RunTime:0.000000s ]
INFO: [ app_end ] --END-- [ RunTime:0.000000s ]

[ 2017-10-01T20:09:48+08:00 ] ::1 /Manage/Main/index.html
INFO: [ app_init ] --START--
INFO: Run Behavior\BuildLiteBehavior [ RunTime:0.000000s ]
INFO: [ app_init ] --END-- [ RunTime:0.000000s ]
INFO: [ app_begin ] --START--
INFO: Run Behavior\ReadHtmlCacheBehavior [ RunTime:0.015600s ]
INFO: [ app_begin ] --END-- [ RunTime:0.015600s ]
NOTIC: [8] Undefined offset: 0 E:\work\my\zhifu\pay\Common\Logic\BaseLogic.class.php 第 78 行.
NOTIC: [8] Undefined offset: 0 E:\work\my\zhifu\pay\Common\Logic\BaseLogic.class.php 第 78 行.
INFO: [ view_parse ] --START--
INFO: [ template_filter ] --START--
INFO: Run Behavior\ContentReplaceBehavior [ RunTime:0.000000s ]
INFO: [ template_filter ] --END-- [ RunTime:0.000000s ]
NOTIC: [2] Illegal string offset 'adminname' E:\work\my\zhifu\pay\Runtime\Cache\Manage\f54cf85c1377664aff409b0880ba0877.php 第 68 行.
NOTIC: [2] mysql_get_server_info(): Access denied for user ''@'localhost' (using password: NO) E:\work\my\zhifu\pay\Runtime\Cache\Manage\f54cf85c1377664aff409b0880ba0877.php 第 205 行.
NOTIC: [2] mysql_get_server_info(): A link to the server could not be established E:\work\my\zhifu\pay\Runtime\Cache\Manage\f54cf85c1377664aff409b0880ba0877.php 第 205 行.
INFO: Run Behavior\ParseTemplateBehavior [ RunTime:1.154402s ]
INFO: [ view_parse ] --END-- [ RunTime:1.154402s ]
INFO: [ view_filter ] --START--
INFO: Run Behavior\WriteHtmlCacheBehavior [ RunTime:0.000000s ]
INFO: [ view_filter ] --END-- [ RunTime:0.000000s ]
INFO: [ app_end ] --START--
INFO: Run Behavior\ShowPageTraceBehavior [ RunTime:0.000000s ]
INFO: [ app_end ] --END-- [ RunTime:0.000000s ]

[ 2017-10-01T20:09:49+08:00 ] ::1 /Manage.html
INFO: [ app_init ] --START--
INFO: Run Behavior\BuildLiteBehavior [ RunTime:0.000000s ]
INFO: [ app_init ] --END-- [ RunTime:0.000000s ]
INFO: [ app_begin ] --START--
INFO: Run Behavior\ReadHtmlCacheBehavior [ RunTime:0.000000s ]
INFO: [ app_begin ] --END-- [ RunTime:0.000000s ]
NOTIC: [8] Undefined offset: 0 E:\work\my\zhifu\pay\Common\Logic\BaseLogic.class.php 第 78 行.
NOTIC: [8] Undefined offset: 0 E:\work\my\zhifu\pay\Common\Logic\BaseLogic.class.php 第 78 行.
INFO: [ view_parse ] --START--
INFO: [ template_filter ] --START--
INFO: Run Behavior\ContentReplaceBehavior [ RunTime:0.000000s ]
INFO: [ template_filter ] --END-- [ RunTime:0.000000s ]
INFO: Run Behavior\ParseTemplateBehavior [ RunTime:0.031200s ]
INFO: [ view_parse ] --END-- [ RunTime:0.031200s ]
INFO: [ view_filter ] --START--
INFO: Run Behavior\WriteHtmlCacheBehavior [ RunTime:0.000000s ]
INFO: [ view_filter ] --END-- [ RunTime:0.000000s ]
INFO: [ app_end ] --START--
INFO: Run Behavior\ShowPageTraceBehavior [ RunTime:0.000000s ]
INFO: [ app_end ] --END-- [ RunTime:0.000000s ]

[ 2017-10-01T20:09:55+08:00 ] ::1 /Manage/Index/login.html
INFO: [ app_init ] --START--
INFO: Run Behavior\BuildLiteBehavior [ RunTime:0.015600s ]
INFO: [ app_init ] --END-- [ RunTime:0.015600s ]
INFO: [ app_begin ] --START--
INFO: Run Behavior\ReadHtmlCacheBehavior [ RunTime:0.000000s ]
INFO: [ app_begin ] --END-- [ RunTime:0.000000s ]
NOTIC: [8] Undefined offset: 0 E:\work\my\zhifu\pay\Common\Logic\BaseLogic.class.php 第 78 行.
NOTIC: [8] Undefined offset: 0 E:\work\my\zhifu\pay\Common\Logic\BaseLogic.class.php 第 78 行.
NOTIC: [8] Undefined offset: 0 E:\work\my\zhifu\pay\Common\Logic\BaseLogic.class.php 第 78 行.
NOTIC: [8] Undefined offset: 4 E:\work\my\zhifu\pay\Common\Controller\DefaultController.class.php 第 196 行.

[ 2017-10-01T20:09:59+08:00 ] ::1 /Manage/Main/index.html
INFO: [ app_init ] --START--
INFO: Run Behavior\BuildLiteBehavior [ RunTime:0.000000s ]
INFO: [ app_init ] --END-- [ RunTime:0.000000s ]
INFO: [ app_begin ] --START--
INFO: Run Behavior\ReadHtmlCacheBehavior [ RunTime:0.000000s ]
INFO: [ app_begin ] --END-- [ RunTime:0.000000s ]
NOTIC: [8] Undefined offset: 0 E:\work\my\zhifu\pay\Common\Logic\BaseLogic.class.php 第 78 行.
NOTIC: [8] Undefined offset: 0 E:\work\my\zhifu\pay\Common\Logic\BaseLogic.class.php 第 78 行.
NOTIC: [8] Undefined index: Status E:\work\my\zhifu\pay\Common\Logic\AdminLogic.class.php 第 255 行.
INFO: [ view_parse ] --START--
INFO: [ template_filter ] --START--
INFO: Run Behavior\ContentReplaceBehavior [ RunTime:0.000000s ]
INFO: [ template_filter ] --END-- [ RunTime:0.000000s ]
NOTIC: [2] mysql_get_server_info(): Access denied for user ''@'localhost' (using password: NO) E:\work\my\zhifu\pay\Runtime\Cache\Manage\f54cf85c1377664aff409b0880ba0877.php 第 205 行.
NOTIC: [2] mysql_get_server_info(): A link to the server could not be established E:\work\my\zhifu\pay\Runtime\Cache\Manage\f54cf85c1377664aff409b0880ba0877.php 第 205 行.
INFO: Run Behavior\ParseTemplateBehavior [ RunTime:1.107602s ]
INFO: [ view_parse ] --END-- [ RunTime:1.107602s ]
INFO: [ view_filter ] --START--
INFO: Run Behavior\WriteHtmlCacheBehavior [ RunTime:0.000000s ]
INFO: [ view_filter ] --END-- [ RunTime:0.000000s ]
INFO: [ app_end ] --START--
INFO: Run Behavior\ShowPageTraceBehavior [ RunTime:0.015600s ]
INFO: [ app_end ] --END-- [ RunTime:0.015600s ]

