[ 2017-10-30T17:24:47+08:00 ] ::1 /Manage/Api/check.html
INFO: [ app_init ] --START--
INFO: Run Behavior\BuildLiteBehavior [ RunTime:0.000000s ]
INFO: [ app_init ] --END-- [ RunTime:0.015600s ]
INFO: [ app_begin ] --START--
INFO: Run Behavior\ReadHtmlCacheBehavior [ RunTime:0.000000s ]
INFO: [ app_begin ] --END-- [ RunTime:0.000000s ]
NOTIC: [8] Undefined offset: 0 E:\work\my\zhifu\mid\pay\Common\Logic\BaseLogic.class.php 第 84 行.
NOTIC: [8] Undefined offset: 0 E:\work\my\zhifu\mid\pay\Common\Logic\BaseLogic.class.php 第 84 行.
NOTIC: [8] Undefined index: Status E:\work\my\zhifu\mid\pay\Common\Logic\AdminLogic.class.php 第 261 行.

[ 2017-10-30T17:24:51+08:00 ] ::1 /Manage/
INFO: [ app_init ] --START--
INFO: Run Behavior\BuildLiteBehavior [ RunTime:0.000000s ]
INFO: [ app_init ] --END-- [ RunTime:0.002000s ]
INFO: [ app_begin ] --START--
INFO: Run Behavior\ReadHtmlCacheBehavior [ RunTime:0.003000s ]
INFO: [ app_begin ] --END-- [ RunTime:0.003000s ]
NOTIC: [8] Undefined offset: 0 E:\work\my\zhifu\mid\pay\Common\Logic\BaseLogic.class.php 第 84 行.
NOTIC: [8] Undefined offset: 0 E:\work\my\zhifu\mid\pay\Common\Logic\BaseLogic.class.php 第 84 行.
NOTIC: [8] Undefined index: Status E:\work\my\zhifu\mid\pay\Common\Logic\AdminLogic.class.php 第 261 行.
INFO: [ view_parse ] --START--
INFO: [ template_filter ] --START--
INFO: Run Behavior\ContentReplaceBehavior [ RunTime:0.000000s ]
INFO: [ template_filter ] --END-- [ RunTime:0.000000s ]
INFO: Run Behavior\ParseTemplateBehavior [ RunTime:0.033200s ]
INFO: [ view_parse ] --END-- [ RunTime:0.033200s ]
INFO: [ view_filter ] --START--
INFO: Run Behavior\WriteHtmlCacheBehavior [ RunTime:0.000000s ]
INFO: [ view_filter ] --END-- [ RunTime:0.000000s ]
INFO: [ app_end ] --START--
INFO: Run Behavior\ShowPageTraceBehavior [ RunTime:0.015600s ]
INFO: [ app_end ] --END-- [ RunTime:0.015600s ]

[ 2017-10-30T17:24:55+08:00 ] ::1 /Manage/Index/login.html
INFO: [ app_init ] --START--
INFO: Run Behavior\BuildLiteBehavior [ RunTime:0.000000s ]
INFO: [ app_init ] --END-- [ RunTime:0.004001s ]
INFO: [ app_begin ] --START--
INFO: Run Behavior\ReadHtmlCacheBehavior [ RunTime:0.008001s ]
INFO: [ app_begin ] --END-- [ RunTime:0.008001s ]
NOTIC: [8] Undefined offset: 0 E:\work\my\zhifu\mid\pay\Common\Logic\BaseLogic.class.php 第 84 行.
NOTIC: [8] Undefined offset: 0 E:\work\my\zhifu\mid\pay\Common\Logic\BaseLogic.class.php 第 84 行.
NOTIC: [8] Undefined index: Status E:\work\my\zhifu\mid\pay\Common\Logic\AdminLogic.class.php 第 261 行.
NOTIC: [8] Undefined offset: 0 E:\work\my\zhifu\mid\pay\Common\Logic\BaseLogic.class.php 第 84 行.
NOTIC: [8] Undefined offset: 4 E:\work\my\zhifu\mid\pay\Common\Controller\DefaultController.class.php 第 203 行.

[ 2017-10-30T17:25:00+08:00 ] ::1 /Manage/Main/index.html
INFO: [ app_init ] --START--
INFO: Run Behavior\BuildLiteBehavior [ RunTime:0.000000s ]
INFO: [ app_init ] --END-- [ RunTime:0.000000s ]
INFO: [ app_begin ] --START--
INFO: Run Behavior\ReadHtmlCacheBehavior [ RunTime:0.000000s ]
INFO: [ app_begin ] --END-- [ RunTime:0.000000s ]
NOTIC: [8] Undefined offset: 0 E:\work\my\zhifu\mid\pay\Common\Logic\BaseLogic.class.php 第 84 行.
NOTIC: [8] Undefined offset: 0 E:\work\my\zhifu\mid\pay\Common\Logic\BaseLogic.class.php 第 84 行.
NOTIC: [8] Undefined index: Status E:\work\my\zhifu\mid\pay\Common\Logic\AdminLogic.class.php 第 261 行.
NOTIC: [2] mysql_get_server_info(): Access denied for user ''@'localhost' (using password: NO) E:\work\my\zhifu\mid\pay\Manage\Controller\MainController.class.php 第 20 行.
NOTIC: [2] mysql_get_server_info(): A link to the server could not be established E:\work\my\zhifu\mid\pay\Manage\Controller\MainController.class.php 第 20 行.
INFO: [ view_parse ] --START--
INFO: [ template_filter ] --START--
INFO: Run Behavior\ContentReplaceBehavior [ RunTime:0.000000s ]
INFO: [ template_filter ] --END-- [ RunTime:0.000000s ]
INFO: Run Behavior\ParseTemplateBehavior [ RunTime:0.057800s ]
INFO: [ view_parse ] --END-- [ RunTime:0.057800s ]
INFO: [ view_filter ] --START--
INFO: Run Behavior\WriteHtmlCacheBehavior [ RunTime:0.000000s ]
INFO: [ view_filter ] --END-- [ RunTime:0.000000s ]
INFO: [ app_end ] --START--
INFO: Run Behavior\ShowPageTraceBehavior [ RunTime:0.000000s ]
INFO: [ app_end ] --END-- [ RunTime:0.000000s ]

